Using pre-set license
Built from '2021.2/staging' branch; Version is '2021.2.7f1 (6bd9e232123f) revision 7068130'; Using compiler version '192829333'; Build Type 'Release'
OS: 'Windows 10  (10.0.19042) 64bit Professional' Language: 'en' Physical Memory: 16299 MB
BatchMode: 1, IsHumanControllingUs: 0, StartBugReporterOnCrash: 0, Is64bit: 1, IsPro: 0

COMMAND LINE ARGUMENTS:
C:\Program Files\Unity\Hub\Editor\2021.2.7f1\Editor\Unity.exe
-adb2
-batchMode
-noUpm
-name
AssetImportWorker2
-projectPath
C:/Users/zeta/OneDrive/Documents/GitHub/Eyedylic/Eyedylic Prototype
-logFile
Logs/AssetImportWorker2.log
-srvPort
55719
Successfully changed project path to: C:/Users/zeta/OneDrive/Documents/GitHub/Eyedylic/Eyedylic Prototype
C:/Users/zeta/OneDrive/Documents/GitHub/Eyedylic/Eyedylic Prototype
[UnityMemory] Configuration Parameters - Can be set up in boot.config
    "memorysetup-bucket-allocator-granularity=16"
    "memorysetup-bucket-allocator-bucket-count=8"
    "memorysetup-bucket-allocator-block-size=33554432"
    "memorysetup-bucket-allocator-block-count=8"
    "memorysetup-main-allocator-block-size=16777216"
    "memorysetup-thread-allocator-block-size=16777216"
    "memorysetup-gfx-main-allocator-block-size=16777216"
    "memorysetup-gfx-thread-allocator-block-size=16777216"
    "memorysetup-cache-allocator-block-size=4194304"
    "memorysetup-typetree-allocator-block-size=2097152"
    "memorysetup-profiler-bucket-allocator-granularity=16"
    "memorysetup-profiler-bucket-allocator-bucket-count=8"
    "memorysetup-profiler-bucket-allocator-block-size=33554432"
    "memorysetup-profiler-bucket-allocator-block-count=8"
    "memorysetup-profiler-allocator-block-size=16777216"
    "memorysetup-profiler-editor-allocator-block-size=1048576"
    "memorysetup-temp-allocator-size-main=16777216"
    "memorysetup-job-temp-allocator-block-size=2097152"
    "memorysetup-job-temp-allocator-block-size-background=1048576"
    "memorysetup-job-temp-allocator-reduction-small-platforms=262144"
    "memorysetup-temp-allocator-size-background-worker=32768"
    "memorysetup-temp-allocator-size-job-worker=262144"
    "memorysetup-temp-allocator-size-preload-manager=33554432"
    "memorysetup-temp-allocator-size-nav-mesh-worker=65536"
    "memorysetup-temp-allocator-size-audio-worker=65536"
    "memorysetup-temp-allocator-size-cloud-worker=32768"
    "memorysetup-temp-allocator-size-gi-baking-worker=262144"
    "memorysetup-temp-allocator-size-gfx=262144"
Refreshing native plugins compatible for Editor in 121.50 ms, found 12 plugins.
Preloading 1 native plugins for Editor in 0.95 ms.
Initialize engine version: 2021.2.7f1 (6bd9e232123f)
[Subsystems] Discovering subsystems at path C:/Program Files/Unity/Hub/Editor/2021.2.7f1/Editor/Data/Resources/UnitySubsystems
[Subsystems] Discovering subsystems at path C:/Users/zeta/OneDrive/Documents/GitHub/Eyedylic/Eyedylic Prototype/Assets
GfxDevice: creating device client; threaded=0; jobified=0
Direct3D:
    Version:  Direct3D 11.0 [level 11.1]
    Renderer: NVIDIA GeForce RTX 3060 Ti (ID=0x2486)
    Vendor:   NVIDIA
    VRAM:     8050 MB
    Driver:   27.21.14.6089
Shader 'Oculus/OVRMRCameraFrameLit': fallback shader 'Alpha-Diffuse' not found
Initialize mono
Mono path[0] = 'C:/Program Files/Unity/Hub/Editor/2021.2.7f1/Editor/Data/Managed'
Mono path[1] = 'C:/Program Files/Unity/Hub/Editor/2021.2.7f1/Editor/Data/MonoBleedingEdge/lib/mono/unityjit-win32'
Mono config path = 'C:/Program Files/Unity/Hub/Editor/2021.2.7f1/Editor/Data/MonoBleedingEdge/etc'
Using monoOptions --debugger-agent=transport=dt_socket,embedding=1,server=y,suspend=n,address=127.0.0.1:56832
Begin MonoManager ReloadAssembly
Registering precompiled unity dll's ...
Register platform support module: C:/Program Files/Unity/Hub/Editor/2021.2.7f1/Editor/Data/PlaybackEngines/WindowsStandaloneSupport/UnityEditor.WindowsStandalone.Extensions.dll
Registered in 0.006418 seconds.
Native extension for WindowsStandalone target not found
Refreshing native plugins compatible for Editor in 107.54 ms, found 12 plugins.
Preloading 1 native plugins for Editor in 0.06 ms.
Mono: successfully reloaded assembly
- Completed reload, in  0.665 seconds
Domain Reload Profiling:
	ReloadAssembly (666ms)
		BeginReloadAssembly (83ms)
			ExecutionOrderSort (0ms)
			DisableScriptedObjects (0ms)
			BackupInstance (0ms)
			ReleaseScriptingObjects (0ms)
			CreateAndSetChildDomain (1ms)
		EndReloadAssembly (499ms)
			LoadAssemblies (80ms)
			RebuildTransferFunctionScriptingTraits (0ms)
			SetupTypeCache (115ms)
			ReleaseScriptCaches (0ms)
			RebuildScriptCaches (29ms)
			SetupLoadedEditorAssemblies (300ms)
				LogAssemblyErrors (0ms)
				InitializePlatformSupportModulesInManaged (15ms)
				SetLoadedEditorAssemblies (0ms)
				RefreshPlugins (108ms)
				BeforeProcessingInitializeOnLoad (1ms)
				ProcessInitializeOnLoadAttributes (125ms)
				ProcessInitializeOnLoadMethodAttributes (51ms)
				AfterProcessingInitializeOnLoad (0ms)
				EditorAssembliesLoaded (0ms)
			ExecutionOrderSort2 (0ms)
			AwakeInstancesAfterBackupRestoration (0ms)
Platform modules already initialized, skipping
Registering precompiled user dll's ...
Registered in 0.011486 seconds.
Begin MonoManager ReloadAssembly
Symbol file LoadedFromMemory doesn't match image C:\Users\zeta\OneDrive\Documents\GitHub\Eyedylic\Eyedylic Prototype\Library\PackageCache\com.unity.visualscripting@1.7.6\Editor\VisualScripting.Core\Dependencies\DotNetZip\Unity.VisualScripting.IonicZip.dll
Symbol file LoadedFromMemory doesn't match image C:\Users\zeta\OneDrive\Documents\GitHub\Eyedylic\Eyedylic Prototype\Library\PackageCache\com.unity.visualscripting@1.7.6\Editor\VisualScripting.Core\Dependencies\YamlDotNet\Unity.VisualScripting.YamlDotNet.dll
Native extension for WindowsStandalone target not found
Refreshing native plugins compatible for Editor in 118.17 ms, found 12 plugins.
Preloading 1 native plugins for Editor in 0.11 ms.
Package Manager log level set to [2]
[XR] OculusXRPlugin: registering subsystems
[XR] Unable to register display lifecyle provider: [1]
[XR] Oculus Input lifecycle provider registered.
[XR] Unable to register input lifecyle provider: [1]
[XR] OVRP version 1.67.0
Mono: successfully reloaded assembly
- Completed reload, in  1.420 seconds
Domain Reload Profiling:
	ReloadAssembly (1421ms)
		BeginReloadAssembly (109ms)
			ExecutionOrderSort (0ms)
			DisableScriptedObjects (7ms)
			BackupInstance (0ms)
			ReleaseScriptingObjects (0ms)
			CreateAndSetChildDomain (17ms)
		EndReloadAssembly (1208ms)
			LoadAssemblies (82ms)
			RebuildTransferFunctionScriptingTraits (0ms)
			SetupTypeCache (302ms)
			ReleaseScriptCaches (1ms)
			RebuildScriptCaches (79ms)
			SetupLoadedEditorAssemblies (670ms)
				LogAssemblyErrors (0ms)
				InitializePlatformSupportModulesInManaged (16ms)
				SetLoadedEditorAssemblies (0ms)
				RefreshPlugins (118ms)
				BeforeProcessingInitializeOnLoad (123ms)
				ProcessInitializeOnLoadAttributes (367ms)
				ProcessInitializeOnLoadMethodAttributes (39ms)
				AfterProcessingInitializeOnLoad (7ms)
				EditorAssembliesLoaded (0ms)
			ExecutionOrderSort2 (0ms)
			AwakeInstancesAfterBackupRestoration (9ms)
Platform modules already initialized, skipping
========================================================================
Worker process is ready to serve import requests
Shader 'Oculus/OVRMRCameraFrameLit': fallback shader 'Alpha-Diffuse' not found
Launched and connected shader compiler UnityShaderCompiler.exe after 0.07 seconds
Refreshing native plugins compatible for Editor in 3.68 ms, found 12 plugins.
Preloading 1 native plugins for Editor in 0.17 ms.
Unloading 4491 Unused Serialized files (Serialized files now loaded: 0)
Unloading 73 unused Assets / (0.6 MB). Loaded Objects now: 4915.
Memory consumption went from 171.5 MB to 171.0 MB.
Total: 5.449400 ms (FindLiveObjects: 0.450700 ms CreateObjectMapping: 0.428700 ms MarkObjects: 4.180300 ms  DeleteObjects: 0.388000 ms)

AssetImportParameters requested are different than current active one (requested -> active):
  custom:video-decoder-ogg-theora: a1e56fd34408186e4bbccfd4996cb3dc -> 
  custom:container-muxer-webm: aa71ff27fc2769a1b78a27578f13a17b -> 
  custom:container-demuxer-webm: 4f35f7cbe854078d1ac9338744f61a02 -> 
  custom:video-encoder-webm-vp8: eb34c28f22e8b96e1ab97ce403110664 -> 
  custom:audio-encoder-webm-vorbis: bf7c407c2cedff20999df2af8eb42d56 -> 
  custom:framework-win-MediaFoundation: 216162199b28c13a410421893ffa2e32 -> 
  custom:container-demuxer-ogg: 62fdf1f143b41e24485cea50d1cbac27 -> 
  custom:video-decoder-webm-vp8: 9c59270c3fd7afecdb556c50c9e8de78 -> 
  custom:audio-decoder-ogg-vorbis: bf7c407c2cedff20999df2af8eb42d56 -> 
========================================================================
Received Import Request.
  Time since last request: 1390963.125578 seconds.
  path: Assets/House/_Creepy_Cat/_Modern_Interior_Kit_Vol_1/Meshes/Child_Cube_Y.FBX
  artifactKey: Guid(c7f89c5f546d26044b41e0d7d1376b8d) Importer(815301076,1909f56bfc062723c751e8b465ee728b)
Start importing Assets/House/_Creepy_Cat/_Modern_Interior_Kit_Vol_1/Meshes/Child_Cube_Y.FBX using Guid(c7f89c5f546d26044b41e0d7d1376b8d) Importer(815301076,1909f56bfc062723c751e8b465ee728b)  -> (artifact id: '19c4b30b340e535ee18b87b326a57c14') in 0.250385 seconds 
========================================================================
Received Import Request.
  Time since last request: 0.000031 seconds.
  path: Assets/House/_Creepy_Cat/_Modern_Interior_Kit_Vol_1/Meshes/Clock_Wall_01.FBX
  artifactKey: Guid(71c24e57b3e4b0f468b346f5616d8bcb) Importer(815301076,1909f56bfc062723c751e8b465ee728b)
Start importing Assets/House/_Creepy_Cat/_Modern_Interior_Kit_Vol_1/Meshes/Clock_Wall_01.FBX using Guid(71c24e57b3e4b0f468b346f5616d8bcb) Importer(815301076,1909f56bfc062723c751e8b465ee728b)  -> (artifact id: 'c7203edbb5d358ca2df7f87a89a09b31') in 0.149627 seconds 
========================================================================
Received Import Request.
  Time since last request: 0.000070 seconds.
  path: Assets/House/_Creepy_Cat/_Modern_Interior_Kit_Vol_1/Meshes/Column_Line_05.FBX
  artifactKey: Guid(2dcb20214699194448a26683fda7201f) Importer(815301076,1909f56bfc062723c751e8b465ee728b)
Start importing Assets/House/_Creepy_Cat/_Modern_Interior_Kit_Vol_1/Meshes/Column_Line_05.FBX using Guid(2dcb20214699194448a26683fda7201f) Importer(815301076,1909f56bfc062723c751e8b465ee728b)  -> (artifact id: 'bc3a1fc5cc5d4b47c491db1277bcabd6') in 0.107210 seconds 
========================================================================
Received Import Request.
  Time since last request: 1.060744 seconds.
  path: Assets/XR/Settings/Open XR Package Settings.asset
  artifactKey: Guid(1976952063c8a1c4694206621748403a) Importer(815301076,1909f56bfc062723c751e8b465ee728b)
Start importing Assets/XR/Settings/Open XR Package Settings.asset using Guid(1976952063c8a1c4694206621748403a) Importer(815301076,1909f56bfc062723c751e8b465ee728b)  -> (artifact id: '669d4ad229267c4acf686e92d891ccbb') in 0.020297 seconds 
========================================================================
Received Import Request.
  Time since last request: 2.870240 seconds.
  path: Assets/House/_Creepy_Cat/_Modern_Interior_Kit_Vol_1/Meshes/Electric_Plug_01.FBX
  artifactKey: Guid(3f226a1127afb0d489fc18f970604243) Importer(815301076,1909f56bfc062723c751e8b465ee728b)
Start importing Assets/House/_Creepy_Cat/_Modern_Interior_Kit_Vol_1/Meshes/Electric_Plug_01.FBX using Guid(3f226a1127afb0d489fc18f970604243) Importer(815301076,1909f56bfc062723c751e8b465ee728b)  -> (artifact id: 'c41d2733e6e5ce1bcb89a6646a439b7e') in 0.053928 seconds 
========================================================================
Received Import Request.
  Time since last request: 0.000021 seconds.
  path: Assets/House/_Creepy_Cat/_Modern_Interior_Kit_Vol_1/Meshes/Flower_04.FBX
  artifactKey: Guid(97980d7a6e47a4cf18ebd4c690e19f46) Importer(815301076,1909f56bfc062723c751e8b465ee728b)
Start importing Assets/House/_Creepy_Cat/_Modern_Interior_Kit_Vol_1/Meshes/Flower_04.FBX using Guid(97980d7a6e47a4cf18ebd4c690e19f46) Importer(815301076,1909f56bfc062723c751e8b465ee728b)  -> (artifact id: 'd63d2bce2fd4fcebed48844060a0900c') in 0.050131 seconds 
========================================================================
Received Import Request.
  Time since last request: 0.000022 seconds.
  path: Assets/House/_Creepy_Cat/_Modern_Interior_Kit_Vol_1/Meshes/Ivy_Line_02.FBX
  artifactKey: Guid(d5c376ba03000429491b93a9bc68cf8d) Importer(815301076,1909f56bfc062723c751e8b465ee728b)
Start importing Assets/House/_Creepy_Cat/_Modern_Interior_Kit_Vol_1/Meshes/Ivy_Line_02.FBX using Guid(d5c376ba03000429491b93a9bc68cf8d) Importer(815301076,1909f56bfc062723c751e8b465ee728b)  -> (artifact id: 'b7503f02dcdee383e268c0a0d7264990') in 0.040736 seconds 
========================================================================
Received Import Request.
  Time since last request: 0.000028 seconds.
  path: Assets/House/_Creepy_Cat/_Modern_Interior_Kit_Vol_1/Meshes/Fork_01.FBX
  artifactKey: Guid(3b7c197dd36733643af9b9d97c2c279b) Importer(815301076,1909f56bfc062723c751e8b465ee728b)
Start importing Assets/House/_Creepy_Cat/_Modern_Interior_Kit_Vol_1/Meshes/Fork_01.FBX using Guid(3b7c197dd36733643af9b9d97c2c279b) Importer(815301076,1909f56bfc062723c751e8b465ee728b)  -> (artifact id: 'adb0c2d1bbc7005125aae16d2b5b7f14') in 0.039633 seconds 
========================================================================
Received Import Request.
  Time since last request: 0.000034 seconds.
  path: Assets/House/_Creepy_Cat/_Modern_Interior_Kit_Vol_1/Meshes/Kitchen_Drawer_05.FBX
  artifactKey: Guid(e83453face548584f91f74d704372511) Importer(815301076,1909f56bfc062723c751e8b465ee728b)
Start importing Assets/House/_Creepy_Cat/_Modern_Interior_Kit_Vol_1/Meshes/Kitchen_Drawer_05.FBX using Guid(e83453face548584f91f74d704372511) Importer(815301076,1909f56bfc062723c751e8b465ee728b)  -> (artifact id: '7a70b814dab7e02081d259e828b9dba4') in 0.082215 seconds 
========================================================================
Received Import Request.
  Time since last request: 0.000030 seconds.
  path: Assets/House/_Creepy_Cat/_Modern_Interior_Kit_Vol_1/Meshes/Fern_01.FBX
  artifactKey: Guid(4833351e0f711429c86d477efb14edae) Importer(815301076,1909f56bfc062723c751e8b465ee728b)
Start importing Assets/House/_Creepy_Cat/_Modern_Interior_Kit_Vol_1/Meshes/Fern_01.FBX using Guid(4833351e0f711429c86d477efb14edae) Importer(815301076,1909f56bfc062723c751e8b465ee728b)  -> (artifact id: 'd175a27726f2eca7b5a136a46cd8dd9f') in 0.041907 seconds 
========================================================================
Received Import Request.
  Time since last request: 0.000023 seconds.
  path: Assets/House/_Creepy_Cat/_Modern_Interior_Kit_Vol_1/Meshes/Flower_02.FBX
  artifactKey: Guid(6c9e32c64f90e4199927fc24ad266a14) Importer(815301076,1909f56bfc062723c751e8b465ee728b)
Start importing Assets/House/_Creepy_Cat/_Modern_Interior_Kit_Vol_1/Meshes/Flower_02.FBX using Guid(6c9e32c64f90e4199927fc24ad266a14) Importer(815301076,1909f56bfc062723c751e8b465ee728b)  -> (artifact id: 'd70ea7fb1992e9b38302ac7170e6ae37') in 0.042225 seconds 
========================================================================
Received Import Request.
  Time since last request: 0.000048 seconds.
  path: Assets/House/_Creepy_Cat/_Modern_Interior_Kit_Vol_1/Meshes/Plant_04.FBX
  artifactKey: Guid(6a044b9052c514dae91c58a4799fd217) Importer(815301076,1909f56bfc062723c751e8b465ee728b)
Start importing Assets/House/_Creepy_Cat/_Modern_Interior_Kit_Vol_1/Meshes/Plant_04.FBX using Guid(6a044b9052c514dae91c58a4799fd217) Importer(815301076,1909f56bfc062723c751e8b465ee728b)  -> (artifact id: '7298589ba860d48ab883e3aa6dc6b184') in 0.038497 seconds 
========================================================================
Received Import Request.
  Time since last request: 0.000019 seconds.
  path: Assets/House/_Creepy_Cat/_Modern_Interior_Kit_Vol_1/Meshes/Wall_Ext_Door_01.FBX
  artifactKey: Guid(c7157adbfdfcf104d95f44d05ff0ef84) Importer(815301076,1909f56bfc062723c751e8b465ee728b)
Start importing Assets/House/_Creepy_Cat/_Modern_Interior_Kit_Vol_1/Meshes/Wall_Ext_Door_01.FBX using Guid(c7157adbfdfcf104d95f44d05ff0ef84) Importer(815301076,1909f56bfc062723c751e8b465ee728b)  -> (artifact id: '448493015bed28fe82f6072b022d6976') in 0.127324 seconds 
========================================================================
Received Import Request.
  Time since last request: 0.000046 seconds.
  path: Assets/House/_Creepy_Cat/_Modern_Interior_Kit_Vol_1/Meshes/Table_Child_01.FBX
  artifactKey: Guid(b82727afa9331f244b38d15cd75ce711) Importer(815301076,1909f56bfc062723c751e8b465ee728b)
Start importing Assets/House/_Creepy_Cat/_Modern_Interior_Kit_Vol_1/Meshes/Table_Child_01.FBX using Guid(b82727afa9331f244b38d15cd75ce711) Importer(815301076,1909f56bfc062723c751e8b465ee728b)  -> (artifact id: 'a021fe7c1271ccd912843038f6810bd3') in 0.072593 seconds 
========================================================================
Received Import Request.
  Time since last request: 0.000140 seconds.
  path: Assets/House/_Creepy_Cat/_Modern_Interior_Kit_Vol_1/Meshes/Plate_01.FBX
  artifactKey: Guid(a2299b030f71ff54d894b849feb8ce07) Importer(815301076,1909f56bfc062723c751e8b465ee728b)
Start importing Assets/House/_Creepy_Cat/_Modern_Interior_Kit_Vol_1/Meshes/Plate_01.FBX using Guid(a2299b030f71ff54d894b849feb8ce07) Importer(815301076,1909f56bfc062723c751e8b465ee728b)  -> (artifact id: '8b5c4c82115223db51070e02bc025def') in 0.057071 seconds 
========================================================================
Received Import Request.
  Time since last request: 0.000025 seconds.
  path: Assets/House/_Creepy_Cat/_Modern_Interior_Kit_Vol_1/Meshes/Star_Luminous_01.FBX
  artifactKey: Guid(0904e70ec981f894bb5333bf970bf814) Importer(815301076,1909f56bfc062723c751e8b465ee728b)
Start importing Assets/House/_Creepy_Cat/_Modern_Interior_Kit_Vol_1/Meshes/Star_Luminous_01.FBX using Guid(0904e70ec981f894bb5333bf970bf814) Importer(815301076,1909f56bfc062723c751e8b465ee728b)  -> (artifact id: 'b4c7fe0a85bc23680c63df8bbc1ef440') in 0.040473 seconds 
========================================================================
Received Import Request.
  Time since last request: 0.000036 seconds.
  path: Assets/House/_Creepy_Cat/_Modern_Interior_Kit_Vol_1/Meshes/Stair_01.FBX
  artifactKey: Guid(9f9cf171c6b4f3443bdeb28d181e37fa) Importer(815301076,1909f56bfc062723c751e8b465ee728b)
Start importing Assets/House/_Creepy_Cat/_Modern_Interior_Kit_Vol_1/Meshes/Stair_01.FBX using Guid(9f9cf171c6b4f3443bdeb28d181e37fa) Importer(815301076,1909f56bfc062723c751e8b465ee728b)  -> (artifact id: '6dd13392cab1837e551d27cdc11d55b5') in 0.105594 seconds 
========================================================================
Received Import Request.
  Time since last request: 0.000034 seconds.
  path: Assets/House/_Creepy_Cat/_Modern_Interior_Kit_Vol_1/Meshes/Vase_01.FBX
  artifactKey: Guid(101c76ec10c636245ada09fa7995185d) Importer(815301076,1909f56bfc062723c751e8b465ee728b)
Start importing Assets/House/_Creepy_Cat/_Modern_Interior_Kit_Vol_1/Meshes/Vase_01.FBX using Guid(101c76ec10c636245ada09fa7995185d) Importer(815301076,1909f56bfc062723c751e8b465ee728b)  -> (artifact id: '07f338e3e44feceee080fbf639ea56bd') in 0.051317 seconds 
========================================================================
Received Import Request.
  Time since last request: 0.000070 seconds.
  path: Assets/House/_Creepy_Cat/_Modern_Interior_Kit_Vol_1/Meshes/Flower_03.FBX
  artifactKey: Guid(db1cf58da78c84302b7ead8643b2cf4d) Importer(815301076,1909f56bfc062723c751e8b465ee728b)
Start importing Assets/House/_Creepy_Cat/_Modern_Interior_Kit_Vol_1/Meshes/Flower_03.FBX using Guid(db1cf58da78c84302b7ead8643b2cf4d) Importer(815301076,1909f56bfc062723c751e8b465ee728b)  -> (artifact id: '93cbb28742a3a4d305798707ee02dc4d') in 0.036369 seconds 
========================================================================
Received Import Request.
  Time since last request: 0.000024 seconds.
  path: Assets/House/_Creepy_Cat/_Modern_Interior_Kit_Vol_1/Meshes/Pan_01.FBX
  artifactKey: Guid(817e0da6edcb7fa4690a98189aa94db8) Importer(815301076,1909f56bfc062723c751e8b465ee728b)
Start importing Assets/House/_Creepy_Cat/_Modern_Interior_Kit_Vol_1/Meshes/Pan_01.FBX using Guid(817e0da6edcb7fa4690a98189aa94db8) Importer(815301076,1909f56bfc062723c751e8b465ee728b)  -> (artifact id: 'c7edfc47f6032786b9fdbb1defe7df15') in 0.047104 seconds 
========================================================================
Received Import Request.
  Time since last request: 0.000095 seconds.
  path: Assets/House/_Creepy_Cat/_Modern_Interior_Kit_Vol_1/Meshes/Kitchen_Drawer_06.FBX
  artifactKey: Guid(c8369c149e0e8554e8531d12550ed127) Importer(815301076,1909f56bfc062723c751e8b465ee728b)
Start importing Assets/House/_Creepy_Cat/_Modern_Interior_Kit_Vol_1/Meshes/Kitchen_Drawer_06.FBX using Guid(c8369c149e0e8554e8531d12550ed127) Importer(815301076,1909f56bfc062723c751e8b465ee728b)  -> (artifact id: '0c026925d50945d06c864ca9aed34f7b') in 0.140578 seconds 
========================================================================
Received Import Request.
  Time since last request: 0.000050 seconds.
  path: Assets/House/_Creepy_Cat/_Modern_Interior_Kit_Vol_1/Meshes/Kitchen_Drawer_02_B.FBX
  artifactKey: Guid(bf6ef55aef52c84448148ba856f343a5) Importer(815301076,1909f56bfc062723c751e8b465ee728b)
Start importing Assets/House/_Creepy_Cat/_Modern_Interior_Kit_Vol_1/Meshes/Kitchen_Drawer_02_B.FBX using Guid(bf6ef55aef52c84448148ba856f343a5) Importer(815301076,1909f56bfc062723c751e8b465ee728b)  -> (artifact id: 'c2d5df59161287298fdfc7898e9b21a3') in 0.116752 seconds 
========================================================================
Received Import Request.
  Time since last request: 0.000032 seconds.
  path: Assets/House/_Creepy_Cat/_Modern_Interior_Kit_Vol_1/Meshes/Tulip_01.FBX
  artifactKey: Guid(ceb09d7adab7044b580ff7bef4c3bc6a) Importer(815301076,1909f56bfc062723c751e8b465ee728b)
Start importing Assets/House/_Creepy_Cat/_Modern_Interior_Kit_Vol_1/Meshes/Tulip_01.FBX using Guid(ceb09d7adab7044b580ff7bef4c3bc6a) Importer(815301076,1909f56bfc062723c751e8b465ee728b)  -> (artifact id: 'cfedd5e7dda711f42c31d311de52bbdd') in 0.052605 seconds 
========================================================================
Received Import Request.
  Time since last request: 0.000024 seconds.
  path: Assets/House/_Creepy_Cat/_Modern_Interior_Kit_Vol_1/Meshes/Keyboard_01.FBX
  artifactKey: Guid(45ac7db1d32443840b08c32cef95fb53) Importer(815301076,1909f56bfc062723c751e8b465ee728b)
Start importing Assets/House/_Creepy_Cat/_Modern_Interior_Kit_Vol_1/Meshes/Keyboard_01.FBX using Guid(45ac7db1d32443840b08c32cef95fb53) Importer(815301076,1909f56bfc062723c751e8b465ee728b)  -> (artifact id: '0393db7342f80ee0533338c7199d32b5') in 0.048938 seconds 
========================================================================
Received Import Request.
  Time since last request: 0.000025 seconds.
  path: Assets/House/_Creepy_Cat/_Modern_Interior_Kit_Vol_1/Meshes/Mug_01.FBX
  artifactKey: Guid(9c7e1c00087f2444db50506e261da721) Importer(815301076,1909f56bfc062723c751e8b465ee728b)
Start importing Assets/House/_Creepy_Cat/_Modern_Interior_Kit_Vol_1/Meshes/Mug_01.FBX using Guid(9c7e1c00087f2444db50506e261da721) Importer(815301076,1909f56bfc062723c751e8b465ee728b)  -> (artifact id: '343c6c98d99f9191310c00e0ec82d411') in 0.039418 seconds 
========================================================================
Received Import Request.
  Time since last request: 0.000047 seconds.
  path: Assets/House/_Creepy_Cat/_Modern_Interior_Kit_Vol_1/Meshes/Flower_06.FBX
  artifactKey: Guid(41571d12aba34443fa5ef8593b82af94) Importer(815301076,1909f56bfc062723c751e8b465ee728b)
Start importing Assets/House/_Creepy_Cat/_Modern_Interior_Kit_Vol_1/Meshes/Flower_06.FBX using Guid(41571d12aba34443fa5ef8593b82af94) Importer(815301076,1909f56bfc062723c751e8b465ee728b)  -> (artifact id: '33efce4fc1b1225930174864b69d0d2d') in 0.036635 seconds 
========================================================================
Received Import Request.
  Time since last request: 0.000039 seconds.
  path: Assets/House/_Creepy_Cat/_Modern_Interior_Kit_Vol_1/Meshes/Spoon_01.FBX
  artifactKey: Guid(611836fa9daf23746b0c64725a35d084) Importer(815301076,1909f56bfc062723c751e8b465ee728b)
Start importing Assets/House/_Creepy_Cat/_Modern_Interior_Kit_Vol_1/Meshes/Spoon_01.FBX using Guid(611836fa9daf23746b0c64725a35d084) Importer(815301076,1909f56bfc062723c751e8b465ee728b)  -> (artifact id: '1a8f1e5a25d9eee0d1ed9408f3d3241d') in 0.058889 seconds 
========================================================================
Received Import Request.
  Time since last request: 0.000067 seconds.
  path: Assets/House/_Creepy_Cat/_Modern_Interior_Kit_Vol_1/Meshes/Flower_Pot_03.FBX
  artifactKey: Guid(162e784157afc5542a8d2d19bae915df) Importer(815301076,1909f56bfc062723c751e8b465ee728b)
Start importing Assets/House/_Creepy_Cat/_Modern_Interior_Kit_Vol_1/Meshes/Flower_Pot_03.FBX using Guid(162e784157afc5542a8d2d19bae915df) Importer(815301076,1909f56bfc062723c751e8b465ee728b)  -> (artifact id: 'c52aac5ace230b12168d436ff407419c') in 0.036541 seconds 
========================================================================
Received Import Request.
  Time since last request: 0.000052 seconds.
  path: Assets/House/_Creepy_Cat/_Modern_Interior_Kit_Vol_1/Meshes/Mouse_02.FBX
  artifactKey: Guid(176e7f926085437418fa42c444646cd9) Importer(815301076,1909f56bfc062723c751e8b465ee728b)
Start importing Assets/House/_Creepy_Cat/_Modern_Interior_Kit_Vol_1/Meshes/Mouse_02.FBX using Guid(176e7f926085437418fa42c444646cd9) Importer(815301076,1909f56bfc062723c751e8b465ee728b)  -> (artifact id: '64cebf256c261b5dc9f141e8ec782297') in 0.054153 seconds 
========================================================================
Received Import Request.
  Time since last request: 0.000039 seconds.
  path: Assets/House/_Creepy_Cat/_Modern_Interior_Kit_Vol_1/Meshes/Ivy_Line_01.FBX
  artifactKey: Guid(f274bdc30e05b4e209660c12e00d4817) Importer(815301076,1909f56bfc062723c751e8b465ee728b)
Start importing Assets/House/_Creepy_Cat/_Modern_Interior_Kit_Vol_1/Meshes/Ivy_Line_01.FBX using Guid(f274bdc30e05b4e209660c12e00d4817) Importer(815301076,1909f56bfc062723c751e8b465ee728b)  -> (artifact id: 'a62154975f964a1d80de267bce4b60d1') in 0.032831 seconds 
========================================================================
Received Import Request.
  Time since last request: 0.000038 seconds.
  path: Assets/House/_Creepy_Cat/_Modern_Interior_Kit_Vol_1/Meshes/Log_01.FBX
  artifactKey: Guid(16028bce39880b042b72016741039ca5) Importer(815301076,1909f56bfc062723c751e8b465ee728b)
Start importing Assets/House/_Creepy_Cat/_Modern_Interior_Kit_Vol_1/Meshes/Log_01.FBX using Guid(16028bce39880b042b72016741039ca5) Importer(815301076,1909f56bfc062723c751e8b465ee728b)  -> (artifact id: 'bbe7047d912dd68c1b98293ba29e742f') in 0.060921 seconds 
========================================================================
Received Import Request.
  Time since last request: 0.000039 seconds.
  path: Assets/House/_Creepy_Cat/_Modern_Interior_Kit_Vol_1/Meshes/Floor_Lamp_01.FBX
  artifactKey: Guid(9aa0295f8e8d3a640aeeecf9bdafa24f) Importer(815301076,1909f56bfc062723c751e8b465ee728b)
Start importing Assets/House/_Creepy_Cat/_Modern_Interior_Kit_Vol_1/Meshes/Floor_Lamp_01.FBX using Guid(9aa0295f8e8d3a640aeeecf9bdafa24f) Importer(815301076,1909f56bfc062723c751e8b465ee728b)  -> (artifact id: '455191644b3785be48f8104e664b9554') in 0.090761 seconds 
========================================================================
Received Import Request.
  Time since last request: 0.000030 seconds.
  path: Assets/House/_Creepy_Cat/_Modern_Interior_Kit_Vol_1/Meshes/Light_Round_01.FBX
  artifactKey: Guid(e4ff759947ca992489f8ae324112ce81) Importer(815301076,1909f56bfc062723c751e8b465ee728b)
Start importing Assets/House/_Creepy_Cat/_Modern_Interior_Kit_Vol_1/Meshes/Light_Round_01.FBX using Guid(e4ff759947ca992489f8ae324112ce81) Importer(815301076,1909f56bfc062723c751e8b465ee728b)  -> (artifact id: 'ee2f279e0da6a188db8efdbec22c6a8d') in 0.051653 seconds 
========================================================================
Received Import Request.
  Time since last request: 0.000023 seconds.
  path: Assets/House/_Creepy_Cat/_Modern_Interior_Kit_Vol_1/Meshes/Floor_01.FBX
  artifactKey: Guid(2be2a98f04c438541a25c1888e5d09b5) Importer(815301076,1909f56bfc062723c751e8b465ee728b)
Start importing Assets/House/_Creepy_Cat/_Modern_Interior_Kit_Vol_1/Meshes/Floor_01.FBX using Guid(2be2a98f04c438541a25c1888e5d09b5) Importer(815301076,1909f56bfc062723c751e8b465ee728b)  -> (artifact id: '5f528d6bebd997746b72206373835e12') in 0.052141 seconds 
========================================================================
Received Import Request.
  Time since last request: 0.000035 seconds.
  path: Assets/House/_Creepy_Cat/_Modern_Interior_Kit_Vol_1/Meshes/Palissade_Wall_01.FBX
  artifactKey: Guid(feea91275b912604cada1b2a61b75d6a) Importer(815301076,1909f56bfc062723c751e8b465ee728b)
Start importing Assets/House/_Creepy_Cat/_Modern_Interior_Kit_Vol_1/Meshes/Palissade_Wall_01.FBX using Guid(feea91275b912604cada1b2a61b75d6a) Importer(815301076,1909f56bfc062723c751e8b465ee728b)  -> (artifact id: 'a0fb3622d2f03c1e0ea94652b6bd782f') in 0.068878 seconds 
========================================================================
Received Import Request.
  Time since last request: 0.000046 seconds.
  path: Assets/House/_Creepy_Cat/_Modern_Interior_Kit_Vol_1/Meshes/Paint_02.FBX
  artifactKey: Guid(72d975de1e4057149932624605d3e05e) Importer(815301076,1909f56bfc062723c751e8b465ee728b)
Start importing Assets/House/_Creepy_Cat/_Modern_Interior_Kit_Vol_1/Meshes/Paint_02.FBX using Guid(72d975de1e4057149932624605d3e05e) Importer(815301076,1909f56bfc062723c751e8b465ee728b)  -> (artifact id: '2d37c36b1950fc898d4056e41b2d35d7') in 0.088728 seconds 
========================================================================
Received Import Request.
  Time since last request: 0.000041 seconds.
  path: Assets/House/_Creepy_Cat/_Modern_Interior_Kit_Vol_1/Meshes/Flower_05.FBX
  artifactKey: Guid(7787da1b1a3f9450aa1434fb5f696307) Importer(815301076,1909f56bfc062723c751e8b465ee728b)
Start importing Assets/House/_Creepy_Cat/_Modern_Interior_Kit_Vol_1/Meshes/Flower_05.FBX using Guid(7787da1b1a3f9450aa1434fb5f696307) Importer(815301076,1909f56bfc062723c751e8b465ee728b)  -> (artifact id: '8c8d5c43ca8fd7510bd025b8ec112c66') in 0.035165 seconds 
========================================================================
Received Import Request.
  Time since last request: 1.262639 seconds.
  path: Assets/House/_Creepy_Cat/_Modern_Interior_Kit_Vol_1/Meshes/Wall_Ext_Window_01.FBX
  artifactKey: Guid(027ba56d15b317d42a10319454dd080f) Importer(815301076,1909f56bfc062723c751e8b465ee728b)
Start importing Assets/House/_Creepy_Cat/_Modern_Interior_Kit_Vol_1/Meshes/Wall_Ext_Window_01.FBX using Guid(027ba56d15b317d42a10319454dd080f) Importer(815301076,1909f56bfc062723c751e8b465ee728b)  -> (artifact id: '2d513bf449984c13deb8b64fd117e065') in 0.201762 seconds 
========================================================================
Received Import Request.
  Time since last request: 0.000048 seconds.
  path: Assets/House/_Creepy_Cat/_Modern_Interior_Kit_Vol_1/Meshes/Wall_Shelf_02.FBX
  artifactKey: Guid(8a6ca45bb75c0ed4582c7a838572f956) Importer(815301076,1909f56bfc062723c751e8b465ee728b)
Start importing Assets/House/_Creepy_Cat/_Modern_Interior_Kit_Vol_1/Meshes/Wall_Shelf_02.FBX using Guid(8a6ca45bb75c0ed4582c7a838572f956) Importer(815301076,1909f56bfc062723c751e8b465ee728b)  -> (artifact id: '534dc31e48add14cff50495cd5653b7b') in 0.059240 seconds 
========================================================================
Received Import Request.
  Time since last request: 0.000036 seconds.
  path: Assets/House/_Creepy_Cat/_Modern_Interior_Kit_Vol_1/Meshes/Weed_01.FBX
  artifactKey: Guid(db05c75068ad24a8f8ed35cbfbcbfad2) Importer(815301076,1909f56bfc062723c751e8b465ee728b)
Start importing Assets/House/_Creepy_Cat/_Modern_Interior_Kit_Vol_1/Meshes/Weed_01.FBX using Guid(db05c75068ad24a8f8ed35cbfbcbfad2) Importer(815301076,1909f56bfc062723c751e8b465ee728b)  -> (artifact id: '04301e379a7a96c1200f821f62228206') in 0.035471 seconds 
========================================================================
Received Import Request.
  Time since last request: 0.000029 seconds.
  path: Assets/House/_Creepy_Cat/_Modern_Interior_Kit_Vol_1/Meshes/Wall_Shelf_01.FBX
  artifactKey: Guid(121d26aeb09158f4ab051b9bd2c06d3e) Importer(815301076,1909f56bfc062723c751e8b465ee728b)
Start importing Assets/House/_Creepy_Cat/_Modern_Interior_Kit_Vol_1/Meshes/Wall_Shelf_01.FBX using Guid(121d26aeb09158f4ab051b9bd2c06d3e) Importer(815301076,1909f56bfc062723c751e8b465ee728b)  -> (artifact id: '5dae6f5792284c3d0996afdc761e945f') in 0.062730 seconds 
========================================================================
Received Import Request.
  Time since last request: 0.000031 seconds.
  path: Assets/House/_Creepy_Cat/_Modern_Interior_Kit_Vol_1/Meshes/Wall_Int_Arch_01.FBX
  artifactKey: Guid(57d82ec8ae94fe24e84d6156c3cf67a0) Importer(815301076,1909f56bfc062723c751e8b465ee728b)
Start importing Assets/House/_Creepy_Cat/_Modern_Interior_Kit_Vol_1/Meshes/Wall_Int_Arch_01.FBX using Guid(57d82ec8ae94fe24e84d6156c3cf67a0) Importer(815301076,1909f56bfc062723c751e8b465ee728b)  -> (artifact id: '2981714abbdbeb6fc6a1a3c55847a5eb') in 0.068732 seconds 
========================================================================
Received Import Request.
  Time since last request: 13.585358 seconds.
  path: Assets/House/_Creepy_Cat/_Modern_Interior_Kit_Vol_1/Meshes/Materials
  artifactKey: Guid(c3315fc7ca01ee64f9a0fea178e0dcd6) Importer(815301076,1909f56bfc062723c751e8b465ee728b)
Start importing Assets/House/_Creepy_Cat/_Modern_Interior_Kit_Vol_1/Meshes/Materials using Guid(c3315fc7ca01ee64f9a0fea178e0dcd6) Importer(815301076,1909f56bfc062723c751e8b465ee728b)  -> (artifact id: '4fdcf093ff8311e447d351c4951f964f') in 0.007538 seconds 
========================================================================
Received Import Request.
  Time since last request: 0.022514 seconds.
  path: Assets/House/_Creepy_Cat/_Modern_Interior_Kit_Vol_1/Meshes/Materials/Book_Cover_B.mat
  artifactKey: Guid(7c056900520e11f46877819d4eb7641c) Importer(815301076,1909f56bfc062723c751e8b465ee728b)
Start importing Assets/House/_Creepy_Cat/_Modern_Interior_Kit_Vol_1/Meshes/Materials/Book_Cover_B.mat using Guid(7c056900520e11f46877819d4eb7641c) Importer(815301076,1909f56bfc062723c751e8b465ee728b)  -> (artifact id: '394b2427b40e7cbda40319de3ab75c3d') in 0.069738 seconds 
========================================================================
Received Import Request.
  Time since last request: 0.000017 seconds.
  path: Assets/House/_Creepy_Cat/_Modern_Interior_Kit_Vol_1/Meshes/Materials/Wood_01_Brown.mat
  artifactKey: Guid(3be8bb1d69f82854abc4ddae375f6c46) Importer(815301076,1909f56bfc062723c751e8b465ee728b)
Start importing Assets/House/_Creepy_Cat/_Modern_Interior_Kit_Vol_1/Meshes/Materials/Wood_01_Brown.mat using Guid(3be8bb1d69f82854abc4ddae375f6c46) Importer(815301076,1909f56bfc062723c751e8b465ee728b)  -> (artifact id: '193c924c76220aa7dafa3f7ee5419f55') in 0.034283 seconds 
========================================================================
Received Import Request.
  Time since last request: 0.000028 seconds.
  path: Assets/House/_Creepy_Cat/_Modern_Interior_Kit_Vol_1/Meshes/Materials/Metal_01_White.mat
  artifactKey: Guid(3423211021e2e504e939e6cab0ca821c) Importer(815301076,1909f56bfc062723c751e8b465ee728b)
Start importing Assets/House/_Creepy_Cat/_Modern_Interior_Kit_Vol_1/Meshes/Materials/Metal_01_White.mat using Guid(3423211021e2e504e939e6cab0ca821c) Importer(815301076,1909f56bfc062723c751e8b465ee728b)  -> (artifact id: '33cdbfcca35600ff81adc4b84b4b38a9') in 0.032959 seconds 
========================================================================
Received Import Request.
  Time since last request: 0.000065 seconds.
  path: Assets/House/_Creepy_Cat/_Modern_Interior_Kit_Vol_1/Meshes/Materials/Computrer_Screen.mat
  artifactKey: Guid(612b7f7dd32305741bc8580de04d7978) Importer(815301076,1909f56bfc062723c751e8b465ee728b)
Start importing Assets/House/_Creepy_Cat/_Modern_Interior_Kit_Vol_1/Meshes/Materials/Computrer_Screen.mat using Guid(612b7f7dd32305741bc8580de04d7978) Importer(815301076,1909f56bfc062723c751e8b465ee728b)  -> (artifact id: 'e7319c53d53c0774f718d2710b0e2da4') in 0.102028 seconds 
========================================================================
Received Import Request.
  Time since last request: 0.000105 seconds.
  path: Assets/House/_Creepy_Cat/_Modern_Interior_Kit_Vol_1/Meshes/Materials/Plastic_01_Red_A.mat
  artifactKey: Guid(4682a8aa9dfe9d34391a8ceaeefd1c6f) Importer(815301076,1909f56bfc062723c751e8b465ee728b)
Start importing Assets/House/_Creepy_Cat/_Modern_Interior_Kit_Vol_1/Meshes/Materials/Plastic_01_Red_A.mat using Guid(4682a8aa9dfe9d34391a8ceaeefd1c6f) Importer(815301076,1909f56bfc062723c751e8b465ee728b)  -> (artifact id: 'f12b8ca368cd3aa5b2d7f3a4d3201c85') in 0.041607 seconds 
========================================================================
Received Import Request.
  Time since last request: 0.000226 seconds.
  path: Assets/House/_Creepy_Cat/_Modern_Interior_Kit_Vol_1/Meshes/Materials/Tiles_01_LightGrey.mat
  artifactKey: Guid(d1932402d130ffa4c92e01d95504f6ed) Importer(815301076,1909f56bfc062723c751e8b465ee728b)
Start importing Assets/House/_Creepy_Cat/_Modern_Interior_Kit_Vol_1/Meshes/Materials/Tiles_01_LightGrey.mat using Guid(d1932402d130ffa4c92e01d95504f6ed) Importer(815301076,1909f56bfc062723c751e8b465ee728b)  -> (artifact id: 'b641111483661f960325e1c47e425b19') in 0.058225 seconds 
========================================================================
Received Import Request.
  Time since last request: 0.000064 seconds.
  path: Assets/House/_Creepy_Cat/_Modern_Interior_Kit_Vol_1/Meshes/Materials/Concrete_01_Grey.mat
  artifactKey: Guid(7e99bb343c6c2304f9e7d93596ac0a6e) Importer(815301076,1909f56bfc062723c751e8b465ee728b)
Start importing Assets/House/_Creepy_Cat/_Modern_Interior_Kit_Vol_1/Meshes/Materials/Concrete_01_Grey.mat using Guid(7e99bb343c6c2304f9e7d93596ac0a6e) Importer(815301076,1909f56bfc062723c751e8b465ee728b)  -> (artifact id: '0e401537be4b0cc6de5147e1acf8311b') in 0.033761 seconds 
========================================================================
Received Import Request.
  Time since last request: 0.000085 seconds.
  path: Assets/House/_Creepy_Cat/_Modern_Interior_Kit_Vol_1/Meshes/Materials/Fabrics_01_White.mat
  artifactKey: Guid(80d7da0f696f89b44955ad0a73507266) Importer(815301076,1909f56bfc062723c751e8b465ee728b)
Start importing Assets/House/_Creepy_Cat/_Modern_Interior_Kit_Vol_1/Meshes/Materials/Fabrics_01_White.mat using Guid(80d7da0f696f89b44955ad0a73507266) Importer(815301076,1909f56bfc062723c751e8b465ee728b)  -> (artifact id: '2da76b3f106df7c58be54e5a51126aa6') in 0.031318 seconds 
========================================================================
Received Import Request.
  Time since last request: 0.000028 seconds.
  path: Assets/House/_Creepy_Cat/_Modern_Interior_Kit_Vol_1/Meshes/Materials/Carpet_03.mat
  artifactKey: Guid(8253ad35ac05d2d4ca1f374ea3c95596) Importer(815301076,1909f56bfc062723c751e8b465ee728b)
Start importing Assets/House/_Creepy_Cat/_Modern_Interior_Kit_Vol_1/Meshes/Materials/Carpet_03.mat using Guid(8253ad35ac05d2d4ca1f374ea3c95596) Importer(815301076,1909f56bfc062723c751e8b465ee728b)  -> (artifact id: 'b2f5459c487acce7da125839eaf2b6ec') in 0.062439 seconds 
========================================================================
Received Import Request.
  Time since last request: 0.000030 seconds.
  path: Assets/House/_Creepy_Cat/_Modern_Interior_Kit_Vol_1/Meshes/Materials/Plant_Atlas_01.mat
  artifactKey: Guid(a439f9f376f4f485fb9f1ef573ebeb14) Importer(815301076,1909f56bfc062723c751e8b465ee728b)
Start importing Assets/House/_Creepy_Cat/_Modern_Interior_Kit_Vol_1/Meshes/Materials/Plant_Atlas_01.mat using Guid(a439f9f376f4f485fb9f1ef573ebeb14) Importer(815301076,1909f56bfc062723c751e8b465ee728b)  -> (artifact id: '7c8c5d763e58510cdeb186f9331d79c0') in 0.029996 seconds 
========================================================================
Received Import Request.
  Time since last request: 0.000045 seconds.
  path: Assets/House/_Creepy_Cat/_Modern_Interior_Kit_Vol_1/Meshes/Materials/Fabrics_01_Grey.mat
  artifactKey: Guid(cef861ee307b3ef409e0d6e2964e97d7) Importer(815301076,1909f56bfc062723c751e8b465ee728b)
Start importing Assets/House/_Creepy_Cat/_Modern_Interior_Kit_Vol_1/Meshes/Materials/Fabrics_01_Grey.mat using Guid(cef861ee307b3ef409e0d6e2964e97d7) Importer(815301076,1909f56bfc062723c751e8b465ee728b)  -> (artifact id: '7e04b70161efde250bd1ab5f93360c04') in 0.035347 seconds 
========================================================================
Received Import Request.
  Time since last request: 0.000034 seconds.
  path: Assets/House/_Creepy_Cat/_Modern_Interior_Kit_Vol_1/Meshes/Materials/Metal_01_White_Light_Global.mat
  artifactKey: Guid(e9c068bfc6b0b0347aeffb759f57eb27) Importer(815301076,1909f56bfc062723c751e8b465ee728b)
Start importing Assets/House/_Creepy_Cat/_Modern_Interior_Kit_Vol_1/Meshes/Materials/Metal_01_White_Light_Global.mat using Guid(e9c068bfc6b0b0347aeffb759f57eb27) Importer(815301076,1909f56bfc062723c751e8b465ee728b)  -> (artifact id: '62c8a4689fcba676c23d7f883cecea9a') in 0.046709 seconds 
========================================================================
Received Import Request.
  Time since last request: 0.000041 seconds.
  path: Assets/House/_Creepy_Cat/_Modern_Interior_Kit_Vol_1/Meshes/Materials/Plastic_01_White.mat
  artifactKey: Guid(d9e6f7cd53f3dc94abc8900ce6a9f9c3) Importer(815301076,1909f56bfc062723c751e8b465ee728b)
Start importing Assets/House/_Creepy_Cat/_Modern_Interior_Kit_Vol_1/Meshes/Materials/Plastic_01_White.mat using Guid(d9e6f7cd53f3dc94abc8900ce6a9f9c3) Importer(815301076,1909f56bfc062723c751e8b465ee728b)  -> (artifact id: 'e1d119237954622e1ddb443b8495632b') in 0.038074 seconds 
========================================================================
Received Import Request.
  Time since last request: 0.000022 seconds.
  path: Assets/House/_Creepy_Cat/_Modern_Interior_Kit_Vol_1/Meshes/Materials/Metal_01_DarkGrey.mat
  artifactKey: Guid(671def8df99e8d24d97171ece3f20b15) Importer(815301076,1909f56bfc062723c751e8b465ee728b)
Start importing Assets/House/_Creepy_Cat/_Modern_Interior_Kit_Vol_1/Meshes/Materials/Metal_01_DarkGrey.mat using Guid(671def8df99e8d24d97171ece3f20b15) Importer(815301076,1909f56bfc062723c751e8b465ee728b)  -> (artifact id: '91a371303ae3571caa18f6edb4aee9e6') in 0.035648 seconds 
========================================================================
Received Import Request.
  Time since last request: 0.000018 seconds.
  path: Assets/House/_Creepy_Cat/_Modern_Interior_Kit_Vol_1/Meshes/Materials/Painting_04.mat
  artifactKey: Guid(311127d2e489d204c957fecb10583d24) Importer(815301076,1909f56bfc062723c751e8b465ee728b)
Start importing Assets/House/_Creepy_Cat/_Modern_Interior_Kit_Vol_1/Meshes/Materials/Painting_04.mat using Guid(311127d2e489d204c957fecb10583d24) Importer(815301076,1909f56bfc062723c751e8b465ee728b)  -> (artifact id: '8d539413423ac9c57f7fc1265cd154fd') in 0.028871 seconds 
========================================================================
Received Import Request.
  Time since last request: 0.000064 seconds.
  path: Assets/House/_Creepy_Cat/_Modern_Interior_Kit_Vol_1/Meshes/Materials/City_360_Panorama.mat
  artifactKey: Guid(41ee7c78e3d824641bad4a12682255b7) Importer(815301076,1909f56bfc062723c751e8b465ee728b)
Start importing Assets/House/_Creepy_Cat/_Modern_Interior_Kit_Vol_1/Meshes/Materials/City_360_Panorama.mat using Guid(41ee7c78e3d824641bad4a12682255b7) Importer(815301076,1909f56bfc062723c751e8b465ee728b)  -> (artifact id: 'ebfc1fc9cd7503a92d1927d9cd98627c') in 0.151741 seconds 
========================================================================
Received Import Request.
  Time since last request: 0.000034 seconds.
  path: Assets/House/_Creepy_Cat/_Modern_Interior_Kit_Vol_1/Meshes/Materials/Carpet_02.mat
  artifactKey: Guid(15c217000a63bd7479f0f8976c34549b) Importer(815301076,1909f56bfc062723c751e8b465ee728b)
Start importing Assets/House/_Creepy_Cat/_Modern_Interior_Kit_Vol_1/Meshes/Materials/Carpet_02.mat using Guid(15c217000a63bd7479f0f8976c34549b) Importer(815301076,1909f56bfc062723c751e8b465ee728b)  -> (artifact id: 'f13ab7ee37bcee770a310f72fd299bad') in 0.043674 seconds 
========================================================================
Received Import Request.
  Time since last request: 0.000029 seconds.
  path: Assets/House/_Creepy_Cat/_Modern_Interior_Kit_Vol_1/Meshes/Materials/Plant_Atlas_02.mat
  artifactKey: Guid(e05ceea15e93a41898b74af36e1d6246) Importer(815301076,1909f56bfc062723c751e8b465ee728b)
Start importing Assets/House/_Creepy_Cat/_Modern_Interior_Kit_Vol_1/Meshes/Materials/Plant_Atlas_02.mat using Guid(e05ceea15e93a41898b74af36e1d6246) Importer(815301076,1909f56bfc062723c751e8b465ee728b)  -> (artifact id: '993cefa21c1cb17bd0d7075700646446') in 0.025352 seconds 
========================================================================
Received Import Request.
  Time since last request: 0.000040 seconds.
  path: Assets/House/_Creepy_Cat/_Modern_Interior_Kit_Vol_1/Meshes/Materials/Fabrics_01_Red.mat
  artifactKey: Guid(54548aaad3ff43940a57df55cc7f8e45) Importer(815301076,1909f56bfc062723c751e8b465ee728b)
Start importing Assets/House/_Creepy_Cat/_Modern_Interior_Kit_Vol_1/Meshes/Materials/Fabrics_01_Red.mat using Guid(54548aaad3ff43940a57df55cc7f8e45) Importer(815301076,1909f56bfc062723c751e8b465ee728b)  -> (artifact id: '298718a56dc4335ece710427a40e146a') in 0.034880 seconds 
========================================================================
Received Import Request.
  Time since last request: 0.000036 seconds.
  path: Assets/House/_Creepy_Cat/_Modern_Interior_Kit_Vol_1/Meshes/Materials/Vitroceramic.mat
  artifactKey: Guid(319bb82c269fd2b4782d25f5a61a83fb) Importer(815301076,1909f56bfc062723c751e8b465ee728b)
Start importing Assets/House/_Creepy_Cat/_Modern_Interior_Kit_Vol_1/Meshes/Materials/Vitroceramic.mat using Guid(319bb82c269fd2b4782d25f5a61a83fb) Importer(815301076,1909f56bfc062723c751e8b465ee728b)  -> (artifact id: '29cd7a8e69d00e94db26b5aacbbb1a3e') in 0.023667 seconds 
========================================================================
Received Import Request.
  Time since last request: 0.000034 seconds.
  path: Assets/House/_Creepy_Cat/_Modern_Interior_Kit_Vol_1/Meshes/Materials/Fabrics_01_Blue.mat
  artifactKey: Guid(78704bb81a4490944bbd962c665c46df) Importer(815301076,1909f56bfc062723c751e8b465ee728b)
Start importing Assets/House/_Creepy_Cat/_Modern_Interior_Kit_Vol_1/Meshes/Materials/Fabrics_01_Blue.mat using Guid(78704bb81a4490944bbd962c665c46df) Importer(815301076,1909f56bfc062723c751e8b465ee728b)  -> (artifact id: 'da561d2c77dd84e58750d3addfac07d1') in 0.041571 seconds 
========================================================================
Received Import Request.
  Time since last request: 0.000022 seconds.
  path: Assets/House/_Creepy_Cat/_Modern_Interior_Kit_Vol_1/Meshes/Materials/Paint_01_Orange.mat
  artifactKey: Guid(3288770199bf7704095e48f0f10761b3) Importer(815301076,1909f56bfc062723c751e8b465ee728b)
Start importing Assets/House/_Creepy_Cat/_Modern_Interior_Kit_Vol_1/Meshes/Materials/Paint_01_Orange.mat using Guid(3288770199bf7704095e48f0f10761b3) Importer(815301076,1909f56bfc062723c751e8b465ee728b)  -> (artifact id: '2612c236f44dbc3c0d6505c1b7b1381f') in 0.045541 seconds 
========================================================================
Received Import Request.
  Time since last request: 0.000068 seconds.
  path: Assets/House/_Creepy_Cat/_Modern_Interior_Kit_Vol_1/Meshes/Materials/Plant_Atlas_02_B.mat
  artifactKey: Guid(05a330908b55b4147b5ceced6244ff89) Importer(815301076,1909f56bfc062723c751e8b465ee728b)
Start importing Assets/House/_Creepy_Cat/_Modern_Interior_Kit_Vol_1/Meshes/Materials/Plant_Atlas_02_B.mat using Guid(05a330908b55b4147b5ceced6244ff89) Importer(815301076,1909f56bfc062723c751e8b465ee728b)  -> (artifact id: 'bb39bded07128c64b2e877ace3d03596') in 0.027632 seconds 
========================================================================
Received Import Request.
  Time since last request: 6.143019 seconds.
  path: Assets/House/_Creepy_Cat/_Modern_Interior_Kit_Vol_1/Prefabs/_Props
  artifactKey: Guid(1867b526ce7d5624eab8ca8bb30e093d) Importer(815301076,1909f56bfc062723c751e8b465ee728b)
Start importing Assets/House/_Creepy_Cat/_Modern_Interior_Kit_Vol_1/Prefabs/_Props using Guid(1867b526ce7d5624eab8ca8bb30e093d) Importer(815301076,1909f56bfc062723c751e8b465ee728b)  -> (artifact id: 'a3d983962deaac0b09e7f71e56f7ae9c') in 0.006070 seconds 
========================================================================
Received Import Request.
  Time since last request: 3.861598 seconds.
  path: Assets/House/_Creepy_Cat/_Modern_Interior_Kit_Vol_1/Prefabs/_Props/_Others
  artifactKey: Guid(b30324890308c614cbe747fd8f6f5bb4) Importer(815301076,1909f56bfc062723c751e8b465ee728b)
Start importing Assets/House/_Creepy_Cat/_Modern_Interior_Kit_Vol_1/Prefabs/_Props/_Others using Guid(b30324890308c614cbe747fd8f6f5bb4) Importer(815301076,1909f56bfc062723c751e8b465ee728b)  -> (artifact id: 'be15f8f7182dd823225b9f6a8f62287c') in 0.006099 seconds 
========================================================================
Received Import Request.
  Time since last request: 0.033251 seconds.
  path: Assets/House/_Creepy_Cat/_Modern_Interior_Kit_Vol_1/Prefabs/_Props/_Others/Doc_Box_Pile_01.prefab
  artifactKey: Guid(37ce503ba2d3fe2438a4bc433b9352bf) Importer(815301076,1909f56bfc062723c751e8b465ee728b)
Start importing Assets/House/_Creepy_Cat/_Modern_Interior_Kit_Vol_1/Prefabs/_Props/_Others/Doc_Box_Pile_01.prefab using Guid(37ce503ba2d3fe2438a4bc433b9352bf) Importer(815301076,1909f56bfc062723c751e8b465ee728b)  -> (artifact id: 'd3446c2e025c42df02e06501f08d642f') in 0.040142 seconds 
========================================================================
Received Import Request.
  Time since last request: 0.000027 seconds.
  path: Assets/House/_Creepy_Cat/_Modern_Interior_Kit_Vol_1/Prefabs/_Props/_Others/P_Extendable_Trellis.prefab
  artifactKey: Guid(f4f5fb0f348b98c488a68c6a93bbda44) Importer(815301076,1909f56bfc062723c751e8b465ee728b)
Start importing Assets/House/_Creepy_Cat/_Modern_Interior_Kit_Vol_1/Prefabs/_Props/_Others/P_Extendable_Trellis.prefab using Guid(f4f5fb0f348b98c488a68c6a93bbda44) Importer(815301076,1909f56bfc062723c751e8b465ee728b)  -> (artifact id: '39cd7aedb41d54ff9462e8f43dcd7b8f') in 0.096195 seconds 
========================================================================
Received Import Request.
  Time since last request: 0.000045 seconds.
  path: Assets/House/_Creepy_Cat/_Modern_Interior_Kit_Vol_1/Prefabs/_Props/_Others/P_Mirror_Wall_01.prefab
  artifactKey: Guid(a91c9899d40b8b6479b6ec397b5b82b6) Importer(815301076,1909f56bfc062723c751e8b465ee728b)
Start importing Assets/House/_Creepy_Cat/_Modern_Interior_Kit_Vol_1/Prefabs/_Props/_Others/P_Mirror_Wall_01.prefab using Guid(a91c9899d40b8b6479b6ec397b5b82b6) Importer(815301076,1909f56bfc062723c751e8b465ee728b)  -> (artifact id: '1b236ea1146f360521e71337d19cfee4') in 0.042898 seconds 
========================================================================
Received Import Request.
  Time since last request: 0.000039 seconds.
  path: Assets/House/_Creepy_Cat/_Modern_Interior_Kit_Vol_1/Prefabs/_Props/_Others/P_Doc_Box_05.prefab
  artifactKey: Guid(1c7fd823403c3804492ad91c8979b68b) Importer(815301076,1909f56bfc062723c751e8b465ee728b)
Start importing Assets/House/_Creepy_Cat/_Modern_Interior_Kit_Vol_1/Prefabs/_Props/_Others/P_Doc_Box_05.prefab using Guid(1c7fd823403c3804492ad91c8979b68b) Importer(815301076,1909f56bfc062723c751e8b465ee728b)  -> (artifact id: '972ee1883acd67d4d82a1f4e777ca78c') in 0.031228 seconds 
========================================================================
Received Import Request.
  Time since last request: 2.071274 seconds.
  path: Assets/House/_Creepy_Cat/_Modern_Interior_Kit_Vol_1/Prefabs/_Props/_Tech
  artifactKey: Guid(b5cf2cc7279ef004fa7e07a6445ea490) Importer(815301076,1909f56bfc062723c751e8b465ee728b)
Start importing Assets/House/_Creepy_Cat/_Modern_Interior_Kit_Vol_1/Prefabs/_Props/_Tech using Guid(b5cf2cc7279ef004fa7e07a6445ea490) Importer(815301076,1909f56bfc062723c751e8b465ee728b)  -> (artifact id: 'bfe27803515782becabecc559f8deba5') in 0.006298 seconds 
========================================================================
Received Import Request.
  Time since last request: 0.048007 seconds.
  path: Assets/House/_Creepy_Cat/_Modern_Interior_Kit_Vol_1/Prefabs/_Props/_Tech/P_Computer_01.prefab
  artifactKey: Guid(dad9d59197c222d4c9e3c6b46185c80c) Importer(815301076,1909f56bfc062723c751e8b465ee728b)
Start importing Assets/House/_Creepy_Cat/_Modern_Interior_Kit_Vol_1/Prefabs/_Props/_Tech/P_Computer_01.prefab using Guid(dad9d59197c222d4c9e3c6b46185c80c) Importer(815301076,1909f56bfc062723c751e8b465ee728b)  -> (artifact id: '5d686fec541636231e368babb5d35e73') in 0.050638 seconds 
Editor requested this worker to shutdown with reason: Scaling down because of idle timeout
AssetImportWorker is now disconnected from the server
Process exiting
Exiting without the bug reporter. Application will terminate with return code 0