Using pre-set license
Built from '2021.2/staging' branch; Version is '2021.2.9f1 (921b45a28ab6) revision 9575237'; Using compiler version '192829333'; Build Type 'Release'
OS: 'Windows 10  (10.0.19042) 64bit Professional' Language: 'en' Physical Memory: 12110 MB
BatchMode: 1, IsHumanControllingUs: 0, StartBugReporterOnCrash: 0, Is64bit: 1, IsPro: 0

COMMAND LINE ARGUMENTS:
C:\Program Files\Unity\Hub\Editor\2021.2.9f1\Editor\Unity.exe
-adb2
-batchMode
-noUpm
-name
AssetImportWorker1
-projectPath
C:/Users/Heidi/Documents/GitHub/Eyedylic/Eyedylic Prototype
-logFile
Logs/AssetImportWorker1.log
-srvPort
64026
Successfully changed project path to: C:/Users/Heidi/Documents/GitHub/Eyedylic/Eyedylic Prototype
C:/Users/Heidi/Documents/GitHub/Eyedylic/Eyedylic Prototype
[UnityMemory] Configuration Parameters - Can be set up in boot.config
    "memorysetup-bucket-allocator-granularity=16"
    "memorysetup-bucket-allocator-bucket-count=8"
    "memorysetup-bucket-allocator-block-size=33554432"
    "memorysetup-bucket-allocator-block-count=8"
    "memorysetup-main-allocator-block-size=16777216"
    "memorysetup-thread-allocator-block-size=16777216"
    "memorysetup-gfx-main-allocator-block-size=16777216"
    "memorysetup-gfx-thread-allocator-block-size=16777216"
    "memorysetup-cache-allocator-block-size=4194304"
    "memorysetup-typetree-allocator-block-size=2097152"
    "memorysetup-profiler-bucket-allocator-granularity=16"
    "memorysetup-profiler-bucket-allocator-bucket-count=8"
    "memorysetup-profiler-bucket-allocator-block-size=33554432"
    "memorysetup-profiler-bucket-allocator-block-count=8"
    "memorysetup-profiler-allocator-block-size=16777216"
    "memorysetup-profiler-editor-allocator-block-size=1048576"
    "memorysetup-temp-allocator-size-main=16777216"
    "memorysetup-job-temp-allocator-block-size=2097152"
    "memorysetup-job-temp-allocator-block-size-background=1048576"
    "memorysetup-job-temp-allocator-reduction-small-platforms=262144"
    "memorysetup-temp-allocator-size-background-worker=32768"
    "memorysetup-temp-allocator-size-job-worker=262144"
    "memorysetup-temp-allocator-size-preload-manager=33554432"
    "memorysetup-temp-allocator-size-nav-mesh-worker=65536"
    "memorysetup-temp-allocator-size-audio-worker=65536"
    "memorysetup-temp-allocator-size-cloud-worker=32768"
    "memorysetup-temp-allocator-size-gi-baking-worker=262144"
    "memorysetup-temp-allocator-size-gfx=262144"
Refreshing native plugins compatible for Editor in 277.51 ms, found 12 plugins.
Preloading 1 native plugins for Editor in 1.66 ms.
Initialize engine version: 2021.2.9f1 (921b45a28ab6)
[Subsystems] Discovering subsystems at path C:/Program Files/Unity/Hub/Editor/2021.2.9f1/Editor/Data/Resources/UnitySubsystems
[Subsystems] Discovering subsystems at path C:/Users/Heidi/Documents/GitHub/Eyedylic/Eyedylic Prototype/Assets
GfxDevice: creating device client; threaded=0; jobified=0
Direct3D:
    Version:  Direct3D 11.0 [level 11.1]
    Renderer: AMD Radeon(TM) Pro Graphics (ID=0x1638)
    Vendor:   ATI
    VRAM:     6055 MB
    Driver:   27.20.14501.45003
Shader 'Oculus/OVRMRCameraFrameLit': fallback shader 'Alpha-Diffuse' not found
Initialize mono
Mono path[0] = 'C:/Program Files/Unity/Hub/Editor/2021.2.9f1/Editor/Data/Managed'
Mono path[1] = 'C:/Program Files/Unity/Hub/Editor/2021.2.9f1/Editor/Data/MonoBleedingEdge/lib/mono/unityjit-win32'
Mono config path = 'C:/Program Files/Unity/Hub/Editor/2021.2.9f1/Editor/Data/MonoBleedingEdge/etc'
Using monoOptions --debugger-agent=transport=dt_socket,embedding=1,server=y,suspend=n,address=127.0.0.1:56860
Begin MonoManager ReloadAssembly
Registering precompiled unity dll's ...
Register platform support module: C:/Program Files/Unity/Hub/Editor/2021.2.9f1/Editor/Data/PlaybackEngines/WindowsStandaloneSupport/UnityEditor.WindowsStandalone.Extensions.dll
Registered in 0.014406 seconds.
Native extension for WindowsStandalone target not found
Refreshing native plugins compatible for Editor in 283.78 ms, found 12 plugins.
Preloading 1 native plugins for Editor in 0.15 ms.
Mono: successfully reloaded assembly
- Completed reload, in  1.378 seconds
Domain Reload Profiling:
	ReloadAssembly (1379ms)
		BeginReloadAssembly (149ms)
			ExecutionOrderSort (0ms)
			DisableScriptedObjects (0ms)
			BackupInstance (0ms)
			ReleaseScriptingObjects (0ms)
			CreateAndSetChildDomain (1ms)
		EndReloadAssembly (1068ms)
			LoadAssemblies (145ms)
			RebuildTransferFunctionScriptingTraits (0ms)
			SetupTypeCache (205ms)
			ReleaseScriptCaches (0ms)
			RebuildScriptCaches (53ms)
			SetupLoadedEditorAssemblies (681ms)
				LogAssemblyErrors (0ms)
				InitializePlatformSupportModulesInManaged (29ms)
				SetLoadedEditorAssemblies (0ms)
				RefreshPlugins (284ms)
				BeforeProcessingInitializeOnLoad (3ms)
				ProcessInitializeOnLoadAttributes (270ms)
				ProcessInitializeOnLoadMethodAttributes (94ms)
				AfterProcessingInitializeOnLoad (0ms)
				EditorAssembliesLoaded (0ms)
			ExecutionOrderSort2 (0ms)
			AwakeInstancesAfterBackupRestoration (0ms)
Platform modules already initialized, skipping
Registering precompiled user dll's ...
Registered in 0.023219 seconds.
Begin MonoManager ReloadAssembly
Symbol file LoadedFromMemory doesn't match image C:\Users\Heidi\Documents\GitHub\Eyedylic\Eyedylic Prototype\Library\PackageCache\com.unity.visualscripting@1.7.6\Editor\VisualScripting.Core\Dependencies\DotNetZip\Unity.VisualScripting.IonicZip.dll
Symbol file LoadedFromMemory doesn't match image C:\Users\Heidi\Documents\GitHub\Eyedylic\Eyedylic Prototype\Library\PackageCache\com.unity.visualscripting@1.7.6\Editor\VisualScripting.Core\Dependencies\YamlDotNet\Unity.VisualScripting.YamlDotNet.dll
Native extension for WindowsStandalone target not found
Refreshing native plugins compatible for Editor in 241.45 ms, found 12 plugins.
Preloading 1 native plugins for Editor in 0.12 ms.
Package Manager log level set to [2]
[XR] OculusXRPlugin: registering subsystems
[XR] Unable to register display lifecyle provider: [1]
[XR] Oculus Input lifecycle provider registered.
[XR] Unable to register input lifecyle provider: [1]
[XR] OVRP version 1.69.0
Mono: successfully reloaded assembly
- Completed reload, in  2.642 seconds
Domain Reload Profiling:
	ReloadAssembly (2644ms)
		BeginReloadAssembly (217ms)
			ExecutionOrderSort (0ms)
			DisableScriptedObjects (11ms)
			BackupInstance (0ms)
			ReleaseScriptingObjects (0ms)
			CreateAndSetChildDomain (35ms)
		EndReloadAssembly (2218ms)
			LoadAssemblies (180ms)
			RebuildTransferFunctionScriptingTraits (0ms)
			SetupTypeCache (480ms)
			ReleaseScriptCaches (1ms)
			RebuildScriptCaches (131ms)
			SetupLoadedEditorAssemblies (1333ms)
				LogAssemblyErrors (0ms)
				InitializePlatformSupportModulesInManaged (22ms)
				SetLoadedEditorAssemblies (1ms)
				RefreshPlugins (242ms)
				BeforeProcessingInitializeOnLoad (221ms)
				ProcessInitializeOnLoadAttributes (769ms)
				ProcessInitializeOnLoadMethodAttributes (61ms)
				AfterProcessingInitializeOnLoad (18ms)
				EditorAssembliesLoaded (0ms)
			ExecutionOrderSort2 (0ms)
			AwakeInstancesAfterBackupRestoration (12ms)
Platform modules already initialized, skipping
========================================================================
Worker process is ready to serve import requests
Shader 'Oculus/OVRMRCameraFrameLit': fallback shader 'Alpha-Diffuse' not found
Launched and connected shader compiler UnityShaderCompiler.exe after 0.12 seconds
Refreshing native plugins compatible for Editor in 3.50 ms, found 12 plugins.
Preloading 1 native plugins for Editor in 0.22 ms.
Unloading 5030 Unused Serialized files (Serialized files now loaded: 0)
Unloading 74 unused Assets / (153.7 KB). Loaded Objects now: 5457.
Memory consumption went from 193.6 MB to 193.5 MB.
Total: 10.107600 ms (FindLiveObjects: 0.858500 ms CreateObjectMapping: 0.567000 ms MarkObjects: 8.236900 ms  DeleteObjects: 0.439700 ms)

AssetImportParameters requested are different than current active one (requested -> active):
  custom:video-decoder-ogg-theora: a1e56fd34408186e4bbccfd4996cb3dc -> 
  custom:container-muxer-webm: aa71ff27fc2769a1b78a27578f13a17b -> 
  custom:container-demuxer-webm: 4f35f7cbe854078d1ac9338744f61a02 -> 
  custom:video-encoder-webm-vp8: eb34c28f22e8b96e1ab97ce403110664 -> 
  custom:video-codec-MediaFoundation-h265: 746d11721c4dcdbdad8f713fa42b33f4 -> 
  custom:audio-encoder-webm-vorbis: bf7c407c2cedff20999df2af8eb42d56 -> 
  custom:framework-win-MediaFoundation: 216162199b28c13a410421893ffa2e32 -> 
  custom:container-demuxer-ogg: 62fdf1f143b41e24485cea50d1cbac27 -> 
  custom:video-decoder-webm-vp8: 9c59270c3fd7afecdb556c50c9e8de78 -> 
  custom:audio-decoder-ogg-vorbis: bf7c407c2cedff20999df2af8eb42d56 -> 
========================================================================
Received Import Request.
  Time since last request: 25799.513738 seconds.
  path: Assets/UI Canvas/StartMenu/ExitGameButton.png
  artifactKey: Guid(d08908aa43e415b46ab4688b816b50c0) Importer(815301076,1909f56bfc062723c751e8b465ee728b)
Start importing Assets/UI Canvas/StartMenu/ExitGameButton.png using Guid(d08908aa43e415b46ab4688b816b50c0) Importer(815301076,1909f56bfc062723c751e8b465ee728b)  -> (artifact id: '33efe08e328d3736f0377a798faf560c') in 0.189730 seconds 
========================================================================
Received Import Request.
  Time since last request: 0.000045 seconds.
  path: Assets/UI Canvas/StartMenu/Background_Settings.png
  artifactKey: Guid(70ca375e5f7353a4484992438335b86f) Importer(815301076,1909f56bfc062723c751e8b465ee728b)
Start importing Assets/UI Canvas/StartMenu/Background_Settings.png using Guid(70ca375e5f7353a4484992438335b86f) Importer(815301076,1909f56bfc062723c751e8b465ee728b)  -> (artifact id: '18dd0f61bfec006997c8a4f631aa0f7b') in 0.070602 seconds 
========================================================================
Received Import Request.
  Time since last request: 0.000080 seconds.
  path: Assets/UI Canvas/StartMenu/Text_Eyecondition.png
  artifactKey: Guid(b53783ce176cba543b013a047933269d) Importer(815301076,1909f56bfc062723c751e8b465ee728b)
Start importing Assets/UI Canvas/StartMenu/Text_Eyecondition.png using Guid(b53783ce176cba543b013a047933269d) Importer(815301076,1909f56bfc062723c751e8b465ee728b)  -> (artifact id: '04d655eb270d7dfe063e50df16d45d66') in 0.026345 seconds 
========================================================================
Received Import Request.
  Time since last request: 0.000044 seconds.
  path: Assets/UI Canvas/StartMenu/Text_Cataract.png
  artifactKey: Guid(1a2d204f5d7967549af80b3fca8668dc) Importer(815301076,1909f56bfc062723c751e8b465ee728b)
Start importing Assets/UI Canvas/StartMenu/Text_Cataract.png using Guid(1a2d204f5d7967549af80b3fca8668dc) Importer(815301076,1909f56bfc062723c751e8b465ee728b)  -> (artifact id: 'f24e74e998243d9842720ca8ffcd62d0') in 0.023247 seconds 
========================================================================
Received Import Request.
  Time since last request: 0.000050 seconds.
  path: Assets/UI Canvas/StartMenu/Hover_EyeSound.png
  artifactKey: Guid(b2d419d62c01c5a4c97f0e558aca27be) Importer(815301076,1909f56bfc062723c751e8b465ee728b)
Start importing Assets/UI Canvas/StartMenu/Hover_EyeSound.png using Guid(b2d419d62c01c5a4c97f0e558aca27be) Importer(815301076,1909f56bfc062723c751e8b465ee728b)  -> (artifact id: 'ccac63d72ba491586283b5745d0c45ea') in 0.029801 seconds 
========================================================================
Received Import Request.
  Time since last request: 0.000033 seconds.
  path: Assets/UI Canvas/StartMenu/Text_Glaucoma.png
  artifactKey: Guid(874dabc80e04f6e4eab342f231bae44b) Importer(815301076,1909f56bfc062723c751e8b465ee728b)
Start importing Assets/UI Canvas/StartMenu/Text_Glaucoma.png using Guid(874dabc80e04f6e4eab342f231bae44b) Importer(815301076,1909f56bfc062723c751e8b465ee728b)  -> (artifact id: '9b742103e6bdce7716d986ceb46907bc') in 0.026516 seconds 
========================================================================
Received Import Request.
  Time since last request: 100.050222 seconds.
  path: Assets/UI Canvas/StartMenu/Background_EyeConditionSound.png
  artifactKey: Guid(6094ff554a64e0048a92abbf908aa76e) Importer(815301076,1909f56bfc062723c751e8b465ee728b)
Start importing Assets/UI Canvas/StartMenu/Background_EyeConditionSound.png using Guid(6094ff554a64e0048a92abbf908aa76e) Importer(815301076,1909f56bfc062723c751e8b465ee728b)  -> (artifact id: '00a15a682ada7a0f08efb14e74e9f4f3') in 0.136905 seconds 
========================================================================
Received Import Request.
  Time since last request: 0.000057 seconds.
  path: Assets/UI Canvas/StartMenu/Group 99.png
  artifactKey: Guid(592b802f41dcdf84bac36a743a372540) Importer(815301076,1909f56bfc062723c751e8b465ee728b)
Start importing Assets/UI Canvas/StartMenu/Group 99.png using Guid(592b802f41dcdf84bac36a743a372540) Importer(815301076,1909f56bfc062723c751e8b465ee728b)  -> (artifact id: 'ae872876d7e120a1bf2f02e0e50e0bd6') in 0.034461 seconds 
========================================================================
Received Import Request.
  Time since last request: 0.000081 seconds.
  path: Assets/UI Canvas/StartMenu/Text_DiabeticRetinopathy.png
  artifactKey: Guid(66e93ca2f8232d4428a71baadce6bd32) Importer(815301076,1909f56bfc062723c751e8b465ee728b)
Start importing Assets/UI Canvas/StartMenu/Text_DiabeticRetinopathy.png using Guid(66e93ca2f8232d4428a71baadce6bd32) Importer(815301076,1909f56bfc062723c751e8b465ee728b)  -> (artifact id: '72f7daff679b4da78309560b3184f860') in 0.044777 seconds 
========================================================================
Received Import Request.
  Time since last request: 0.000036 seconds.
  path: Assets/UI Canvas/StartMenu/Background_Settings.png
  artifactKey: Guid(70ca375e5f7353a4484992438335b86f) Importer(815301076,1909f56bfc062723c751e8b465ee728b)
Start importing Assets/UI Canvas/StartMenu/Background_Settings.png using Guid(70ca375e5f7353a4484992438335b86f) Importer(815301076,1909f56bfc062723c751e8b465ee728b)  -> (artifact id: '07335b0d0736eb61fbeaa99d7ac51f81') in 0.304613 seconds 
========================================================================
Received Import Request.
  Time since last request: 0.000039 seconds.
  path: Assets/UI Canvas/StartMenu/Settings Text.png
  artifactKey: Guid(673b662f859f4f64e8f1425ebc19a8ca) Importer(815301076,1909f56bfc062723c751e8b465ee728b)
Start importing Assets/UI Canvas/StartMenu/Settings Text.png using Guid(673b662f859f4f64e8f1425ebc19a8ca) Importer(815301076,1909f56bfc062723c751e8b465ee728b)  -> (artifact id: '2d7c255f5847456443b9dded8168366a') in 0.046487 seconds 
========================================================================
Received Import Request.
  Time since last request: 0.000041 seconds.
  path: Assets/UI Canvas/StartMenu/Text_Cataract.png
  artifactKey: Guid(1a2d204f5d7967549af80b3fca8668dc) Importer(815301076,1909f56bfc062723c751e8b465ee728b)
Start importing Assets/UI Canvas/StartMenu/Text_Cataract.png using Guid(1a2d204f5d7967549af80b3fca8668dc) Importer(815301076,1909f56bfc062723c751e8b465ee728b)  -> (artifact id: '945d0fd7d9d2bf6f78c4599693ea2a11') in 0.034700 seconds 
========================================================================
Received Import Request.
  Time since last request: 0.000035 seconds.
  path: Assets/UI Canvas/StartMenu/Text_VisualImpairmentSimulation.png
  artifactKey: Guid(f53294caceb176948a995001b34d7b4b) Importer(815301076,1909f56bfc062723c751e8b465ee728b)
Start importing Assets/UI Canvas/StartMenu/Text_VisualImpairmentSimulation.png using Guid(f53294caceb176948a995001b34d7b4b) Importer(815301076,1909f56bfc062723c751e8b465ee728b)  -> (artifact id: 'debd842af7cb6682ba44f331a9418b03') in 0.047162 seconds 
========================================================================
Received Import Request.
  Time since last request: 0.000036 seconds.
  path: Assets/UI Canvas/StartMenu/ResumeButton.png
  artifactKey: Guid(32f43c2c08be06b4bb137b1350bfe253) Importer(815301076,1909f56bfc062723c751e8b465ee728b)
Start importing Assets/UI Canvas/StartMenu/ResumeButton.png using Guid(32f43c2c08be06b4bb137b1350bfe253) Importer(815301076,1909f56bfc062723c751e8b465ee728b)  -> (artifact id: 'e90ffeb826a4a80f12ba9d03212d5fb5') in 0.045281 seconds 
========================================================================
Received Import Request.
  Time since last request: 0.000070 seconds.
  path: Assets/UI Canvas/StartMenu/Text_MacularDegeneration.png
  artifactKey: Guid(0c6d5a418c007e247b923b7c3a8dbc49) Importer(815301076,1909f56bfc062723c751e8b465ee728b)
Start importing Assets/UI Canvas/StartMenu/Text_MacularDegeneration.png using Guid(0c6d5a418c007e247b923b7c3a8dbc49) Importer(815301076,1909f56bfc062723c751e8b465ee728b)  -> (artifact id: 'c2ac4b40c0aa877d891f907f6770ddf4') in 0.047006 seconds 
========================================================================
Received Import Request.
  Time since last request: 655.426095 seconds.
  path: Assets/UI Canvas/Group 120.png
  artifactKey: Guid(92333e05818fca8428d06a82ba889b13) Importer(815301076,1909f56bfc062723c751e8b465ee728b)
Start importing Assets/UI Canvas/Group 120.png using Guid(92333e05818fca8428d06a82ba889b13) Importer(815301076,1909f56bfc062723c751e8b465ee728b)  -> (artifact id: '88dbab82b91f743a0e4843379df148bc') in 0.035148 seconds 
========================================================================
Received Import Request.
  Time since last request: 0.000273 seconds.
  path: Assets/UI Canvas/Group 122.png
  artifactKey: Guid(aa5941f16a6455243bcedfc7b3014a4c) Importer(815301076,1909f56bfc062723c751e8b465ee728b)
Start importing Assets/UI Canvas/Group 122.png using Guid(aa5941f16a6455243bcedfc7b3014a4c) Importer(815301076,1909f56bfc062723c751e8b465ee728b)  -> (artifact id: 'c5b780f64e0089a7898dda221bcbb0e3') in 0.037409 seconds 
========================================================================
Received Import Request.
  Time since last request: 0.000052 seconds.
  path: Assets/UI Canvas/Group 123.png
  artifactKey: Guid(a304c7c374806794f878f874b83720b7) Importer(815301076,1909f56bfc062723c751e8b465ee728b)
Start importing Assets/UI Canvas/Group 123.png using Guid(a304c7c374806794f878f874b83720b7) Importer(815301076,1909f56bfc062723c751e8b465ee728b)  -> (artifact id: '7e5ebe8fd186a63619e88985449b57e4') in 0.024287 seconds 
========================================================================
Received Import Request.
  Time since last request: 0.000064 seconds.
  path: Assets/UI Canvas/Group 125.png
  artifactKey: Guid(6d967277952bfa0448560e78a050e48b) Importer(815301076,1909f56bfc062723c751e8b465ee728b)
Start importing Assets/UI Canvas/Group 125.png using Guid(6d967277952bfa0448560e78a050e48b) Importer(815301076,1909f56bfc062723c751e8b465ee728b)  -> (artifact id: '36025a754455446816541aff2e8af52b') in 0.025234 seconds 
========================================================================
Received Import Request.
  Time since last request: 33.446739 seconds.
  path: Assets/UI Canvas/Group 120.png
  artifactKey: Guid(92333e05818fca8428d06a82ba889b13) Importer(815301076,1909f56bfc062723c751e8b465ee728b)
Start importing Assets/UI Canvas/Group 120.png using Guid(92333e05818fca8428d06a82ba889b13) Importer(815301076,1909f56bfc062723c751e8b465ee728b)  -> (artifact id: 'c453f2139ddfc7e9eae025a7fa6eb689') in 0.047121 seconds 
========================================================================
Received Import Request.
  Time since last request: 0.000052 seconds.
  path: Assets/UI Canvas/Group 122.png
  artifactKey: Guid(aa5941f16a6455243bcedfc7b3014a4c) Importer(815301076,1909f56bfc062723c751e8b465ee728b)
Start importing Assets/UI Canvas/Group 122.png using Guid(aa5941f16a6455243bcedfc7b3014a4c) Importer(815301076,1909f56bfc062723c751e8b465ee728b)  -> (artifact id: '121a3b5166aeb427804aaf21cae5962c') in 0.045892 seconds 
========================================================================
Received Import Request.
  Time since last request: 0.000072 seconds.
  path: Assets/UI Canvas/Group 123.png
  artifactKey: Guid(a304c7c374806794f878f874b83720b7) Importer(815301076,1909f56bfc062723c751e8b465ee728b)
Start importing Assets/UI Canvas/Group 123.png using Guid(a304c7c374806794f878f874b83720b7) Importer(815301076,1909f56bfc062723c751e8b465ee728b)  -> (artifact id: '703fbde0e9495102ff973b0cd3d31c53') in 0.038031 seconds 
========================================================================
Received Import Request.
  Time since last request: 0.000043 seconds.
  path: Assets/UI Canvas/Group 125.png
  artifactKey: Guid(6d967277952bfa0448560e78a050e48b) Importer(815301076,1909f56bfc062723c751e8b465ee728b)
Start importing Assets/UI Canvas/Group 125.png using Guid(6d967277952bfa0448560e78a050e48b) Importer(815301076,1909f56bfc062723c751e8b465ee728b)  -> (artifact id: '440ef44b76865a8f9d093d851352ca6e') in 0.039975 seconds 
========================================================================
Received Import Request.
  Time since last request: 289.680425 seconds.
  path: Assets/Images/Filter Menu/Glau_U.png
  artifactKey: Guid(6fe7ac11a69ad4ef8bb03ee6bce1fa11) Importer(815301076,1909f56bfc062723c751e8b465ee728b)
Start importing Assets/Images/Filter Menu/Glau_U.png using Guid(6fe7ac11a69ad4ef8bb03ee6bce1fa11) Importer(815301076,1909f56bfc062723c751e8b465ee728b)  -> (artifact id: '72c1e4d1e93cbff0b1b41edbe4e75003') in 0.048810 seconds 
========================================================================
Received Import Request.
  Time since last request: 0.702433 seconds.
  path: Assets/Images/Filter Menu/DR_S.png
  artifactKey: Guid(e12a2771b437541d897fdb2b050f41f5) Importer(815301076,1909f56bfc062723c751e8b465ee728b)
Start importing Assets/Images/Filter Menu/DR_S.png using Guid(e12a2771b437541d897fdb2b050f41f5) Importer(815301076,1909f56bfc062723c751e8b465ee728b)  -> (artifact id: '22c6c1ac87db5e43e088fd4d79a0e3f2') in 0.050200 seconds 
========================================================================
Received Import Request.
  Time since last request: 0.000067 seconds.
  path: Assets/Images/Filter Menu/ExitGameButton.png
  artifactKey: Guid(bb45cfd94dc9e4cf3bb999b12a58128f) Importer(815301076,1909f56bfc062723c751e8b465ee728b)
Start importing Assets/Images/Filter Menu/ExitGameButton.png using Guid(bb45cfd94dc9e4cf3bb999b12a58128f) Importer(815301076,1909f56bfc062723c751e8b465ee728b)  -> (artifact id: 'a3b1dd02e225e141e83fe3d9ed682939') in 0.065710 seconds 
========================================================================
Received Import Request.
  Time since last request: 0.101921 seconds.
  path: Assets/Images/Filter Menu/Cat_U.png
  artifactKey: Guid(91813159024e246c6adb18f8f8010bf6) Importer(815301076,1909f56bfc062723c751e8b465ee728b)
Start importing Assets/Images/Filter Menu/Cat_U.png using Guid(91813159024e246c6adb18f8f8010bf6) Importer(815301076,1909f56bfc062723c751e8b465ee728b)  -> (artifact id: '7db1de1c5e270f6a33c8f0b1843628b2') in 0.041766 seconds 
========================================================================
Received Import Request.
  Time since last request: 0.000092 seconds.
  path: Assets/Images/Filter Menu/Background_Settings.png
  artifactKey: Guid(7359ef223bb0c43b28463278a87b83f1) Importer(815301076,1909f56bfc062723c751e8b465ee728b)
Start importing Assets/Images/Filter Menu/Background_Settings.png using Guid(7359ef223bb0c43b28463278a87b83f1) Importer(815301076,1909f56bfc062723c751e8b465ee728b)  -> (artifact id: 'c15b616285d816603737e0c46eb609d0') in 0.268749 seconds 
========================================================================
Received Import Request.
  Time since last request: 0.000053 seconds.
  path: Assets/Images/Filter Menu/Background_EyeConditionSound.png
  artifactKey: Guid(48529a7b5852549cb8656deb3fb96c82) Importer(815301076,1909f56bfc062723c751e8b465ee728b)
Start importing Assets/Images/Filter Menu/Background_EyeConditionSound.png using Guid(48529a7b5852549cb8656deb3fb96c82) Importer(815301076,1909f56bfc062723c751e8b465ee728b)  -> (artifact id: 'fee880f9bf128c79ebbbb5f41cfe5f5f') in 0.071193 seconds 
========================================================================
Received Prepare
Registering precompiled user dll's ...
Registered in 0.020328 seconds.
Begin MonoManager ReloadAssembly
Symbol file LoadedFromMemory doesn't match image C:\Users\Heidi\Documents\GitHub\Eyedylic\Eyedylic Prototype\Library\PackageCache\com.unity.visualscripting@1.7.6\Editor\VisualScripting.Core\Dependencies\DotNetZip\Unity.VisualScripting.IonicZip.dll
Symbol file LoadedFromMemory doesn't match image C:\Users\Heidi\Documents\GitHub\Eyedylic\Eyedylic Prototype\Library\PackageCache\com.unity.visualscripting@1.7.6\Editor\VisualScripting.Core\Dependencies\YamlDotNet\Unity.VisualScripting.YamlDotNet.dll
Native extension for WindowsStandalone target not found
Refreshing native plugins compatible for Editor in 2.48 ms, found 12 plugins.
Preloading 1 native plugins for Editor in 0.20 ms.
Mono: successfully reloaded assembly
- Completed reload, in  2.359 seconds
Domain Reload Profiling:
	ReloadAssembly (2360ms)
		BeginReloadAssembly (264ms)
			ExecutionOrderSort (0ms)
			DisableScriptedObjects (11ms)
			BackupInstance (0ms)
			ReleaseScriptingObjects (0ms)
			CreateAndSetChildDomain (80ms)
		EndReloadAssembly (1882ms)
			LoadAssemblies (181ms)
			RebuildTransferFunctionScriptingTraits (0ms)
			SetupTypeCache (549ms)
			ReleaseScriptCaches (2ms)
			RebuildScriptCaches (74ms)
			SetupLoadedEditorAssemblies (786ms)
				LogAssemblyErrors (0ms)
				InitializePlatformSupportModulesInManaged (23ms)
				SetLoadedEditorAssemblies (1ms)
				RefreshPlugins (3ms)
				BeforeProcessingInitializeOnLoad (158ms)
				ProcessInitializeOnLoadAttributes (508ms)
				ProcessInitializeOnLoadMethodAttributes (74ms)
				AfterProcessingInitializeOnLoad (18ms)
				EditorAssembliesLoaded (0ms)
			ExecutionOrderSort2 (0ms)
			AwakeInstancesAfterBackupRestoration (28ms)
Platform modules already initialized, skipping
Switching build target platform(19) subTarget(0) extendedPlatform(0) -> platform(13) subTarget(6) extendedPlatform(0)
Shader 'Oculus/OVRMRCameraFrameLit': fallback shader 'Alpha-Diffuse' not found
Refreshing native plugins compatible for Editor in 2.50 ms, found 12 plugins.
Preloading 1 native plugins for Editor in 0.15 ms.
Unloading 4925 Unused Serialized files (Serialized files now loaded: 0)
Unloading 67 unused Assets / (120.9 KB). Loaded Objects now: 5930.
Memory consumption went from 202.5 MB to 202.3 MB.
Total: 6.959900 ms (FindLiveObjects: 1.011900 ms CreateObjectMapping: 0.339400 ms MarkObjects: 5.410100 ms  DeleteObjects: 0.196500 ms)

AssetImportParameters requested are different than current active one (requested -> active):
  custom:video-decoder-ogg-theora: a1e56fd34408186e4bbccfd4996cb3dc -> 
  custom:container-muxer-webm: aa71ff27fc2769a1b78a27578f13a17b -> 
  custom:container-demuxer-webm: 4f35f7cbe854078d1ac9338744f61a02 -> 
  custom:video-encoder-webm-vp8: eb34c28f22e8b96e1ab97ce403110664 -> 
  custom:video-codec-MediaFoundation-h265: 746d11721c4dcdbdad8f713fa42b33f4 -> 
  custom:audio-encoder-webm-vorbis: bf7c407c2cedff20999df2af8eb42d56 -> 
  custom:framework-win-MediaFoundation: 216162199b28c13a410421893ffa2e32 -> 
  custom:container-demuxer-ogg: 62fdf1f143b41e24485cea50d1cbac27 -> 
  custom:video-decoder-webm-vp8: 9c59270c3fd7afecdb556c50c9e8de78 -> 
  custom:audio-decoder-ogg-vorbis: bf7c407c2cedff20999df2af8eb42d56 -> 
========================================================================
Received Prepare
Registering precompiled user dll's ...
Registered in 0.021087 seconds.
Begin MonoManager ReloadAssembly
Symbol file LoadedFromMemory doesn't match image C:\Users\Heidi\Documents\GitHub\Eyedylic\Eyedylic Prototype\Library\PackageCache\com.unity.visualscripting@1.7.6\Editor\VisualScripting.Core\Dependencies\DotNetZip\Unity.VisualScripting.IonicZip.dll
Symbol file LoadedFromMemory doesn't match image C:\Users\Heidi\Documents\GitHub\Eyedylic\Eyedylic Prototype\Library\PackageCache\com.unity.visualscripting@1.7.6\Editor\VisualScripting.Core\Dependencies\YamlDotNet\Unity.VisualScripting.YamlDotNet.dll
Native extension for WindowsStandalone target not found
Refreshing native plugins compatible for Editor in 4.08 ms, found 12 plugins.
Preloading 1 native plugins for Editor in 0.20 ms.
Mono: successfully reloaded assembly
- Completed reload, in  2.281 seconds
Domain Reload Profiling:
	ReloadAssembly (2282ms)
		BeginReloadAssembly (270ms)
			ExecutionOrderSort (0ms)
			DisableScriptedObjects (16ms)
			BackupInstance (0ms)
			ReleaseScriptingObjects (0ms)
			CreateAndSetChildDomain (68ms)
		EndReloadAssembly (1791ms)
			LoadAssemblies (178ms)
			RebuildTransferFunctionScriptingTraits (0ms)
			SetupTypeCache (506ms)
			ReleaseScriptCaches (2ms)
			RebuildScriptCaches (87ms)
			SetupLoadedEditorAssemblies (837ms)
				LogAssemblyErrors (0ms)
				InitializePlatformSupportModulesInManaged (27ms)
				SetLoadedEditorAssemblies (2ms)
				RefreshPlugins (4ms)
				BeforeProcessingInitializeOnLoad (171ms)
				ProcessInitializeOnLoadAttributes (541ms)
				ProcessInitializeOnLoadMethodAttributes (71ms)
				AfterProcessingInitializeOnLoad (21ms)
				EditorAssembliesLoaded (0ms)
			ExecutionOrderSort2 (0ms)
			AwakeInstancesAfterBackupRestoration (31ms)
Platform modules already initialized, skipping
Switching build target platform(19) subTarget(0) extendedPlatform(0) -> platform(13) subTarget(6) extendedPlatform(0)
Shader 'Oculus/OVRMRCameraFrameLit': fallback shader 'Alpha-Diffuse' not found
Refreshing native plugins compatible for Editor in 3.46 ms, found 12 plugins.
Preloading 1 native plugins for Editor in 0.16 ms.
Unloading 4902 Unused Serialized files (Serialized files now loaded: 0)
Unloading 67 unused Assets / (120.9 KB). Loaded Objects now: 5933.
Memory consumption went from 201.5 MB to 201.4 MB.
Total: 9.138800 ms (FindLiveObjects: 0.888000 ms CreateObjectMapping: 0.405800 ms MarkObjects: 7.605500 ms  DeleteObjects: 0.237600 ms)

AssetImportParameters requested are different than current active one (requested -> active):
  custom:video-decoder-ogg-theora: a1e56fd34408186e4bbccfd4996cb3dc -> 
  custom:container-muxer-webm: aa71ff27fc2769a1b78a27578f13a17b -> 
  custom:container-demuxer-webm: 4f35f7cbe854078d1ac9338744f61a02 -> 
  custom:video-encoder-webm-vp8: eb34c28f22e8b96e1ab97ce403110664 -> 
  custom:video-codec-MediaFoundation-h265: 746d11721c4dcdbdad8f713fa42b33f4 -> 
  custom:audio-encoder-webm-vorbis: bf7c407c2cedff20999df2af8eb42d56 -> 
  custom:framework-win-MediaFoundation: 216162199b28c13a410421893ffa2e32 -> 
  custom:container-demuxer-ogg: 62fdf1f143b41e24485cea50d1cbac27 -> 
  custom:video-decoder-webm-vp8: 9c59270c3fd7afecdb556c50c9e8de78 -> 
  custom:audio-decoder-ogg-vorbis: bf7c407c2cedff20999df2af8eb42d56 -> 
========================================================================
Received Prepare
Registering precompiled user dll's ...
Registered in 0.027605 seconds.
Begin MonoManager ReloadAssembly
Symbol file LoadedFromMemory doesn't match image C:\Users\Heidi\Documents\GitHub\Eyedylic\Eyedylic Prototype\Library\PackageCache\com.unity.visualscripting@1.7.6\Editor\VisualScripting.Core\Dependencies\DotNetZip\Unity.VisualScripting.IonicZip.dll
Symbol file LoadedFromMemory doesn't match image C:\Users\Heidi\Documents\GitHub\Eyedylic\Eyedylic Prototype\Library\PackageCache\com.unity.visualscripting@1.7.6\Editor\VisualScripting.Core\Dependencies\YamlDotNet\Unity.VisualScripting.YamlDotNet.dll
Native extension for WindowsStandalone target not found
Refreshing native plugins compatible for Editor in 4.32 ms, found 12 plugins.
Preloading 1 native plugins for Editor in 0.14 ms.
Mono: successfully reloaded assembly
- Completed reload, in  2.232 seconds
Domain Reload Profiling:
	ReloadAssembly (2233ms)
		BeginReloadAssembly (274ms)
			ExecutionOrderSort (0ms)
			DisableScriptedObjects (15ms)
			BackupInstance (0ms)
			ReleaseScriptingObjects (0ms)
			CreateAndSetChildDomain (69ms)
		EndReloadAssembly (1750ms)
			LoadAssemblies (188ms)
			RebuildTransferFunctionScriptingTraits (0ms)
			SetupTypeCache (451ms)
			ReleaseScriptCaches (2ms)
			RebuildScriptCaches (94ms)
			SetupLoadedEditorAssemblies (830ms)
				LogAssemblyErrors (0ms)
				InitializePlatformSupportModulesInManaged (32ms)
				SetLoadedEditorAssemblies (1ms)
				RefreshPlugins (5ms)
				BeforeProcessingInitializeOnLoad (167ms)
				ProcessInitializeOnLoadAttributes (535ms)
				ProcessInitializeOnLoadMethodAttributes (71ms)
				AfterProcessingInitializeOnLoad (19ms)
				EditorAssembliesLoaded (0ms)
			ExecutionOrderSort2 (0ms)
			AwakeInstancesAfterBackupRestoration (26ms)
Platform modules already initialized, skipping
Switching build target platform(19) subTarget(0) extendedPlatform(0) -> platform(13) subTarget(6) extendedPlatform(0)
Shader 'Oculus/OVRMRCameraFrameLit': fallback shader 'Alpha-Diffuse' not found
Refreshing native plugins compatible for Editor in 4.03 ms, found 12 plugins.
Preloading 1 native plugins for Editor in 0.18 ms.
Unloading 4902 Unused Serialized files (Serialized files now loaded: 0)
Unloading 67 unused Assets / (121.0 KB). Loaded Objects now: 5936.
Memory consumption went from 201.5 MB to 201.4 MB.
Total: 9.021800 ms (FindLiveObjects: 1.329500 ms CreateObjectMapping: 0.423600 ms MarkObjects: 6.785300 ms  DeleteObjects: 0.478500 ms)

AssetImportParameters requested are different than current active one (requested -> active):
  custom:video-decoder-ogg-theora: a1e56fd34408186e4bbccfd4996cb3dc -> 
  custom:container-muxer-webm: aa71ff27fc2769a1b78a27578f13a17b -> 
  custom:container-demuxer-webm: 4f35f7cbe854078d1ac9338744f61a02 -> 
  custom:video-encoder-webm-vp8: eb34c28f22e8b96e1ab97ce403110664 -> 
  custom:video-codec-MediaFoundation-h265: 746d11721c4dcdbdad8f713fa42b33f4 -> 
  custom:audio-encoder-webm-vorbis: bf7c407c2cedff20999df2af8eb42d56 -> 
  custom:framework-win-MediaFoundation: 216162199b28c13a410421893ffa2e32 -> 
  custom:container-demuxer-ogg: 62fdf1f143b41e24485cea50d1cbac27 -> 
  custom:video-decoder-webm-vp8: 9c59270c3fd7afecdb556c50c9e8de78 -> 
  custom:audio-decoder-ogg-vorbis: bf7c407c2cedff20999df2af8eb42d56 -> 
========================================================================
Received Prepare
Registering precompiled user dll's ...
Registered in 0.024406 seconds.
Begin MonoManager ReloadAssembly
Symbol file LoadedFromMemory doesn't match image C:\Users\Heidi\Documents\GitHub\Eyedylic\Eyedylic Prototype\Library\PackageCache\com.unity.visualscripting@1.7.6\Editor\VisualScripting.Core\Dependencies\DotNetZip\Unity.VisualScripting.IonicZip.dll
Symbol file LoadedFromMemory doesn't match image C:\Users\Heidi\Documents\GitHub\Eyedylic\Eyedylic Prototype\Library\PackageCache\com.unity.visualscripting@1.7.6\Editor\VisualScripting.Core\Dependencies\YamlDotNet\Unity.VisualScripting.YamlDotNet.dll
Native extension for WindowsStandalone target not found
Refreshing native plugins compatible for Editor in 2.92 ms, found 12 plugins.
Preloading 1 native plugins for Editor in 0.13 ms.
Mono: successfully reloaded assembly
- Completed reload, in  2.312 seconds
Domain Reload Profiling:
	ReloadAssembly (2313ms)
		BeginReloadAssembly (266ms)
			ExecutionOrderSort (0ms)
			DisableScriptedObjects (15ms)
			BackupInstance (0ms)
			ReleaseScriptingObjects (0ms)
			CreateAndSetChildDomain (69ms)
		EndReloadAssembly (1848ms)
			LoadAssemblies (180ms)
			RebuildTransferFunctionScriptingTraits (0ms)
			SetupTypeCache (543ms)
			ReleaseScriptCaches (2ms)
			RebuildScriptCaches (92ms)
			SetupLoadedEditorAssemblies (823ms)
				LogAssemblyErrors (0ms)
				InitializePlatformSupportModulesInManaged (31ms)
				SetLoadedEditorAssemblies (2ms)
				RefreshPlugins (3ms)
				BeforeProcessingInitializeOnLoad (165ms)
				ProcessInitializeOnLoadAttributes (540ms)
				ProcessInitializeOnLoadMethodAttributes (65ms)
				AfterProcessingInitializeOnLoad (17ms)
				EditorAssembliesLoaded (0ms)
			ExecutionOrderSort2 (0ms)
			AwakeInstancesAfterBackupRestoration (32ms)
Platform modules already initialized, skipping
Switching build target platform(19) subTarget(0) extendedPlatform(0) -> platform(13) subTarget(6) extendedPlatform(0)
Shader 'Oculus/OVRMRCameraFrameLit': fallback shader 'Alpha-Diffuse' not found
Refreshing native plugins compatible for Editor in 4.44 ms, found 12 plugins.
Preloading 1 native plugins for Editor in 0.15 ms.
Unloading 4902 Unused Serialized files (Serialized files now loaded: 0)
Unloading 67 unused Assets / (128.8 KB). Loaded Objects now: 5939.
Memory consumption went from 201.5 MB to 201.4 MB.
Total: 11.033900 ms (FindLiveObjects: 1.531400 ms CreateObjectMapping: 0.827400 ms MarkObjects: 8.311300 ms  DeleteObjects: 0.361500 ms)

AssetImportParameters requested are different than current active one (requested -> active):
  custom:video-decoder-ogg-theora: a1e56fd34408186e4bbccfd4996cb3dc -> 
  custom:container-muxer-webm: aa71ff27fc2769a1b78a27578f13a17b -> 
  custom:container-demuxer-webm: 4f35f7cbe854078d1ac9338744f61a02 -> 
  custom:video-encoder-webm-vp8: eb34c28f22e8b96e1ab97ce403110664 -> 
  custom:video-codec-MediaFoundation-h265: 746d11721c4dcdbdad8f713fa42b33f4 -> 
  custom:audio-encoder-webm-vorbis: bf7c407c2cedff20999df2af8eb42d56 -> 
  custom:framework-win-MediaFoundation: 216162199b28c13a410421893ffa2e32 -> 
  custom:container-demuxer-ogg: 62fdf1f143b41e24485cea50d1cbac27 -> 
  custom:video-decoder-webm-vp8: 9c59270c3fd7afecdb556c50c9e8de78 -> 
  custom:audio-decoder-ogg-vorbis: bf7c407c2cedff20999df2af8eb42d56 -> 
