Using pre-set license
Built from '2021.2/staging' branch; Version is '2021.2.7f1 (6bd9e232123f) revision 7068130'; Using compiler version '192829333'; Build Type 'Release'
OS: 'Windows 10  (10.0.19042) 64bit Professional' Language: 'en' Physical Memory: 16299 MB
BatchMode: 1, IsHumanControllingUs: 0, StartBugReporterOnCrash: 0, Is64bit: 1, IsPro: 0

COMMAND LINE ARGUMENTS:
C:\Program Files\Unity\Hub\Editor\2021.2.7f1\Editor\Unity.exe
-adb2
-batchMode
-noUpm
-name
AssetImportWorker4
-projectPath
C:/Users/zeta/OneDrive/Documents/GitHub/Eyedylic/Eyedylic Prototype
-logFile
Logs/AssetImportWorker4.log
-srvPort
60438
Successfully changed project path to: C:/Users/zeta/OneDrive/Documents/GitHub/Eyedylic/Eyedylic Prototype
C:/Users/zeta/OneDrive/Documents/GitHub/Eyedylic/Eyedylic Prototype
[UnityMemory] Configuration Parameters - Can be set up in boot.config
    "memorysetup-bucket-allocator-granularity=16"
    "memorysetup-bucket-allocator-bucket-count=8"
    "memorysetup-bucket-allocator-block-size=33554432"
    "memorysetup-bucket-allocator-block-count=8"
    "memorysetup-main-allocator-block-size=16777216"
    "memorysetup-thread-allocator-block-size=16777216"
    "memorysetup-gfx-main-allocator-block-size=16777216"
    "memorysetup-gfx-thread-allocator-block-size=16777216"
    "memorysetup-cache-allocator-block-size=4194304"
    "memorysetup-typetree-allocator-block-size=2097152"
    "memorysetup-profiler-bucket-allocator-granularity=16"
    "memorysetup-profiler-bucket-allocator-bucket-count=8"
    "memorysetup-profiler-bucket-allocator-block-size=33554432"
    "memorysetup-profiler-bucket-allocator-block-count=8"
    "memorysetup-profiler-allocator-block-size=16777216"
    "memorysetup-profiler-editor-allocator-block-size=1048576"
    "memorysetup-temp-allocator-size-main=16777216"
    "memorysetup-job-temp-allocator-block-size=2097152"
    "memorysetup-job-temp-allocator-block-size-background=1048576"
    "memorysetup-job-temp-allocator-reduction-small-platforms=262144"
    "memorysetup-temp-allocator-size-background-worker=32768"
    "memorysetup-temp-allocator-size-job-worker=262144"
    "memorysetup-temp-allocator-size-preload-manager=33554432"
    "memorysetup-temp-allocator-size-nav-mesh-worker=65536"
    "memorysetup-temp-allocator-size-audio-worker=65536"
    "memorysetup-temp-allocator-size-cloud-worker=32768"
    "memorysetup-temp-allocator-size-gi-baking-worker=262144"
    "memorysetup-temp-allocator-size-gfx=262144"
Refreshing native plugins compatible for Editor in 140.61 ms, found 12 plugins.
Preloading 1 native plugins for Editor in 1.08 ms.
Initialize engine version: 2021.2.7f1 (6bd9e232123f)
[Subsystems] Discovering subsystems at path C:/Program Files/Unity/Hub/Editor/2021.2.7f1/Editor/Data/Resources/UnitySubsystems
[Subsystems] Discovering subsystems at path C:/Users/zeta/OneDrive/Documents/GitHub/Eyedylic/Eyedylic Prototype/Assets
GfxDevice: creating device client; threaded=0; jobified=0
Direct3D:
    Version:  Direct3D 11.0 [level 11.1]
    Renderer: NVIDIA GeForce RTX 3060 Ti (ID=0x2486)
    Vendor:   NVIDIA
    VRAM:     8050 MB
    Driver:   27.21.14.6089
Shader 'Oculus/OVRMRCameraFrameLit': fallback shader 'Alpha-Diffuse' not found
Initialize mono
Mono path[0] = 'C:/Program Files/Unity/Hub/Editor/2021.2.7f1/Editor/Data/Managed'
Mono path[1] = 'C:/Program Files/Unity/Hub/Editor/2021.2.7f1/Editor/Data/MonoBleedingEdge/lib/mono/unityjit-win32'
Mono config path = 'C:/Program Files/Unity/Hub/Editor/2021.2.7f1/Editor/Data/MonoBleedingEdge/etc'
Using monoOptions --debugger-agent=transport=dt_socket,embedding=1,server=y,suspend=n,address=127.0.0.1:56596
Begin MonoManager ReloadAssembly
Registering precompiled unity dll's ...
Register platform support module: C:/Program Files/Unity/Hub/Editor/2021.2.7f1/Editor/Data/PlaybackEngines/WindowsStandaloneSupport/UnityEditor.WindowsStandalone.Extensions.dll
Registered in 0.006467 seconds.
Native extension for WindowsStandalone target not found
Refreshing native plugins compatible for Editor in 101.70 ms, found 12 plugins.
Preloading 1 native plugins for Editor in 0.06 ms.
Mono: successfully reloaded assembly
- Completed reload, in  0.615 seconds
Domain Reload Profiling:
	ReloadAssembly (615ms)
		BeginReloadAssembly (70ms)
			ExecutionOrderSort (0ms)
			DisableScriptedObjects (0ms)
			BackupInstance (0ms)
			ReleaseScriptingObjects (0ms)
			CreateAndSetChildDomain (1ms)
		EndReloadAssembly (467ms)
			LoadAssemblies (68ms)
			RebuildTransferFunctionScriptingTraits (0ms)
			SetupTypeCache (105ms)
			ReleaseScriptCaches (0ms)
			RebuildScriptCaches (27ms)
			SetupLoadedEditorAssemblies (282ms)
				LogAssemblyErrors (0ms)
				InitializePlatformSupportModulesInManaged (15ms)
				SetLoadedEditorAssemblies (0ms)
				RefreshPlugins (102ms)
				BeforeProcessingInitializeOnLoad (1ms)
				ProcessInitializeOnLoadAttributes (120ms)
				ProcessInitializeOnLoadMethodAttributes (44ms)
				AfterProcessingInitializeOnLoad (0ms)
				EditorAssembliesLoaded (0ms)
			ExecutionOrderSort2 (0ms)
			AwakeInstancesAfterBackupRestoration (0ms)
Platform modules already initialized, skipping
Registering precompiled user dll's ...
Registered in 0.009145 seconds.
Begin MonoManager ReloadAssembly
Symbol file LoadedFromMemory doesn't match image C:\Users\zeta\OneDrive\Documents\GitHub\Eyedylic\Eyedylic Prototype\Library\PackageCache\com.unity.visualscripting@1.7.6\Editor\VisualScripting.Core\Dependencies\DotNetZip\Unity.VisualScripting.IonicZip.dll
Symbol file LoadedFromMemory doesn't match image C:\Users\zeta\OneDrive\Documents\GitHub\Eyedylic\Eyedylic Prototype\Library\PackageCache\com.unity.visualscripting@1.7.6\Editor\VisualScripting.Core\Dependencies\YamlDotNet\Unity.VisualScripting.YamlDotNet.dll
Native extension for WindowsStandalone target not found
Refreshing native plugins compatible for Editor in 103.54 ms, found 12 plugins.
Preloading 1 native plugins for Editor in 0.06 ms.
Package Manager log level set to [2]
[XR] OculusXRPlugin: registering subsystems
[XR] Unable to register display lifecyle provider: [1]
[XR] Oculus Input lifecycle provider registered.
[XR] Unable to register input lifecyle provider: [1]
[XR] OVRP version 1.67.0
Mono: successfully reloaded assembly
- Completed reload, in  1.179 seconds
Domain Reload Profiling:
	ReloadAssembly (1180ms)
		BeginReloadAssembly (109ms)
			ExecutionOrderSort (0ms)
			DisableScriptedObjects (6ms)
			BackupInstance (0ms)
			ReleaseScriptingObjects (0ms)
			CreateAndSetChildDomain (19ms)
		EndReloadAssembly (976ms)
			LoadAssemblies (77ms)
			RebuildTransferFunctionScriptingTraits (0ms)
			SetupTypeCache (255ms)
			ReleaseScriptCaches (1ms)
			RebuildScriptCaches (66ms)
			SetupLoadedEditorAssemblies (526ms)
				LogAssemblyErrors (0ms)
				InitializePlatformSupportModulesInManaged (10ms)
				SetLoadedEditorAssemblies (0ms)
				RefreshPlugins (104ms)
				BeforeProcessingInitializeOnLoad (92ms)
				ProcessInitializeOnLoadAttributes (284ms)
				ProcessInitializeOnLoadMethodAttributes (29ms)
				AfterProcessingInitializeOnLoad (7ms)
				EditorAssembliesLoaded (0ms)
			ExecutionOrderSort2 (0ms)
			AwakeInstancesAfterBackupRestoration (6ms)
Platform modules already initialized, skipping
========================================================================
Worker process is ready to serve import requests
Shader 'Oculus/OVRMRCameraFrameLit': fallback shader 'Alpha-Diffuse' not found
Launched and connected shader compiler UnityShaderCompiler.exe after 0.30 seconds
Refreshing native plugins compatible for Editor in 2.10 ms, found 12 plugins.
Preloading 1 native plugins for Editor in 0.14 ms.
Unloading 4477 Unused Serialized files (Serialized files now loaded: 0)
Unloading 71 unused Assets / (136.4 KB). Loaded Objects now: 4902.
Memory consumption went from 169.2 MB to 169.1 MB.
Total: 4.641900 ms (FindLiveObjects: 0.537100 ms CreateObjectMapping: 0.525100 ms MarkObjects: 3.368600 ms  DeleteObjects: 0.209500 ms)

AssetImportParameters requested are different than current active one (requested -> active):
  custom:video-decoder-ogg-theora: a1e56fd34408186e4bbccfd4996cb3dc -> 
  custom:container-muxer-webm: aa71ff27fc2769a1b78a27578f13a17b -> 
  custom:container-demuxer-webm: 4f35f7cbe854078d1ac9338744f61a02 -> 
  custom:video-encoder-webm-vp8: eb34c28f22e8b96e1ab97ce403110664 -> 
  custom:audio-encoder-webm-vorbis: bf7c407c2cedff20999df2af8eb42d56 -> 
  custom:framework-win-MediaFoundation: 216162199b28c13a410421893ffa2e32 -> 
  custom:container-demuxer-ogg: 62fdf1f143b41e24485cea50d1cbac27 -> 
  custom:video-decoder-webm-vp8: 9c59270c3fd7afecdb556c50c9e8de78 -> 
  custom:audio-decoder-ogg-vorbis: bf7c407c2cedff20999df2af8eb42d56 -> 
========================================================================
Received Import Request.
  Time since last request: 2896338.686605 seconds.
  path: Assets/Oculus Hands
  artifactKey: Guid(fc418d5ed5159f24b9212a11bb97db1d) Importer(815301076,1909f56bfc062723c751e8b465ee728b)
Start importing Assets/Oculus Hands using Guid(fc418d5ed5159f24b9212a11bb97db1d) Importer(815301076,1909f56bfc062723c751e8b465ee728b)  -> (artifact id: '22ef1075b20fb300177a0e3574854ab4') in 0.011798 seconds 
========================================================================
Received Import Request.
  Time since last request: 1.937304 seconds.
  path: Assets/Oculus Hands/Prefabs
  artifactKey: Guid(176a87d49f06d4340bf832ac8e2f5df5) Importer(815301076,1909f56bfc062723c751e8b465ee728b)
Start importing Assets/Oculus Hands/Prefabs using Guid(176a87d49f06d4340bf832ac8e2f5df5) Importer(815301076,1909f56bfc062723c751e8b465ee728b)  -> (artifact id: '7801f5d36c17c730ee34ea48c988ee49') in 0.005992 seconds 
========================================================================
Received Import Request.
  Time since last request: 0.087336 seconds.
  path: Assets/Oculus Hands/Prefabs/Left Hand Model.prefab
  artifactKey: Guid(65847589f926b734d9eaed6e25f0046b) Importer(815301076,1909f56bfc062723c751e8b465ee728b)
Start importing Assets/Oculus Hands/Prefabs/Left Hand Model.prefab using Guid(65847589f926b734d9eaed6e25f0046b) Importer(815301076,1909f56bfc062723c751e8b465ee728b)  -> (artifact id: 'b828509b7714f0d109f3a05e1a7e70d0') in 0.109172 seconds 
========================================================================
Received Import Request.
  Time since last request: 80.385109 seconds.
  path: Assets
  artifactKey: Guid(00000000000000001000000000000000) Importer(815301076,1909f56bfc062723c751e8b465ee728b)
Start importing Assets using Guid(00000000000000001000000000000000) Importer(815301076,1909f56bfc062723c751e8b465ee728b)  -> (artifact id: '79842766b460edbeab6a34051e857a80') in 0.006059 seconds 
========================================================================
Received Prepare
Registering precompiled user dll's ...
Registered in 0.009578 seconds.
Begin MonoManager ReloadAssembly
Symbol file LoadedFromMemory doesn't match image C:\Users\zeta\OneDrive\Documents\GitHub\Eyedylic\Eyedylic Prototype\Library\PackageCache\com.unity.visualscripting@1.7.6\Editor\VisualScripting.Core\Dependencies\DotNetZip\Unity.VisualScripting.IonicZip.dll
Symbol file LoadedFromMemory doesn't match image C:\Users\zeta\OneDrive\Documents\GitHub\Eyedylic\Eyedylic Prototype\Library\PackageCache\com.unity.visualscripting@1.7.6\Editor\VisualScripting.Core\Dependencies\YamlDotNet\Unity.VisualScripting.YamlDotNet.dll
Native extension for WindowsStandalone target not found
Refreshing native plugins compatible for Editor in 1.26 ms, found 12 plugins.
Preloading 1 native plugins for Editor in 0.07 ms.
Mono: successfully reloaded assembly
- Completed reload, in  1.052 seconds
Domain Reload Profiling:
	ReloadAssembly (1052ms)
		BeginReloadAssembly (131ms)
			ExecutionOrderSort (0ms)
			DisableScriptedObjects (5ms)
			BackupInstance (0ms)
			ReleaseScriptingObjects (0ms)
			CreateAndSetChildDomain (33ms)
		EndReloadAssembly (828ms)
			LoadAssemblies (91ms)
			RebuildTransferFunctionScriptingTraits (0ms)
			SetupTypeCache (275ms)
			ReleaseScriptCaches (1ms)
			RebuildScriptCaches (52ms)
			SetupLoadedEditorAssemblies (358ms)
				LogAssemblyErrors (0ms)
				InitializePlatformSupportModulesInManaged (13ms)
				SetLoadedEditorAssemblies (0ms)
				RefreshPlugins (1ms)
				BeforeProcessingInitializeOnLoad (73ms)
				ProcessInitializeOnLoadAttributes (235ms)
				ProcessInitializeOnLoadMethodAttributes (28ms)
				AfterProcessingInitializeOnLoad (7ms)
				EditorAssembliesLoaded (0ms)
			ExecutionOrderSort2 (0ms)
			AwakeInstancesAfterBackupRestoration (5ms)
Platform modules already initialized, skipping
Shader 'Oculus/OVRMRCameraFrameLit': fallback shader 'Alpha-Diffuse' not found
Refreshing native plugins compatible for Editor in 1.42 ms, found 12 plugins.
Preloading 1 native plugins for Editor in 0.06 ms.
Unloading 4401 Unused Serialized files (Serialized files now loaded: 0)
Unloading 65 unused Assets / (111.6 KB). Loaded Objects now: 4911.
Memory consumption went from 179.5 MB to 179.4 MB.
Total: 3.002800 ms (FindLiveObjects: 0.348200 ms CreateObjectMapping: 0.341800 ms MarkObjects: 2.204500 ms  DeleteObjects: 0.107300 ms)

AssetImportParameters requested are different than current active one (requested -> active):
  custom:video-decoder-ogg-theora: a1e56fd34408186e4bbccfd4996cb3dc -> 
  custom:container-muxer-webm: aa71ff27fc2769a1b78a27578f13a17b -> 
  custom:container-demuxer-webm: 4f35f7cbe854078d1ac9338744f61a02 -> 
  custom:video-encoder-webm-vp8: eb34c28f22e8b96e1ab97ce403110664 -> 
  custom:audio-encoder-webm-vorbis: bf7c407c2cedff20999df2af8eb42d56 -> 
  custom:framework-win-MediaFoundation: 216162199b28c13a410421893ffa2e32 -> 
  custom:container-demuxer-ogg: 62fdf1f143b41e24485cea50d1cbac27 -> 
  custom:video-decoder-webm-vp8: 9c59270c3fd7afecdb556c50c9e8de78 -> 
  custom:audio-decoder-ogg-vorbis: bf7c407c2cedff20999df2af8eb42d56 -> 
========================================================================
Received Import Request.
  Time since last request: 52.061148 seconds.
  path: Assets/Oculus/Oculus Hands/Prefabs/Right Hand Animator Controller.controller
  artifactKey: Guid(b98aa98ff7a0fb04e90f5b150fbd85ea) Importer(815301076,1909f56bfc062723c751e8b465ee728b)
Start importing Assets/Oculus/Oculus Hands/Prefabs/Right Hand Animator Controller.controller using Guid(b98aa98ff7a0fb04e90f5b150fbd85ea) Importer(815301076,1909f56bfc062723c751e8b465ee728b)  -> (artifact id: 'bf7cbfceb36656f1e96a7ed6b3b7eeac') in 0.022025 seconds 
========================================================================
Received Import Request.
  Time since last request: 40.088911 seconds.
  path: Assets/Oculus/Oculus Hands/Prefabs/Right Hand Model.prefab
  artifactKey: Guid(1fd3a7c43c8190f4d8c167ebde694364) Importer(815301076,1909f56bfc062723c751e8b465ee728b)
Start importing Assets/Oculus/Oculus Hands/Prefabs/Right Hand Model.prefab using Guid(1fd3a7c43c8190f4d8c167ebde694364) Importer(815301076,1909f56bfc062723c751e8b465ee728b) The Animator Controller (Right Hand Animator Controller) you have used is not valid. Animations will not play
UnityEngine.StackTraceUtility:ExtractStackTrace ()
UnityEditor.EditorUtility:Internal_InstantiateRemoveAllNonAnimationComponentsSingle (UnityEngine.Object,UnityEngine.Vector3,UnityEngine.Quaternion)
UnityEditor.EditorUtility:InstantiateRemoveAllNonAnimationComponents (UnityEngine.Object,UnityEngine.Vector3,UnityEngine.Quaternion)
UnityEditor.EditorUtility:InstantiateForAnimatorPreview (UnityEngine.Object)
UnityEditor.GameObjectInspector/PreviewData:UpdateGameObject (UnityEngine.Object)
UnityEditor.GameObjectInspector/PreviewData:.ctor (UnityEngine.Object)
UnityEditor.GameObjectInspector:GetPreviewData ()
UnityEditor.GameObjectInspector:RenderStaticPreview (string,UnityEngine.Object[],int,int)
UnityEditor.AssetPreviewUpdater:CreatePreview (UnityEngine.Object,UnityEngine.Object[],string,int,int)
UnityEditor.AssetPreviewUpdater:CreatePreviewForAsset (UnityEngine.Object,UnityEngine.Object[],string)

[C:\buildslave\unity\build\Modules\Animation\Director\AnimatorControllerPlayable.cpp line 333]

The Animator Controller (Right Hand Animator Controller) you have used is not valid. Animations will not play
UnityEngine.StackTraceUtility:ExtractStackTrace ()
UnityEditor.EditorUtility:InitInstantiatedPreviewRecursive (UnityEngine.GameObject)
UnityEditor.EditorUtility:InstantiateForAnimatorPreview (UnityEngine.Object)
UnityEditor.GameObjectInspector/PreviewData:UpdateGameObject (UnityEngine.Object)
UnityEditor.GameObjectInspector/PreviewData:.ctor (UnityEngine.Object)
UnityEditor.GameObjectInspector:GetPreviewData ()
UnityEditor.GameObjectInspector:RenderStaticPreview (string,UnityEngine.Object[],int,int)
UnityEditor.AssetPreviewUpdater:CreatePreview (UnityEngine.Object,UnityEngine.Object[],string,int,int)
UnityEditor.AssetPreviewUpdater:CreatePreviewForAsset (UnityEngine.Object,UnityEngine.Object[],string)

[C:\buildslave\unity\build\Modules\Animation\Director\AnimatorControllerPlayable.cpp line 333]

 -> (artifact id: 'a696094085528f0e03e4cc51e8c555cb') in 0.060260 seconds 
========================================================================
Received Import Request.
  Time since last request: 195.062222 seconds.
  path: Assets/Oculus/Oculus Hands/Prefabs/Left Hand Model.prefab
  artifactKey: Guid(65847589f926b734d9eaed6e25f0046b) Importer(815301076,1909f56bfc062723c751e8b465ee728b)
Start importing Assets/Oculus/Oculus Hands/Prefabs/Left Hand Model.prefab using Guid(65847589f926b734d9eaed6e25f0046b) Importer(815301076,1909f56bfc062723c751e8b465ee728b)  -> (artifact id: 'd1839895d34bd89e17cd89cb3468a5b3') in 0.016373 seconds 
========================================================================
Received Import Request.
  Time since last request: 3.937561 seconds.
  path: Assets/QuickOutline
  artifactKey: Guid(f43305d40104426468ea94e3c0c3a681) Importer(815301076,1909f56bfc062723c751e8b465ee728b)
Start importing Assets/QuickOutline using Guid(f43305d40104426468ea94e3c0c3a681) Importer(815301076,1909f56bfc062723c751e8b465ee728b)  -> (artifact id: '6c9595337fc24f9b0a3bfcee5b423832') in 0.005644 seconds 
========================================================================
Received Import Request.
  Time since last request: 12.896247 seconds.
  path: Assets/Oculus/VR/Meshes/HandTracking/OculusHand_L.fbx
  artifactKey: Guid(442d5b4503ed83c4897ef44659446587) Importer(815301076,1909f56bfc062723c751e8b465ee728b)
Start importing Assets/Oculus/VR/Meshes/HandTracking/OculusHand_L.fbx using Guid(442d5b4503ed83c4897ef44659446587) Importer(815301076,1909f56bfc062723c751e8b465ee728b)  -> (artifact id: 'd0328ea4cbc9ad0c87865140ebbd2109') in 0.075191 seconds 
========================================================================
Received Import Request.
  Time since last request: 2.793681 seconds.
  path: Assets/XR/Loaders/Oculus Loader.asset
  artifactKey: Guid(d2166a8ee1de45a469b69e9f04b1e5a3) Importer(815301076,1909f56bfc062723c751e8b465ee728b)
Start importing Assets/XR/Loaders/Oculus Loader.asset using Guid(d2166a8ee1de45a469b69e9f04b1e5a3) Importer(815301076,1909f56bfc062723c751e8b465ee728b)  -> (artifact id: '255e4ab662ad75b258aa47804c96c189') in 0.016807 seconds 
========================================================================
Received Import Request.
  Time since last request: 0.000028 seconds.
  path: Assets/Oculus/AudioManager/Scripts/Utils/Editor/Oculus.AudioManager.Utils.Editor.asmdef
  artifactKey: Guid(4e79697c263b8554db87efff0e7046ba) Importer(815301076,1909f56bfc062723c751e8b465ee728b)
Start importing Assets/Oculus/AudioManager/Scripts/Utils/Editor/Oculus.AudioManager.Utils.Editor.asmdef using Guid(4e79697c263b8554db87efff0e7046ba) Importer(815301076,1909f56bfc062723c751e8b465ee728b)  -> (artifact id: 'd74525845fea1013a8078a83e6ef41c4') in 0.007624 seconds 
========================================================================
Received Import Request.
  Time since last request: 0.000032 seconds.
  path: Assets/Oculus/VR/Textures/Icons/OculusIcon.png
  artifactKey: Guid(ee6b6c047f060074596445bbb9ebbfe7) Importer(815301076,1909f56bfc062723c751e8b465ee728b)
Start importing Assets/Oculus/VR/Textures/Icons/OculusIcon.png using Guid(ee6b6c047f060074596445bbb9ebbfe7) Importer(815301076,1909f56bfc062723c751e8b465ee728b)  -> (artifact id: 'db735e50f380c0135ea4ed0428a7a157') in 0.040948 seconds 
========================================================================
Received Import Request.
  Time since last request: 0.000021 seconds.
  path: Assets/Oculus/AudioManager/Oculus.AudioManager.asmdef
  artifactKey: Guid(21b850ac1b5452b46a20c637f002dbf9) Importer(815301076,1909f56bfc062723c751e8b465ee728b)
Start importing Assets/Oculus/AudioManager/Oculus.AudioManager.asmdef using Guid(21b850ac1b5452b46a20c637f002dbf9) Importer(815301076,1909f56bfc062723c751e8b465ee728b)  -> (artifact id: '86a09c0c1a744ba1e71786f1304d5b98') in 0.007392 seconds 
========================================================================
Received Import Request.
  Time since last request: 0.000027 seconds.
  path: Assets/Oculus/Spatializer/Oculus.Spatializer.asmdef
  artifactKey: Guid(3d2c6c35bff878341a57ebf7a749f298) Importer(815301076,1909f56bfc062723c751e8b465ee728b)
Start importing Assets/Oculus/Spatializer/Oculus.Spatializer.asmdef using Guid(3d2c6c35bff878341a57ebf7a749f298) Importer(815301076,1909f56bfc062723c751e8b465ee728b)  -> (artifact id: '65d55dbe62a4c5d53deb512700b9a203') in 0.005863 seconds 
========================================================================
Received Import Request.
  Time since last request: 0.000033 seconds.
  path: Assets/Oculus/AudioManager/Scripts/Audio/Editor/Oculus.AudioManager.Audio.Editor.asmdef
  artifactKey: Guid(e2367297a6c431949a05cf8078ad917d) Importer(815301076,1909f56bfc062723c751e8b465ee728b)
Start importing Assets/Oculus/AudioManager/Scripts/Audio/Editor/Oculus.AudioManager.Audio.Editor.asmdef using Guid(e2367297a6c431949a05cf8078ad917d) Importer(815301076,1909f56bfc062723c751e8b465ee728b)  -> (artifact id: '920ce1ce8a79e86c97ecdd1349ff82c6') in 0.006793 seconds 
========================================================================
Received Import Request.
  Time since last request: 0.000020 seconds.
  path: Assets/Oculus/VR/Oculus.VR.asmdef
  artifactKey: Guid(f64c9ebcd7899c3448a08dc9f9ddbe30) Importer(815301076,1909f56bfc062723c751e8b465ee728b)
Start importing Assets/Oculus/VR/Oculus.VR.asmdef using Guid(f64c9ebcd7899c3448a08dc9f9ddbe30) Importer(815301076,1909f56bfc062723c751e8b465ee728b)  -> (artifact id: '2ffd6e8e416ffdf0d6801e46b57b173c') in 0.006248 seconds 
========================================================================
Received Import Request.
  Time since last request: 0.000026 seconds.
  path: Assets/Oculus/LipSync/Oculus.LipSync.asmdef
  artifactKey: Guid(bf7126905a54c9746b9c475d69312766) Importer(815301076,1909f56bfc062723c751e8b465ee728b)
Start importing Assets/Oculus/LipSync/Oculus.LipSync.asmdef using Guid(bf7126905a54c9746b9c475d69312766) Importer(815301076,1909f56bfc062723c751e8b465ee728b)  -> (artifact id: 'a1c6cb834da844e8c158818b12783713') in 0.007766 seconds 
========================================================================
Received Import Request.
  Time since last request: 0.000040 seconds.
  path: Assets/Oculus/Platform/Editor/Oculus.Platform.Editor.asmdef
  artifactKey: Guid(50018aa3865344b46bacf7e6cd960b4d) Importer(815301076,1909f56bfc062723c751e8b465ee728b)
Start importing Assets/Oculus/Platform/Editor/Oculus.Platform.Editor.asmdef using Guid(50018aa3865344b46bacf7e6cd960b4d) Importer(815301076,1909f56bfc062723c751e8b465ee728b)  -> (artifact id: '76c338162f6191a68ad047a191a40bec') in 0.007304 seconds 
========================================================================
Received Import Request.
  Time since last request: 0.000031 seconds.
  path: Assets/Oculus/Platform/Oculus.Platform.asmdef
  artifactKey: Guid(dd20cb95be28f0c4bb41a9094b4cf0ad) Importer(815301076,1909f56bfc062723c751e8b465ee728b)
Start importing Assets/Oculus/Platform/Oculus.Platform.asmdef using Guid(dd20cb95be28f0c4bb41a9094b4cf0ad) Importer(815301076,1909f56bfc062723c751e8b465ee728b)  -> (artifact id: 'ea73f23ce090663a0b48052c34326893') in 0.006737 seconds 
========================================================================
Received Import Request.
  Time since last request: 0.000026 seconds.
  path: Assets/Oculus/VR/Editor/Oculus.VR.Editor.asmdef
  artifactKey: Guid(d2761a0af0f567748a72629d4bb18a26) Importer(815301076,1909f56bfc062723c751e8b465ee728b)
Start importing Assets/Oculus/VR/Editor/Oculus.VR.Editor.asmdef using Guid(d2761a0af0f567748a72629d4bb18a26) Importer(815301076,1909f56bfc062723c751e8b465ee728b)  -> (artifact id: '139ebdaff8cb5c31c7fbdd1c4d5806ef') in 0.006100 seconds 
========================================================================
Received Import Request.
  Time since last request: 13.592942 seconds.
  path: Assets/Samples/XR Interaction Toolkit
  artifactKey: Guid(fa2f202e9c8173842bcc9ebf6e943cde) Importer(815301076,1909f56bfc062723c751e8b465ee728b)
Start importing Assets/Samples/XR Interaction Toolkit using Guid(fa2f202e9c8173842bcc9ebf6e943cde) Importer(815301076,1909f56bfc062723c751e8b465ee728b)  -> (artifact id: '519a866270415b12d8fa361d538b9fd2') in 0.007603 seconds 
========================================================================
Received Import Request.
  Time since last request: 0.469886 seconds.
  path: Assets/Samples/XR Interaction Toolkit/1.0.0-pre.8
  artifactKey: Guid(8167669a1e2369e408dd44ae4f89f81b) Importer(815301076,1909f56bfc062723c751e8b465ee728b)
Start importing Assets/Samples/XR Interaction Toolkit/1.0.0-pre.8 using Guid(8167669a1e2369e408dd44ae4f89f81b) Importer(815301076,1909f56bfc062723c751e8b465ee728b)  -> (artifact id: '8e17f2bb62f9a58f380404fc583997dd') in 0.005346 seconds 
========================================================================
Received Import Request.
  Time since last request: 0.464179 seconds.
  path: Assets/Samples/XR Interaction Toolkit/1.0.0-pre.8/Default Input Actions
  artifactKey: Guid(a7c631c5a838c3f40b68eee296dc2a5c) Importer(815301076,1909f56bfc062723c751e8b465ee728b)
Start importing Assets/Samples/XR Interaction Toolkit/1.0.0-pre.8/Default Input Actions using Guid(a7c631c5a838c3f40b68eee296dc2a5c) Importer(815301076,1909f56bfc062723c751e8b465ee728b)  -> (artifact id: '7de6f6589ac6f03a6b8c0f959a0193c9') in 0.039193 seconds 
========================================================================
Received Import Request.
  Time since last request: 0.032977 seconds.
  path: Assets/Samples/XR Interaction Toolkit/1.0.0-pre.8/Default Input Actions/XRI Default Continuous Move.preset
  artifactKey: Guid(91f9da00cfdac5d49955df2d2d820b9c) Importer(815301076,1909f56bfc062723c751e8b465ee728b)
Start importing Assets/Samples/XR Interaction Toolkit/1.0.0-pre.8/Default Input Actions/XRI Default Continuous Move.preset using Guid(91f9da00cfdac5d49955df2d2d820b9c) Importer(815301076,1909f56bfc062723c751e8b465ee728b)  -> (artifact id: '80bd2ecd4112e3c3015c6addeb89fea4') in 0.023483 seconds 
========================================================================
Received Import Request.
  Time since last request: 0.000018 seconds.
  path: Assets/Samples/XR Interaction Toolkit/1.0.0-pre.8/Default Input Actions/XRI Default Left Controller.preset
  artifactKey: Guid(ffd8268f7307a0c48a067dad4a8fe060) Importer(815301076,1909f56bfc062723c751e8b465ee728b)
Start importing Assets/Samples/XR Interaction Toolkit/1.0.0-pre.8/Default Input Actions/XRI Default Left Controller.preset using Guid(ffd8268f7307a0c48a067dad4a8fe060) Importer(815301076,1909f56bfc062723c751e8b465ee728b)  -> (artifact id: '11404dc65b2e35df41c00ad8436952f5') in 0.017393 seconds 
========================================================================
Received Import Request.
  Time since last request: 60.340097 seconds.
  path: Assets/Oculus/SampleFramework/Core/CustomHands/Animations
  artifactKey: Guid(e840c6d7927a8794895d56387046aea7) Importer(815301076,1909f56bfc062723c751e8b465ee728b)
Start importing Assets/Oculus/SampleFramework/Core/CustomHands/Animations using Guid(e840c6d7927a8794895d56387046aea7) Importer(815301076,1909f56bfc062723c751e8b465ee728b)  -> (artifact id: '6273d5cd3d3bb6de303b99836618b835') in 0.005794 seconds 
========================================================================
Received Import Request.
  Time since last request: 0.074725 seconds.
  path: Assets/Oculus/SampleFramework/Core/CustomHands/Animations/l_hand_cap_touch_anim.fbx
  artifactKey: Guid(16a87db82a90e2b40986857ee65aea51) Importer(815301076,1909f56bfc062723c751e8b465ee728b)
Start importing Assets/Oculus/SampleFramework/Core/CustomHands/Animations/l_hand_cap_touch_anim.fbx using Guid(16a87db82a90e2b40986857ee65aea51) Importer(815301076,1909f56bfc062723c751e8b465ee728b)  -> (artifact id: '6a69ae8bb07d8b6498c28bda3497cb27') in 0.020787 seconds 
========================================================================
Received Import Request.
  Time since last request: 0.000028 seconds.
  path: Assets/Oculus/SampleFramework/Core/CustomHands/Animations/r_hand_default_anim.fbx
  artifactKey: Guid(b6c38558987444240b3b3950e4450b77) Importer(815301076,1909f56bfc062723c751e8b465ee728b)
Start importing Assets/Oculus/SampleFramework/Core/CustomHands/Animations/r_hand_default_anim.fbx using Guid(b6c38558987444240b3b3950e4450b77) Importer(815301076,1909f56bfc062723c751e8b465ee728b)  -> (artifact id: 'a7a0cc60313ed4d38230c112e1c69476') in 0.016996 seconds 
========================================================================
Received Import Request.
  Time since last request: 0.000025 seconds.
  path: Assets/Oculus/SampleFramework/Core/CustomHands/Animations/old_l_hand_pinch_anim.fbx
  artifactKey: Guid(e7d2f46c372333a47a3d2cb064903562) Importer(815301076,1909f56bfc062723c751e8b465ee728b)
Start importing Assets/Oculus/SampleFramework/Core/CustomHands/Animations/old_l_hand_pinch_anim.fbx using Guid(e7d2f46c372333a47a3d2cb064903562) Importer(815301076,1909f56bfc062723c751e8b465ee728b)  -> (artifact id: '91a6c9362d37071a3ab90cb8a28426b8') in 0.018817 seconds 
========================================================================
Received Import Request.
  Time since last request: 0.000026 seconds.
  path: Assets/Oculus/SampleFramework/Core/CustomHands/Animations/old_r_hand_pinch_anim.fbx
  artifactKey: Guid(6e0d791d9e2bdcd4f80b32d42036676f) Importer(815301076,1909f56bfc062723c751e8b465ee728b)
Start importing Assets/Oculus/SampleFramework/Core/CustomHands/Animations/old_r_hand_pinch_anim.fbx using Guid(6e0d791d9e2bdcd4f80b32d42036676f) Importer(815301076,1909f56bfc062723c751e8b465ee728b)  -> (artifact id: '5d79cd6bd25256818b8a05888014ed45') in 0.019442 seconds 
========================================================================
Received Import Request.
  Time since last request: 0.000023 seconds.
  path: Assets/Oculus/SampleFramework/Core/CustomHands/Animations/l_hand_thumbs_up_anim.fbx
  artifactKey: Guid(38245a3244d4c904e9a7c93dfc8ffbaf) Importer(815301076,1909f56bfc062723c751e8b465ee728b)
Start importing Assets/Oculus/SampleFramework/Core/CustomHands/Animations/l_hand_thumbs_up_anim.fbx using Guid(38245a3244d4c904e9a7c93dfc8ffbaf) Importer(815301076,1909f56bfc062723c751e8b465ee728b)  -> (artifact id: 'e4b9a98331f27dc06605f723b5d9e386') in 0.015171 seconds 
========================================================================
Received Import Request.
  Time since last request: 0.000017 seconds.
  path: Assets/Oculus/SampleFramework/Core/CustomHands/Animations/r_hand_hold_ping_pong_ball_anim.fbx
  artifactKey: Guid(7bf81deb4ead62e4c9de1e69bb491c00) Importer(815301076,1909f56bfc062723c751e8b465ee728b)
Start importing Assets/Oculus/SampleFramework/Core/CustomHands/Animations/r_hand_hold_ping_pong_ball_anim.fbx using Guid(7bf81deb4ead62e4c9de1e69bb491c00) Importer(815301076,1909f56bfc062723c751e8b465ee728b)  -> (artifact id: 'c8dd7c244dcc74d3da8b88c58bb9be97') in 0.014680 seconds 
========================================================================
Received Import Request.
  Time since last request: 0.000038 seconds.
  path: Assets/Oculus/SampleFramework/Core/CustomHands/Animations/r_hand_point_anim.fbx
  artifactKey: Guid(a00bb4e2a48d6b04f9a9865f78869df2) Importer(815301076,1909f56bfc062723c751e8b465ee728b)
Start importing Assets/Oculus/SampleFramework/Core/CustomHands/Animations/r_hand_point_anim.fbx using Guid(a00bb4e2a48d6b04f9a9865f78869df2) Importer(815301076,1909f56bfc062723c751e8b465ee728b)  -> (artifact id: '1be4d016e5d61b048753b5b331811fa7') in 0.017263 seconds 
========================================================================
Received Import Request.
  Time since last request: 0.000048 seconds.
  path: Assets/Oculus/SampleFramework/Core/CustomHands/Animations/r_hand_hold_generic_anim.fbx
  artifactKey: Guid(6c41a6e223fece0458162624394578d6) Importer(815301076,1909f56bfc062723c751e8b465ee728b)
Start importing Assets/Oculus/SampleFramework/Core/CustomHands/Animations/r_hand_hold_generic_anim.fbx using Guid(6c41a6e223fece0458162624394578d6) Importer(815301076,1909f56bfc062723c751e8b465ee728b)  -> (artifact id: 'b00cce4fe87be34ab780894e32e6c6c4') in 0.052354 seconds 
========================================================================
Received Import Request.
  Time since last request: 0.000044 seconds.
  path: Assets/Oculus/SampleFramework/Core/CustomHands/Animations/l_hand_squirtgun_hold.fbx
  artifactKey: Guid(43171d57359ad41adb9be2572f17ca1c) Importer(815301076,1909f56bfc062723c751e8b465ee728b)
Start importing Assets/Oculus/SampleFramework/Core/CustomHands/Animations/l_hand_squirtgun_hold.fbx using Guid(43171d57359ad41adb9be2572f17ca1c) Importer(815301076,1909f56bfc062723c751e8b465ee728b)  -> (artifact id: 'f95131653bdf7a6ba37c6ec1b1dad23a') in 0.022224 seconds 
========================================================================
Received Import Request.
  Time since last request: 0.000031 seconds.
  path: Assets/Oculus/SampleFramework/Core/CustomHands/Animations/r_hand_fist_anim.fbx
  artifactKey: Guid(005ab0ae8aa7f74438a5fa50f7cd50e3) Importer(815301076,1909f56bfc062723c751e8b465ee728b)
Start importing Assets/Oculus/SampleFramework/Core/CustomHands/Animations/r_hand_fist_anim.fbx using Guid(005ab0ae8aa7f74438a5fa50f7cd50e3) Importer(815301076,1909f56bfc062723c751e8b465ee728b)  -> (artifact id: 'e4923de4f33e30cea51e199c87c79b4a') in 0.015111 seconds 
========================================================================
Received Import Request.
  Time since last request: 0.000022 seconds.
  path: Assets/Oculus/SampleFramework/Core/CustomHands/Animations/l_hand_hold_billiard_ball_anim.fbx
  artifactKey: Guid(bca4c48c730914fff8cceefbcaa0c11f) Importer(815301076,1909f56bfc062723c751e8b465ee728b)
Start importing Assets/Oculus/SampleFramework/Core/CustomHands/Animations/l_hand_hold_billiard_ball_anim.fbx using Guid(bca4c48c730914fff8cceefbcaa0c11f) Importer(815301076,1909f56bfc062723c751e8b465ee728b)  -> (artifact id: '93923ff82aef19365d289a6a710e4c6e') in 0.017151 seconds 
========================================================================
Received Import Request.
  Time since last request: 0.000043 seconds.
  path: Assets/Oculus/SampleFramework/Core/CustomHands/Animations/l_hand_pinch_anim.fbx
  artifactKey: Guid(a91ff20f7450bf446a6bf0bfb5e932ae) Importer(815301076,1909f56bfc062723c751e8b465ee728b)
Start importing Assets/Oculus/SampleFramework/Core/CustomHands/Animations/l_hand_pinch_anim.fbx using Guid(a91ff20f7450bf446a6bf0bfb5e932ae) Importer(815301076,1909f56bfc062723c751e8b465ee728b)  -> (artifact id: '076b8e14268383857e839d9c97ee4844') in 0.017151 seconds 
========================================================================
Received Import Request.
  Time since last request: 0.000044 seconds.
  path: Assets/Oculus/SampleFramework/Core/CustomHands/Animations/r_hand_hold_r_controller_anim.fbx
  artifactKey: Guid(323906a7e4d1c1049b00339691b2db98) Importer(815301076,1909f56bfc062723c751e8b465ee728b)
Start importing Assets/Oculus/SampleFramework/Core/CustomHands/Animations/r_hand_hold_r_controller_anim.fbx using Guid(323906a7e4d1c1049b00339691b2db98) Importer(815301076,1909f56bfc062723c751e8b465ee728b)  -> (artifact id: 'b067b54164dd8b068ce7d852f1d810b9') in 0.019352 seconds 
========================================================================
Received Import Request.
  Time since last request: 0.000034 seconds.
  path: Assets/Oculus/SampleFramework/Core/CustomHands/Animations/r_hand_relax_mid_fist_anim.fbx
  artifactKey: Guid(3c1e2504e79f7a242a8a0c8a4add2578) Importer(815301076,1909f56bfc062723c751e8b465ee728b)
Start importing Assets/Oculus/SampleFramework/Core/CustomHands/Animations/r_hand_relax_mid_fist_anim.fbx using Guid(3c1e2504e79f7a242a8a0c8a4add2578) Importer(815301076,1909f56bfc062723c751e8b465ee728b)  -> (artifact id: 'b659126fc4fa0f976ae03b2862610682') in 0.019892 seconds 
========================================================================
Received Import Request.
  Time since last request: 0.000019 seconds.
  path: Assets/Oculus/SampleFramework/Core/CustomHands/Animations/l_hand_fist_anim.fbx
  artifactKey: Guid(7cb2e1480bb51ce4282f540ea3f41d4f) Importer(815301076,1909f56bfc062723c751e8b465ee728b)
Start importing Assets/Oculus/SampleFramework/Core/CustomHands/Animations/l_hand_fist_anim.fbx using Guid(7cb2e1480bb51ce4282f540ea3f41d4f) Importer(815301076,1909f56bfc062723c751e8b465ee728b)  -> (artifact id: 'b702bc4245dbaf51b28c05bae9f2de55') in 0.014628 seconds 
========================================================================
Received Import Request.
  Time since last request: 0.000049 seconds.
  path: Assets/Oculus/SampleFramework/Core/CustomHands/Animations/r_hand_thumbs_up_anim.fbx
  artifactKey: Guid(367eacd8142e4ca478642189323d9cee) Importer(815301076,1909f56bfc062723c751e8b465ee728b)
Start importing Assets/Oculus/SampleFramework/Core/CustomHands/Animations/r_hand_thumbs_up_anim.fbx using Guid(367eacd8142e4ca478642189323d9cee) Importer(815301076,1909f56bfc062723c751e8b465ee728b)  -> (artifact id: '588264a3c31409959b42fd0b40c22615') in 0.019102 seconds 
========================================================================
Received Import Request.
  Time since last request: 0.000034 seconds.
  path: Assets/Oculus/SampleFramework/Core/CustomHands/Animations/l_hand_hold_l_controller_anim.fbx
  artifactKey: Guid(f29e0ae9b6aa173489854687db6a05bf) Importer(815301076,1909f56bfc062723c751e8b465ee728b)
Start importing Assets/Oculus/SampleFramework/Core/CustomHands/Animations/l_hand_hold_l_controller_anim.fbx using Guid(f29e0ae9b6aa173489854687db6a05bf) Importer(815301076,1909f56bfc062723c751e8b465ee728b)  -> (artifact id: '29f78e5326f2b08c0f32fbbd9faa5a80') in 0.019775 seconds 
========================================================================
Received Import Request.
  Time since last request: 0.000043 seconds.
  path: Assets/Oculus/SampleFramework/Core/CustomHands/Animations/r_hand_hold_billiard_ball_anim.fbx
  artifactKey: Guid(49313745e0e0842789ab3723bbc0d74c) Importer(815301076,1909f56bfc062723c751e8b465ee728b)
Start importing Assets/Oculus/SampleFramework/Core/CustomHands/Animations/r_hand_hold_billiard_ball_anim.fbx using Guid(49313745e0e0842789ab3723bbc0d74c) Importer(815301076,1909f56bfc062723c751e8b465ee728b)  -> (artifact id: '2f266d7665c0f55b878b0a5185997b41') in 0.024516 seconds 
========================================================================
Received Import Request.
  Time since last request: 3.446436 seconds.
  path: Assets/Oculus/SampleFramework/Core/CustomHands/CustomHandLeft.prefab
  artifactKey: Guid(e6ba3498ffa1e534b91a07264266e6b8) Importer(815301076,1909f56bfc062723c751e8b465ee728b)
Start importing Assets/Oculus/SampleFramework/Core/CustomHands/CustomHandLeft.prefab using Guid(e6ba3498ffa1e534b91a07264266e6b8) Importer(815301076,1909f56bfc062723c751e8b465ee728b)  -> (artifact id: '9b2b152a8dd41a0c38dadfcbcadf18a3') in 0.029872 seconds 
========================================================================
Received Import Request.
  Time since last request: 7.315520 seconds.
  path: Assets/Oculus/SampleFramework/Core/TouchControllers/Animations
  artifactKey: Guid(6c6dc1a3db5975846b8459a238032ac2) Importer(815301076,1909f56bfc062723c751e8b465ee728b)
Start importing Assets/Oculus/SampleFramework/Core/TouchControllers/Animations using Guid(6c6dc1a3db5975846b8459a238032ac2) Importer(815301076,1909f56bfc062723c751e8b465ee728b)  -> (artifact id: '47209ae5d02367a5d35a5da1695ea6b1') in 0.005291 seconds 
========================================================================
Received Import Request.
  Time since last request: 0.559134 seconds.
  path: Assets/Oculus/SampleFramework/Core/TouchControllers/Animations/l_controller_button01_anim.fbx
  artifactKey: Guid(5656ce9e2c4daca43b3b6dde03763e38) Importer(815301076,1909f56bfc062723c751e8b465ee728b)
Start importing Assets/Oculus/SampleFramework/Core/TouchControllers/Animations/l_controller_button01_anim.fbx using Guid(5656ce9e2c4daca43b3b6dde03763e38) Importer(815301076,1909f56bfc062723c751e8b465ee728b)  -> (artifact id: 'd5be3e3499e007dfe5a11a55a8bd8b2d') in 0.017504 seconds 
========================================================================
Received Import Request.
  Time since last request: 0.000020 seconds.
  path: Assets/Oculus/SampleFramework/Core/TouchControllers/Animations/l_controller_joy_SE_anim.fbx
  artifactKey: Guid(983c3f6cea2a3ea4fad3e697bea1746f) Importer(815301076,1909f56bfc062723c751e8b465ee728b)
Start importing Assets/Oculus/SampleFramework/Core/TouchControllers/Animations/l_controller_joy_SE_anim.fbx using Guid(983c3f6cea2a3ea4fad3e697bea1746f) Importer(815301076,1909f56bfc062723c751e8b465ee728b)  -> (artifact id: '842a826ddd6c8f0609c1cca975eb7119') in 0.018219 seconds 
========================================================================
Received Import Request.
  Time since last request: 0.000019 seconds.
  path: Assets/Oculus/SampleFramework/Core/TouchControllers/Animations/r_controller_neutral_trigger_mask_anim.fbx
  artifactKey: Guid(840f7f51c23e45444b5cbe0ee9e14998) Importer(815301076,1909f56bfc062723c751e8b465ee728b)
Start importing Assets/Oculus/SampleFramework/Core/TouchControllers/Animations/r_controller_neutral_trigger_mask_anim.fbx using Guid(840f7f51c23e45444b5cbe0ee9e14998) Importer(815301076,1909f56bfc062723c751e8b465ee728b)  -> (artifact id: '0262ed1accb3193edfb46c74b49ba92d') in 0.020832 seconds 
========================================================================
Received Import Request.
  Time since last request: 0.000029 seconds.
  path: Assets/Oculus/SampleFramework/Core/TouchControllers/Animations/l_controller_joy_N_anim.fbx
  artifactKey: Guid(7bb1b18c78a07f547a8933d1c50a662b) Importer(815301076,1909f56bfc062723c751e8b465ee728b)
Start importing Assets/Oculus/SampleFramework/Core/TouchControllers/Animations/l_controller_joy_N_anim.fbx using Guid(7bb1b18c78a07f547a8933d1c50a662b) Importer(815301076,1909f56bfc062723c751e8b465ee728b)  -> (artifact id: '1276754a04d321233fd169622cfa3ae6') in 0.019619 seconds 
========================================================================
Received Import Request.
  Time since last request: 0.000037 seconds.
  path: Assets/Oculus/SampleFramework/Core/TouchControllers/Animations/l_controller_neutral_trigger_pull_mask_anim.fbx
  artifactKey: Guid(6848f611ef9312e4aa10a28c22aee7cf) Importer(815301076,1909f56bfc062723c751e8b465ee728b)
Start importing Assets/Oculus/SampleFramework/Core/TouchControllers/Animations/l_controller_neutral_trigger_pull_mask_anim.fbx using Guid(6848f611ef9312e4aa10a28c22aee7cf) Importer(815301076,1909f56bfc062723c751e8b465ee728b)  -> (artifact id: '4911d75dd7d39cfc3e5e5baa1bd15611') in 0.018240 seconds 
========================================================================
Received Import Request.
  Time since last request: 0.000019 seconds.
  path: Assets/Oculus/SampleFramework/Core/TouchControllers/Animations/l_controller_trigger_pull_anim.fbx
  artifactKey: Guid(182278cefb47da243850fc09dc4cc209) Importer(815301076,1909f56bfc062723c751e8b465ee728b)
Start importing Assets/Oculus/SampleFramework/Core/TouchControllers/Animations/l_controller_trigger_pull_anim.fbx using Guid(182278cefb47da243850fc09dc4cc209) Importer(815301076,1909f56bfc062723c751e8b465ee728b)  -> (artifact id: '6bbc05119af6eedeacbf5268cf6fc075') in 0.017577 seconds 
========================================================================
Received Import Request.
  Time since last request: 0.000029 seconds.
  path: Assets/Oculus/SampleFramework/Core/TouchControllers/Animations/r_controller_joy_SE_anim.fbx
  artifactKey: Guid(6420c67c5b49c8449bbb7ebd21187173) Importer(815301076,1909f56bfc062723c751e8b465ee728b)
Start importing Assets/Oculus/SampleFramework/Core/TouchControllers/Animations/r_controller_joy_SE_anim.fbx using Guid(6420c67c5b49c8449bbb7ebd21187173) Importer(815301076,1909f56bfc062723c751e8b465ee728b)  -> (artifact id: '4f3e3997abd2c6185a75012d262e5c92') in 0.017651 seconds 
========================================================================
Received Import Request.
  Time since last request: 0.000023 seconds.
  path: Assets/Oculus/SampleFramework/Core/TouchControllers/Animations/r_controller_neutral_button03_mask_anim.fbx
  artifactKey: Guid(90e3ae0cd1f24414985752a766ef8f84) Importer(815301076,1909f56bfc062723c751e8b465ee728b)
Start importing Assets/Oculus/SampleFramework/Core/TouchControllers/Animations/r_controller_neutral_button03_mask_anim.fbx using Guid(90e3ae0cd1f24414985752a766ef8f84) Importer(815301076,1909f56bfc062723c751e8b465ee728b)  -> (artifact id: 'a8e7142e8345d3d8e7e1ef5dbb65fbaa') in 0.018331 seconds 
========================================================================
Received Import Request.
  Time since last request: 0.000023 seconds.
  path: Assets/Oculus/SampleFramework/Core/TouchControllers/Animations/r_controller_joy_SW_anim.fbx
  artifactKey: Guid(0b95938a77128554693a8add53e022a5) Importer(815301076,1909f56bfc062723c751e8b465ee728b)
Start importing Assets/Oculus/SampleFramework/Core/TouchControllers/Animations/r_controller_joy_SW_anim.fbx using Guid(0b95938a77128554693a8add53e022a5) Importer(815301076,1909f56bfc062723c751e8b465ee728b)  -> (artifact id: 'cf490dbd5a19525dbce2d33804707734') in 0.018744 seconds 
========================================================================
Received Import Request.
  Time since last request: 0.000025 seconds.
  path: Assets/Oculus/SampleFramework/Core/TouchControllers/Animations/l_controller_neutral_button01_mask_anim.fbx
  artifactKey: Guid(a297026597cd6f24eaafc30c8acd3660) Importer(815301076,1909f56bfc062723c751e8b465ee728b)
Start importing Assets/Oculus/SampleFramework/Core/TouchControllers/Animations/l_controller_neutral_button01_mask_anim.fbx using Guid(a297026597cd6f24eaafc30c8acd3660) Importer(815301076,1909f56bfc062723c751e8b465ee728b)  -> (artifact id: '5c905ab73ed57ec63b0d63cfa0004b21') in 0.018114 seconds 
========================================================================
Received Import Request.
  Time since last request: 0.000029 seconds.
  path: Assets/Oculus/SampleFramework/Core/TouchControllers/Animations/r_controller_neutral_button01_mask_anim.fbx
  artifactKey: Guid(89f0f9ca0eacba44e8d06ec9ab479a1a) Importer(815301076,1909f56bfc062723c751e8b465ee728b)
Start importing Assets/Oculus/SampleFramework/Core/TouchControllers/Animations/r_controller_neutral_button01_mask_anim.fbx using Guid(89f0f9ca0eacba44e8d06ec9ab479a1a) Importer(815301076,1909f56bfc062723c751e8b465ee728b)  -> (artifact id: '94986c0081ada8676d84226ea1013d16') in 0.018584 seconds 
========================================================================
Received Import Request.
  Time since last request: 0.000025 seconds.
  path: Assets/Oculus/SampleFramework/Core/TouchControllers/Animations/r_controller_neutral_anim.fbx
  artifactKey: Guid(e704c090dc2948b4c9f8934d0dc4714e) Importer(815301076,1909f56bfc062723c751e8b465ee728b)
Start importing Assets/Oculus/SampleFramework/Core/TouchControllers/Animations/r_controller_neutral_anim.fbx using Guid(e704c090dc2948b4c9f8934d0dc4714e) Importer(815301076,1909f56bfc062723c751e8b465ee728b)  -> (artifact id: '75f41cdca255ea9398e05bd0ac3b87b1') in 0.018730 seconds 
========================================================================
Received Import Request.
  Time since last request: 0.000028 seconds.
  path: Assets/Oculus/SampleFramework/Core/TouchControllers/Animations/l_controller_neutral_button03_mask_anim.fbx
  artifactKey: Guid(0a0d4a0431d8f1247b902263d54324d6) Importer(815301076,1909f56bfc062723c751e8b465ee728b)
Start importing Assets/Oculus/SampleFramework/Core/TouchControllers/Animations/l_controller_neutral_button03_mask_anim.fbx using Guid(0a0d4a0431d8f1247b902263d54324d6) Importer(815301076,1909f56bfc062723c751e8b465ee728b)  -> (artifact id: '1f0793f736b3852b65effe00f480fd98') in 0.021880 seconds 
========================================================================
Received Import Request.
  Time since last request: 9.685838 seconds.
  path: Assets/Oculus/SampleFramework/Usage/HandsTrainExample/Animations
  artifactKey: Guid(43999731f104a6247ac375aa23e861ef) Importer(815301076,1909f56bfc062723c751e8b465ee728b)
Start importing Assets/Oculus/SampleFramework/Usage/HandsTrainExample/Animations using Guid(43999731f104a6247ac375aa23e861ef) Importer(815301076,1909f56bfc062723c751e8b465ee728b)  -> (artifact id: '876d787106ba9b33d5569cb3d91268af') in 0.001615 seconds 
========================================================================
Received Prepare
Registering precompiled user dll's ...
Registered in 0.009179 seconds.
Begin MonoManager ReloadAssembly
Symbol file LoadedFromMemory doesn't match image C:\Users\zeta\OneDrive\Documents\GitHub\Eyedylic\Eyedylic Prototype\Library\PackageCache\com.unity.visualscripting@1.7.6\Editor\VisualScripting.Core\Dependencies\DotNetZip\Unity.VisualScripting.IonicZip.dll
Symbol file LoadedFromMemory doesn't match image C:\Users\zeta\OneDrive\Documents\GitHub\Eyedylic\Eyedylic Prototype\Library\PackageCache\com.unity.visualscripting@1.7.6\Editor\VisualScripting.Core\Dependencies\YamlDotNet\Unity.VisualScripting.YamlDotNet.dll
Native extension for WindowsStandalone target not found
Refreshing native plugins compatible for Editor in 1.12 ms, found 12 plugins.
Preloading 1 native plugins for Editor in 0.07 ms.
Mono: successfully reloaded assembly
- Completed reload, in  1.047 seconds
Domain Reload Profiling:
	ReloadAssembly (1048ms)
		BeginReloadAssembly (137ms)
			ExecutionOrderSort (0ms)
			DisableScriptedObjects (4ms)
			BackupInstance (0ms)
			ReleaseScriptingObjects (0ms)
			CreateAndSetChildDomain (40ms)
		EndReloadAssembly (801ms)
			LoadAssemblies (84ms)
			RebuildTransferFunctionScriptingTraits (0ms)
			SetupTypeCache (252ms)
			ReleaseScriptCaches (1ms)
			RebuildScriptCaches (47ms)
			SetupLoadedEditorAssemblies (357ms)
				LogAssemblyErrors (0ms)
				InitializePlatformSupportModulesInManaged (13ms)
				SetLoadedEditorAssemblies (0ms)
				RefreshPlugins (1ms)
				BeforeProcessingInitializeOnLoad (74ms)
				ProcessInitializeOnLoadAttributes (230ms)
				ProcessInitializeOnLoadMethodAttributes (32ms)
				AfterProcessingInitializeOnLoad (7ms)
				EditorAssembliesLoaded (0ms)
			ExecutionOrderSort2 (0ms)
			AwakeInstancesAfterBackupRestoration (12ms)
Platform modules already initialized, skipping
Shader 'Oculus/OVRMRCameraFrameLit': fallback shader 'Alpha-Diffuse' not found
Refreshing native plugins compatible for Editor in 1.66 ms, found 12 plugins.
Preloading 1 native plugins for Editor in 0.07 ms.
Unloading 4403 Unused Serialized files (Serialized files now loaded: 0)
Unloading 64 unused Assets / (111.6 KB). Loaded Objects now: 4968.
Memory consumption went from 180.7 MB to 180.5 MB.
Total: 3.259800 ms (FindLiveObjects: 0.443100 ms CreateObjectMapping: 0.334500 ms MarkObjects: 2.370500 ms  DeleteObjects: 0.110700 ms)

AssetImportParameters requested are different than current active one (requested -> active):
  custom:video-decoder-ogg-theora: a1e56fd34408186e4bbccfd4996cb3dc -> 
  custom:container-muxer-webm: aa71ff27fc2769a1b78a27578f13a17b -> 
  custom:container-demuxer-webm: 4f35f7cbe854078d1ac9338744f61a02 -> 
  custom:video-encoder-webm-vp8: eb34c28f22e8b96e1ab97ce403110664 -> 
  custom:audio-encoder-webm-vorbis: bf7c407c2cedff20999df2af8eb42d56 -> 
  custom:framework-win-MediaFoundation: 216162199b28c13a410421893ffa2e32 -> 
  custom:container-demuxer-ogg: 62fdf1f143b41e24485cea50d1cbac27 -> 
  custom:video-decoder-webm-vp8: 9c59270c3fd7afecdb556c50c9e8de78 -> 
  custom:audio-decoder-ogg-vorbis: bf7c407c2cedff20999df2af8eb42d56 -> 
========================================================================
Received Import Request.
  Time since last request: 174.922923 seconds.
  path: Assets/Oculus/Oculus Hands/Prefabs/Right Hand Model.prefab
  artifactKey: Guid(1fd3a7c43c8190f4d8c167ebde694364) Importer(815301076,1909f56bfc062723c751e8b465ee728b)
Start importing Assets/Oculus/Oculus Hands/Prefabs/Right Hand Model.prefab using Guid(1fd3a7c43c8190f4d8c167ebde694364) Importer(815301076,1909f56bfc062723c751e8b465ee728b)  -> (artifact id: 'c709be27d0fb5727061b57b7bf5591ea') in 0.054988 seconds 
========================================================================
Received Import Request.
  Time since last request: 5.409433 seconds.
  path: Assets/Oculus/Oculus Hands/Prefabs/Right Hand Model.prefab
  artifactKey: Guid(1fd3a7c43c8190f4d8c167ebde694364) Importer(815301076,1909f56bfc062723c751e8b465ee728b)
Start importing Assets/Oculus/Oculus Hands/Prefabs/Right Hand Model.prefab using Guid(1fd3a7c43c8190f4d8c167ebde694364) Importer(815301076,1909f56bfc062723c751e8b465ee728b)  -> (artifact id: 'cfcd46bd85dc50a3c59f778bfef56a1a') in 0.010238 seconds 
========================================================================
Received Import Request.
  Time since last request: 9.140515 seconds.
  path: Assets/Oculus/SampleFramework
  artifactKey: Guid(3bbe4995633a61d489cd4b3e00a0e197) Importer(815301076,1909f56bfc062723c751e8b465ee728b)
Start importing Assets/Oculus/SampleFramework using Guid(3bbe4995633a61d489cd4b3e00a0e197) Importer(815301076,1909f56bfc062723c751e8b465ee728b)  -> (artifact id: '49fd4464e97b09b2a198cbae94eeacc3') in 0.006618 seconds 
========================================================================
Received Import Request.
  Time since last request: 7.778026 seconds.
  path: Assets/Oculus/SampleFramework/Core
  artifactKey: Guid(a6f70e53f5bf3f548b587fd2570d8f03) Importer(815301076,1909f56bfc062723c751e8b465ee728b)
Start importing Assets/Oculus/SampleFramework/Core using Guid(a6f70e53f5bf3f548b587fd2570d8f03) Importer(815301076,1909f56bfc062723c751e8b465ee728b)  -> (artifact id: '41d791874a7fdd9fb33399033136dff9') in 0.005556 seconds 
========================================================================
Received Import Request.
  Time since last request: 1.348326 seconds.
  path: Assets/Oculus/SampleFramework/Core/CustomHands
  artifactKey: Guid(a8bb45e7ef4481e4db0a4da3bf699032) Importer(815301076,1909f56bfc062723c751e8b465ee728b)
Start importing Assets/Oculus/SampleFramework/Core/CustomHands using Guid(a8bb45e7ef4481e4db0a4da3bf699032) Importer(815301076,1909f56bfc062723c751e8b465ee728b)  -> (artifact id: 'b3d81beeb8d841395ac75b16649ead48') in 0.005611 seconds 
========================================================================
Received Import Request.
  Time since last request: 1.379420 seconds.
  path: Assets/Oculus/SampleFramework/Core/CustomHands/Models
  artifactKey: Guid(f86f7081ef3d88a4699b38c51b052b3f) Importer(815301076,1909f56bfc062723c751e8b465ee728b)
Start importing Assets/Oculus/SampleFramework/Core/CustomHands/Models using Guid(f86f7081ef3d88a4699b38c51b052b3f) Importer(815301076,1909f56bfc062723c751e8b465ee728b)  -> (artifact id: 'da46748d83ee66b5d1940b77dc84bde7') in 0.007396 seconds 
========================================================================
Received Import Request.
  Time since last request: 0.018907 seconds.
  path: Assets/Oculus/SampleFramework/Core/CustomHands/Models/HandMaterial.mat
  artifactKey: Guid(cc8c9e8a516866042b69a6919d0ab885) Importer(815301076,1909f56bfc062723c751e8b465ee728b)
Start importing Assets/Oculus/SampleFramework/Core/CustomHands/Models/HandMaterial.mat using Guid(cc8c9e8a516866042b69a6919d0ab885) Importer(815301076,1909f56bfc062723c751e8b465ee728b)  -> (artifact id: 'b98dca2ca81bfb7b83256b8372d7a69e') in 0.038263 seconds 
========================================================================
Received Import Request.
  Time since last request: 0.000034 seconds.
  path: Assets/Oculus/SampleFramework/Core/CustomHands/Models/l_hand_skeletal_lowres.fbx
  artifactKey: Guid(ca20b3907ff1c794cb89c1ad2cce8282) Importer(815301076,1909f56bfc062723c751e8b465ee728b)
Start importing Assets/Oculus/SampleFramework/Core/CustomHands/Models/l_hand_skeletal_lowres.fbx using Guid(ca20b3907ff1c794cb89c1ad2cce8282) Importer(815301076,1909f56bfc062723c751e8b465ee728b)  -> (artifact id: '7f7073bd8dc4f978ecb93cc1d526969f') in 0.031901 seconds 
========================================================================
Received Import Request.
  Time since last request: 105.124754 seconds.
  path: Assets/Oculus/SampleFramework/Core/CustomHands/Textures
  artifactKey: Guid(133d583499b8d418287259f77f7c90ea) Importer(815301076,1909f56bfc062723c751e8b465ee728b)
Start importing Assets/Oculus/SampleFramework/Core/CustomHands/Textures using Guid(133d583499b8d418287259f77f7c90ea) Importer(815301076,1909f56bfc062723c751e8b465ee728b)  -> (artifact id: '70221b8654b46b361b6b7da45d05167c') in 0.005657 seconds 
========================================================================
Received Import Request.
  Time since last request: 0.048532 seconds.
  path: Assets/Oculus/SampleFramework/Core/CustomHands/Textures/Hands_stripes_01.png
  artifactKey: Guid(3eb12af43cd0000409a977bcf35e4d4a) Importer(815301076,1909f56bfc062723c751e8b465ee728b)
Start importing Assets/Oculus/SampleFramework/Core/CustomHands/Textures/Hands_stripes_01.png using Guid(3eb12af43cd0000409a977bcf35e4d4a) Importer(815301076,1909f56bfc062723c751e8b465ee728b)  -> (artifact id: 'b581efe975b4db4181f117618b3fceaf') in 0.149482 seconds 
========================================================================
Received Import Request.
  Time since last request: 0.000046 seconds.
  path: Assets/Oculus/SampleFramework/Core/CustomHands/Textures/ramp_bluewhite_01.png
  artifactKey: Guid(a6143196f34cd44c19789dbda1f129c2) Importer(815301076,1909f56bfc062723c751e8b465ee728b)
Start importing Assets/Oculus/SampleFramework/Core/CustomHands/Textures/ramp_bluewhite_01.png using Guid(a6143196f34cd44c19789dbda1f129c2) Importer(815301076,1909f56bfc062723c751e8b465ee728b)  -> (artifact id: '19517209020132630924d6c2921f812d') in 0.019475 seconds 
========================================================================
Received Import Request.
  Time since last request: 0.000052 seconds.
  path: Assets/Oculus/SampleFramework/Core/CustomHands/Textures/ramp_bluewhite_02.png
  artifactKey: Guid(ff902dc5c3e264587a8bc6213e64a5e2) Importer(815301076,1909f56bfc062723c751e8b465ee728b)
Start importing Assets/Oculus/SampleFramework/Core/CustomHands/Textures/ramp_bluewhite_02.png using Guid(ff902dc5c3e264587a8bc6213e64a5e2) Importer(815301076,1909f56bfc062723c751e8b465ee728b)  -> (artifact id: '0409ff96c4b59419733aa88f9b454f1b') in 0.019389 seconds 
========================================================================
Received Import Request.
  Time since last request: 3.317266 seconds.
  path: Assets/Oculus/SampleFramework/Core/CustomHands/Shaders
  artifactKey: Guid(5521c5201c8004a179b93c99438ad8ef) Importer(815301076,1909f56bfc062723c751e8b465ee728b)
Start importing Assets/Oculus/SampleFramework/Core/CustomHands/Shaders using Guid(5521c5201c8004a179b93c99438ad8ef) Importer(815301076,1909f56bfc062723c751e8b465ee728b)  -> (artifact id: '3ae581fc57105c1d43e32edf404d8217') in 0.009132 seconds 
========================================================================
Received Import Request.
  Time since last request: 13.559385 seconds.
  path: Assets/Oculus/SampleFramework/Core/CustomHands/Materials
  artifactKey: Guid(439571b1b54225746960ad2b9769efe7) Importer(815301076,1909f56bfc062723c751e8b465ee728b)
Start importing Assets/Oculus/SampleFramework/Core/CustomHands/Materials using Guid(439571b1b54225746960ad2b9769efe7) Importer(815301076,1909f56bfc062723c751e8b465ee728b)  -> (artifact id: 'a51157d15a5f56796710ece46a00b9f5') in 0.005667 seconds 
========================================================================
Received Import Request.
  Time since last request: 0.057639 seconds.
  path: Assets/Oculus/SampleFramework/Core/CustomHands/Materials/Hands_solid.mat
  artifactKey: Guid(3637b758ff163493f8bb8b6d7e96d7ae) Importer(815301076,1909f56bfc062723c751e8b465ee728b)
Start importing Assets/Oculus/SampleFramework/Core/CustomHands/Materials/Hands_solid.mat using Guid(3637b758ff163493f8bb8b6d7e96d7ae) Importer(815301076,1909f56bfc062723c751e8b465ee728b)  -> (artifact id: '1bb396f5addf0ed30c5b0bc0c0166c6e') in 0.012677 seconds 
Editor requested this worker to shutdown with reason: Scaling down because of idle timeout
AssetImportWorker is now disconnected from the server
Process exiting
Exiting without the bug reporter. Application will terminate with return code 0