Using pre-set license
Built from '2021.2/staging' branch; Version is '2021.2.7f1 (6bd9e232123f) revision 7068130'; Using compiler version '192829333'; Build Type 'Release'
OS: 'Windows 11  (10.0.22523) 64bit CoreSingleLanguage' Language: 'en' Physical Memory: 16228 MB
BatchMode: 1, IsHumanControllingUs: 0, StartBugReporterOnCrash: 0, Is64bit: 1, IsPro: 0

COMMAND LINE ARGUMENTS:
D:\ricky\Documents\Unity\Installs\2021.2.7f1\Editor\Unity.exe
-adb2
-batchMode
-noUpm
-name
AssetImportWorker7
-projectPath
D:/ricky/Documents/GitHub/Eyedylic/Eyedylic Prototype
-logFile
Logs/AssetImportWorker7.log
-srvPort
50546
Successfully changed project path to: D:/ricky/Documents/GitHub/Eyedylic/Eyedylic Prototype
D:/ricky/Documents/GitHub/Eyedylic/Eyedylic Prototype
[UnityMemory] Configuration Parameters - Can be set up in boot.config
    "memorysetup-bucket-allocator-granularity=16"
    "memorysetup-bucket-allocator-bucket-count=8"
    "memorysetup-bucket-allocator-block-size=33554432"
    "memorysetup-bucket-allocator-block-count=8"
    "memorysetup-main-allocator-block-size=16777216"
    "memorysetup-thread-allocator-block-size=16777216"
    "memorysetup-gfx-main-allocator-block-size=16777216"
    "memorysetup-gfx-thread-allocator-block-size=16777216"
    "memorysetup-cache-allocator-block-size=4194304"
    "memorysetup-typetree-allocator-block-size=2097152"
    "memorysetup-profiler-bucket-allocator-granularity=16"
    "memorysetup-profiler-bucket-allocator-bucket-count=8"
    "memorysetup-profiler-bucket-allocator-block-size=33554432"
    "memorysetup-profiler-bucket-allocator-block-count=8"
    "memorysetup-profiler-allocator-block-size=16777216"
    "memorysetup-profiler-editor-allocator-block-size=1048576"
    "memorysetup-temp-allocator-size-main=16777216"
    "memorysetup-job-temp-allocator-block-size=2097152"
    "memorysetup-job-temp-allocator-block-size-background=1048576"
    "memorysetup-job-temp-allocator-reduction-small-platforms=262144"
    "memorysetup-temp-allocator-size-background-worker=32768"
    "memorysetup-temp-allocator-size-job-worker=262144"
    "memorysetup-temp-allocator-size-preload-manager=33554432"
    "memorysetup-temp-allocator-size-nav-mesh-worker=65536"
    "memorysetup-temp-allocator-size-audio-worker=65536"
    "memorysetup-temp-allocator-size-cloud-worker=32768"
    "memorysetup-temp-allocator-size-gi-baking-worker=262144"
    "memorysetup-temp-allocator-size-gfx=262144"
Refreshing native plugins compatible for Editor in 178.74 ms, found 12 plugins.
Preloading 1 native plugins for Editor in 45.99 ms.
Initialize engine version: 2021.2.7f1 (6bd9e232123f)
[Subsystems] Discovering subsystems at path D:/ricky/Documents/Unity/Installs/2021.2.7f1/Editor/Data/Resources/UnitySubsystems
[Subsystems] Discovering subsystems at path D:/ricky/Documents/GitHub/Eyedylic/Eyedylic Prototype/Assets
GfxDevice: creating device client; threaded=0; jobified=0
Direct3D:
    Version:  Direct3D 11.0 [level 11.1]
    Renderer: NVIDIA GeForce GTX 1050 Ti (ID=0x1c8c)
    Vendor:   NVIDIA
    VRAM:     4019 MB
    Driver:   30.0.14.9729
Shader 'Oculus/OVRMRCameraFrameLit': fallback shader 'Alpha-Diffuse' not found
Initialize mono
Mono path[0] = 'D:/ricky/Documents/Unity/Installs/2021.2.7f1/Editor/Data/Managed'
Mono path[1] = 'D:/ricky/Documents/Unity/Installs/2021.2.7f1/Editor/Data/MonoBleedingEdge/lib/mono/unityjit-win32'
Mono config path = 'D:/ricky/Documents/Unity/Installs/2021.2.7f1/Editor/Data/MonoBleedingEdge/etc'
Using monoOptions --debugger-agent=transport=dt_socket,embedding=1,server=y,suspend=n,address=127.0.0.1:56304
Begin MonoManager ReloadAssembly
Registering precompiled unity dll's ...
Register platform support module: D:/ricky/Documents/Unity/Installs/2021.2.7f1/Editor/Data/PlaybackEngines/WindowsStandaloneSupport/UnityEditor.WindowsStandalone.Extensions.dll
Registered in 0.002924 seconds.
Native extension for WindowsStandalone target not found
Refreshing native plugins compatible for Editor in 163.32 ms, found 12 plugins.
Preloading 1 native plugins for Editor in 0.04 ms.
Mono: successfully reloaded assembly
- Completed reload, in  0.923 seconds
Domain Reload Profiling:
	ReloadAssembly (924ms)
		BeginReloadAssembly (119ms)
			ExecutionOrderSort (0ms)
			DisableScriptedObjects (0ms)
			BackupInstance (0ms)
			ReleaseScriptingObjects (0ms)
			CreateAndSetChildDomain (1ms)
		EndReloadAssembly (699ms)
			LoadAssemblies (120ms)
			RebuildTransferFunctionScriptingTraits (0ms)
			SetupTypeCache (139ms)
			ReleaseScriptCaches (0ms)
			RebuildScriptCaches (38ms)
			SetupLoadedEditorAssemblies (421ms)
				LogAssemblyErrors (0ms)
				InitializePlatformSupportModulesInManaged (18ms)
				SetLoadedEditorAssemblies (0ms)
				RefreshPlugins (163ms)
				BeforeProcessingInitializeOnLoad (1ms)
				ProcessInitializeOnLoadAttributes (182ms)
				ProcessInitializeOnLoadMethodAttributes (55ms)
				AfterProcessingInitializeOnLoad (0ms)
				EditorAssembliesLoaded (0ms)
			ExecutionOrderSort2 (0ms)
			AwakeInstancesAfterBackupRestoration (0ms)
Platform modules already initialized, skipping
Registering precompiled user dll's ...
Registered in 0.026131 seconds.
Begin MonoManager ReloadAssembly
Symbol file LoadedFromMemory doesn't match image D:\ricky\Documents\GitHub\Eyedylic\Eyedylic Prototype\Library\PackageCache\com.unity.visualscripting@1.7.6\Editor\VisualScripting.Core\Dependencies\DotNetZip\Unity.VisualScripting.IonicZip.dll
Symbol file LoadedFromMemory doesn't match image D:\ricky\Documents\GitHub\Eyedylic\Eyedylic Prototype\Library\PackageCache\com.unity.visualscripting@1.7.6\Editor\VisualScripting.Core\Dependencies\YamlDotNet\Unity.VisualScripting.YamlDotNet.dll
Native extension for WindowsStandalone target not found
Refreshing native plugins compatible for Editor in 107.85 ms, found 12 plugins.
Preloading 1 native plugins for Editor in 0.07 ms.
Package Manager log level set to [2]
[XR] OculusXRPlugin: registering subsystems
[XR] Unable to register display lifecyle provider: [1]
[XR] Oculus Input lifecycle provider registered.
[XR] Unable to register input lifecyle provider: [1]
[XR] OVRP version 1.67.0
Mono: successfully reloaded assembly
- Completed reload, in  4.678 seconds
Domain Reload Profiling:
	ReloadAssembly (4679ms)
		BeginReloadAssembly (144ms)
			ExecutionOrderSort (0ms)
			DisableScriptedObjects (8ms)
			BackupInstance (0ms)
			ReleaseScriptingObjects (0ms)
			CreateAndSetChildDomain (23ms)
		EndReloadAssembly (3468ms)
			LoadAssemblies (1955ms)
			RebuildTransferFunctionScriptingTraits (0ms)
			SetupTypeCache (376ms)
			ReleaseScriptCaches (1ms)
			RebuildScriptCaches (78ms)
			SetupLoadedEditorAssemblies (1030ms)
				LogAssemblyErrors (0ms)
				InitializePlatformSupportModulesInManaged (11ms)
				SetLoadedEditorAssemblies (0ms)
				RefreshPlugins (108ms)
				BeforeProcessingInitializeOnLoad (90ms)
				ProcessInitializeOnLoadAttributes (503ms)
				ProcessInitializeOnLoadMethodAttributes (316ms)
				AfterProcessingInitializeOnLoad (3ms)
				EditorAssembliesLoaded (0ms)
			ExecutionOrderSort2 (0ms)
			AwakeInstancesAfterBackupRestoration (7ms)
Platform modules already initialized, skipping
========================================================================
Worker process is ready to serve import requests
Shader 'Oculus/OVRMRCameraFrameLit': fallback shader 'Alpha-Diffuse' not found
Launched and connected shader compiler UnityShaderCompiler.exe after 0.46 seconds
Refreshing native plugins compatible for Editor in 1.32 ms, found 12 plugins.
Preloading 1 native plugins for Editor in 0.05 ms.
Unloading 4474 Unused Serialized files (Serialized files now loaded: 0)
Unloading 71 unused Assets / (135.1 KB). Loaded Objects now: 4898.
Memory consumption went from 169.3 MB to 169.2 MB.
Total: 28.018600 ms (FindLiveObjects: 1.254300 ms CreateObjectMapping: 1.608500 ms MarkObjects: 24.946100 ms  DeleteObjects: 0.206200 ms)

AssetImportParameters requested are different than current active one (requested -> active):
  custom:video-decoder-ogg-theora: a1e56fd34408186e4bbccfd4996cb3dc -> 
  custom:container-muxer-webm: aa71ff27fc2769a1b78a27578f13a17b -> 
  custom:container-demuxer-webm: 4f35f7cbe854078d1ac9338744f61a02 -> 
  custom:video-encoder-webm-vp8: eb34c28f22e8b96e1ab97ce403110664 -> 
  custom:audio-encoder-webm-vorbis: bf7c407c2cedff20999df2af8eb42d56 -> 
  custom:framework-win-MediaFoundation: 216162199b28c13a410421893ffa2e32 -> 
  custom:container-demuxer-ogg: 62fdf1f143b41e24485cea50d1cbac27 -> 
  custom:video-decoder-webm-vp8: 9c59270c3fd7afecdb556c50c9e8de78 -> 
  custom:audio-decoder-ogg-vorbis: bf7c407c2cedff20999df2af8eb42d56 -> 
========================================================================
Received Import Request.
  Time since last request: 22116.991984 seconds.
  path: Assets/House/master-blackwhite-bedroom/textures/Apple-IMAC_Mouse_m.png
  artifactKey: Guid(773b019dc14aa4646b15e2e4754ff861) Importer(815301076,1909f56bfc062723c751e8b465ee728b)
Start importing Assets/House/master-blackwhite-bedroom/textures/Apple-IMAC_Mouse_m.png using Guid(773b019dc14aa4646b15e2e4754ff861) Importer(815301076,1909f56bfc062723c751e8b465ee728b)  -> (artifact id: '447b73ab93e66489545e4bbfabdb700b') in 0.511596 seconds 
========================================================================
Received Import Request.
  Time since last request: 0.000025 seconds.
  path: Assets/House/master-blackwhite-bedroom/textures/Black_Office_Chair_albedo.jpg
  artifactKey: Guid(170d83742e56a480aaf167549b0c7984) Importer(815301076,1909f56bfc062723c751e8b465ee728b)
Start importing Assets/House/master-blackwhite-bedroom/textures/Black_Office_Chair_albedo.jpg using Guid(170d83742e56a480aaf167549b0c7984) Importer(815301076,1909f56bfc062723c751e8b465ee728b)  -> (artifact id: '10d6f813a63cf9a29a05d15696afe9dc') in 0.401635 seconds 
========================================================================
Received Import Request.
  Time since last request: 0.007912 seconds.
  path: Assets/House/master-blackwhite-bedroom/textures/Carpet_ALBEDO.png
  artifactKey: Guid(a5da53d091fc44468a031e6fe5f102d4) Importer(815301076,1909f56bfc062723c751e8b465ee728b)
Start importing Assets/House/master-blackwhite-bedroom/textures/Carpet_ALBEDO.png using Guid(a5da53d091fc44468a031e6fe5f102d4) Importer(815301076,1909f56bfc062723c751e8b465ee728b)  -> (artifact id: 'baa2b1ae297537103da108948e3bef7a') in 0.180982 seconds 
========================================================================
Received Import Request.
  Time since last request: 0.000032 seconds.
  path: Assets/House/master-blackwhite-bedroom/textures/Apple-IMAC_Mouse_n1.png
  artifactKey: Guid(f3209dac41c63455bbc8498085f5992a) Importer(815301076,1909f56bfc062723c751e8b465ee728b)
Start importing Assets/House/master-blackwhite-bedroom/textures/Apple-IMAC_Mouse_n1.png using Guid(f3209dac41c63455bbc8498085f5992a) Importer(815301076,1909f56bfc062723c751e8b465ee728b)  -> (artifact id: '1a12c09fec664383e1aab91b7d2e168c') in 0.112029 seconds 
========================================================================
Received Import Request.
  Time since last request: 26.817701 seconds.
  path: Assets/Oculus/SampleFramework/Usage/SharedAssets/Textures/block_wood_01_dif.png
  artifactKey: Guid(4281f5429a5bbd04da4ccfce25a814d3) Importer(815301076,1909f56bfc062723c751e8b465ee728b)
Start importing Assets/Oculus/SampleFramework/Usage/SharedAssets/Textures/block_wood_01_dif.png using Guid(4281f5429a5bbd04da4ccfce25a814d3) Importer(815301076,1909f56bfc062723c751e8b465ee728b)  -> (artifact id: 'b13acace2762e83b6e0afc4acca2facb') in 0.313628 seconds 
========================================================================
Received Import Request.
  Time since last request: 0.000042 seconds.
  path: Assets/House/neusa-frois/textures/Box076Corona_Diffuse.jpeg
  artifactKey: Guid(f80af7b936aec4602ad724b55d411f12) Importer(815301076,1909f56bfc062723c751e8b465ee728b)
Start importing Assets/House/neusa-frois/textures/Box076Corona_Diffuse.jpeg using Guid(f80af7b936aec4602ad724b55d411f12) Importer(815301076,1909f56bfc062723c751e8b465ee728b)  -> (artifact id: '831fc6497a6b73ed7a19f81c6534723d') in 0.150960 seconds 
========================================================================
Received Import Request.
  Time since last request: 1.200761 seconds.
  path: Assets/Oculus/SampleFramework/Core/DebugUI/Textures/button9slice.png
  artifactKey: Guid(eec623c29607b1447ac4dc6de3cdda6a) Importer(815301076,1909f56bfc062723c751e8b465ee728b)
Start importing Assets/Oculus/SampleFramework/Core/DebugUI/Textures/button9slice.png using Guid(eec623c29607b1447ac4dc6de3cdda6a) Importer(815301076,1909f56bfc062723c751e8b465ee728b)  -> (artifact id: '88b39dd2e237b1852677c3e403a09e5a') in 0.333276 seconds 
========================================================================
Received Import Request.
  Time since last request: 0.459067 seconds.
  path: Assets/Oculus/SampleFramework/Core/DebugUI/Fonts/Montserrat/Montserrat-Medium.ttf
  artifactKey: Guid(6921a454aa104cf47a67f59c64acaa17) Importer(815301076,1909f56bfc062723c751e8b465ee728b)
Start importing Assets/Oculus/SampleFramework/Core/DebugUI/Fonts/Montserrat/Montserrat-Medium.ttf using Guid(6921a454aa104cf47a67f59c64acaa17) Importer(815301076,1909f56bfc062723c751e8b465ee728b)  -> (artifact id: '81ab483b5a80d7ffe8cd594c4b5d1138') in 0.229190 seconds 
========================================================================
Received Import Request.
  Time since last request: 0.000023 seconds.
  path: Assets/Oculus/SampleFramework/Core/DebugUI/Fonts/Montserrat/Montserrat-BoldItalic.ttf
  artifactKey: Guid(440e99598766dbd40a4d8bc01445b5ca) Importer(815301076,1909f56bfc062723c751e8b465ee728b)
Start importing Assets/Oculus/SampleFramework/Core/DebugUI/Fonts/Montserrat/Montserrat-BoldItalic.ttf using Guid(440e99598766dbd40a4d8bc01445b5ca) Importer(815301076,1909f56bfc062723c751e8b465ee728b)  -> (artifact id: '1ecd2998ad344ca9906f14f1c9a5a88e') in 0.176538 seconds 
========================================================================
Received Import Request.
  Time since last request: 55.612969 seconds.
  path: Assets/Oculus/SampleFramework/Usage/OVROverlay/Textures/Tile_Texture_Cinema.png
  artifactKey: Guid(bbb53525b0a17364d8b239d5627667e5) Importer(815301076,1909f56bfc062723c751e8b465ee728b)
Start importing Assets/Oculus/SampleFramework/Usage/OVROverlay/Textures/Tile_Texture_Cinema.png using Guid(bbb53525b0a17364d8b239d5627667e5) Importer(815301076,1909f56bfc062723c751e8b465ee728b)  -> (artifact id: '9d440b23785f25bd4911e2d38a5e1c09') in 0.187060 seconds 
========================================================================
Received Import Request.
  Time since last request: 259.777600 seconds.
  path: Assets/Oculus/SampleFramework/Usage/DistanceGrab/Materials/triangles.png
  artifactKey: Guid(42cde8c8cd0446b49b0d883688e875d8) Importer(815301076,1909f56bfc062723c751e8b465ee728b)
Start importing Assets/Oculus/SampleFramework/Usage/DistanceGrab/Materials/triangles.png using Guid(42cde8c8cd0446b49b0d883688e875d8) Importer(815301076,1909f56bfc062723c751e8b465ee728b)  -> (artifact id: '721fd36ff4ca5934644d0cfb29ad01a0') in 0.498250 seconds 
========================================================================
Received Import Request.
  Time since last request: 0.000030 seconds.
  path: Assets/Oculus/SampleFramework/Usage/SharedAssets/Textures/triangles.png
  artifactKey: Guid(53aa997cbf3a15e48b78352b94e3f1b9) Importer(815301076,1909f56bfc062723c751e8b465ee728b)
Start importing Assets/Oculus/SampleFramework/Usage/SharedAssets/Textures/triangles.png using Guid(53aa997cbf3a15e48b78352b94e3f1b9) Importer(815301076,1909f56bfc062723c751e8b465ee728b)  -> (artifact id: 'dd4110a905eb4fc10fcb1678c66abd33') in 0.166790 seconds 
========================================================================
Received Import Request.
  Time since last request: 0.000037 seconds.
  path: Assets/Oculus/SampleFramework/Usage/Passthrough/Materials/UIelement.png
  artifactKey: Guid(1f040466d664f6d4698a177ddcf0608c) Importer(815301076,1909f56bfc062723c751e8b465ee728b)
Start importing Assets/Oculus/SampleFramework/Usage/Passthrough/Materials/UIelement.png using Guid(1f040466d664f6d4698a177ddcf0608c) Importer(815301076,1909f56bfc062723c751e8b465ee728b)  -> (artifact id: '5ee336533c58a9e7ad59a9fb4d0a7342') in 0.061548 seconds 
========================================================================
Received Import Request.
  Time since last request: 0.767723 seconds.
  path: Assets/Oculus/VR/Textures/OculusTouchForRift/touchController_controlmap.tga
  artifactKey: Guid(8469e5158ec88094497effdf524ee900) Importer(815301076,1909f56bfc062723c751e8b465ee728b)
Start importing Assets/Oculus/VR/Textures/OculusTouchForRift/touchController_controlmap.tga using Guid(8469e5158ec88094497effdf524ee900) Importer(815301076,1909f56bfc062723c751e8b465ee728b)  -> (artifact id: '718870b3aef3f5a262d335765829ed78') in 0.079313 seconds 
========================================================================
Received Import Request.
  Time since last request: 0.535059 seconds.
  path: Assets/Oculus/VR/Textures/OculusTouchForRift/touchController_albedo.png
  artifactKey: Guid(063f7a502a7e06e428090710e8286b2b) Importer(815301076,1909f56bfc062723c751e8b465ee728b)
Start importing Assets/Oculus/VR/Textures/OculusTouchForRift/touchController_albedo.png using Guid(063f7a502a7e06e428090710e8286b2b) Importer(815301076,1909f56bfc062723c751e8b465ee728b)  -> (artifact id: 'f5e1952af7de8d05aaeee3c58b585ed7') in 0.135134 seconds 
========================================================================
Received Import Request.
  Time since last request: 0.000022 seconds.
  path: Assets/Oculus/SampleFramework/Usage/OVROverlay/Textures/Tile_Texture_OculusVideo.png
  artifactKey: Guid(576bbf942ea70bc4f9abed25da33aef7) Importer(815301076,1909f56bfc062723c751e8b465ee728b)
Start importing Assets/Oculus/SampleFramework/Usage/OVROverlay/Textures/Tile_Texture_OculusVideo.png using Guid(576bbf942ea70bc4f9abed25da33aef7) Importer(815301076,1909f56bfc062723c751e8b465ee728b)  -> (artifact id: 'e3fda85fd4b72f71694b217657354a3b') in 0.123601 seconds 
========================================================================
Received Import Request.
  Time since last request: 0.200077 seconds.
  path: Assets/Oculus/SampleFramework/Usage/OVROverlay/Textures/Tile_Texture_Henry.png
  artifactKey: Guid(68718b007b3e15249ba6c9c4e31c045f) Importer(815301076,1909f56bfc062723c751e8b465ee728b)
Start importing Assets/Oculus/SampleFramework/Usage/OVROverlay/Textures/Tile_Texture_Henry.png using Guid(68718b007b3e15249ba6c9c4e31c045f) Importer(815301076,1909f56bfc062723c751e8b465ee728b)  -> (artifact id: '5a8be9d369766d2eb6fc3432c2e6ee47') in 0.120134 seconds 
========================================================================
Received Import Request.
  Time since last request: 0.231989 seconds.
  path: Assets/Oculus/LipSync/Models/RobotHead_TextureFlip/TH.png
  artifactKey: Guid(d14bb80824ed25b44a65ddfc7f591e29) Importer(815301076,1909f56bfc062723c751e8b465ee728b)
Start importing Assets/Oculus/LipSync/Models/RobotHead_TextureFlip/TH.png using Guid(d14bb80824ed25b44a65ddfc7f591e29) Importer(815301076,1909f56bfc062723c751e8b465ee728b)  -> (artifact id: '7190b12827f88b0c2bdbd3828b5b8d55') in 0.048280 seconds 
========================================================================
Received Import Request.
  Time since last request: 0.030353 seconds.
  path: Assets/Oculus/SampleFramework/Usage/HandsTrainExample/Textures/SmokeBillow_atlas_001_v2.png
  artifactKey: Guid(32e6491eddb35c34f8f3a3bc71b8ede8) Importer(815301076,1909f56bfc062723c751e8b465ee728b)
Start importing Assets/Oculus/SampleFramework/Usage/HandsTrainExample/Textures/SmokeBillow_atlas_001_v2.png using Guid(32e6491eddb35c34f8f3a3bc71b8ede8) Importer(815301076,1909f56bfc062723c751e8b465ee728b)  -> (artifact id: 'd50b42dbb8cb6592d6932e97c811d88a') in 0.173834 seconds 
========================================================================
Received Import Request.
  Time since last request: 0.086271 seconds.
  path: Assets/Oculus/SampleFramework/Usage/HandsTrainExample/Textures/Smoke30Frames.png
  artifactKey: Guid(ed8f09de76b907c44b668bc985dbfb26) Importer(815301076,1909f56bfc062723c751e8b465ee728b)
Start importing Assets/Oculus/SampleFramework/Usage/HandsTrainExample/Textures/Smoke30Frames.png using Guid(ed8f09de76b907c44b668bc985dbfb26) Importer(815301076,1909f56bfc062723c751e8b465ee728b)  -> (artifact id: '4983e941da4f7084adfdb0f30faa8aa9') in 0.145415 seconds 
========================================================================
Received Import Request.
  Time since last request: 0.000024 seconds.
  path: Assets/Oculus/SampleFramework/Usage/SharedAssets/Skyboxes/Sky_02/Skybox02_Left+X.png
  artifactKey: Guid(ffc9df97368f942baa384095f371e16a) Importer(815301076,1909f56bfc062723c751e8b465ee728b)
Start importing Assets/Oculus/SampleFramework/Usage/SharedAssets/Skyboxes/Sky_02/Skybox02_Left+X.png using Guid(ffc9df97368f942baa384095f371e16a) Importer(815301076,1909f56bfc062723c751e8b465ee728b)  -> (artifact id: 'a508a16e53081deef817d5aa7eb43ad8') in 0.311148 seconds 
========================================================================
Received Import Request.
  Time since last request: 0.000038 seconds.
  path: Assets/Oculus/SampleFramework/Usage/SharedAssets/Skyboxes/Sky_02/Skybox02_Up+Y.png
  artifactKey: Guid(753464e3eaa1243bda1b06345e597459) Importer(815301076,1909f56bfc062723c751e8b465ee728b)
Start importing Assets/Oculus/SampleFramework/Usage/SharedAssets/Skyboxes/Sky_02/Skybox02_Up+Y.png using Guid(753464e3eaa1243bda1b06345e597459) Importer(815301076,1909f56bfc062723c751e8b465ee728b)  -> (artifact id: '4fc241a21ccf28f3f00c1b80b1465ec1') in 0.111359 seconds 
========================================================================
Received Import Request.
  Time since last request: 0.000026 seconds.
  path: Assets/Oculus/SampleFramework/Usage/SharedAssets/Skyboxes/Sky_01/Skybox01_Left+X.png
  artifactKey: Guid(2d6e238331f1a403e881deb3adfc097a) Importer(815301076,1909f56bfc062723c751e8b465ee728b)
Start importing Assets/Oculus/SampleFramework/Usage/SharedAssets/Skyboxes/Sky_01/Skybox01_Left+X.png using Guid(2d6e238331f1a403e881deb3adfc097a) Importer(815301076,1909f56bfc062723c751e8b465ee728b)  -> (artifact id: '3340cfa3ac821a8586fbdb2c705745d5') in 0.135860 seconds 
========================================================================
Received Import Request.
  Time since last request: 0.000044 seconds.
  path: Assets/Oculus/SampleFramework/Usage/SharedAssets/Skyboxes/Sky_01/Skybox01_Right-X.png
  artifactKey: Guid(1531db7620eb24dbfa45481c43b6dcc5) Importer(815301076,1909f56bfc062723c751e8b465ee728b)
Start importing Assets/Oculus/SampleFramework/Usage/SharedAssets/Skyboxes/Sky_01/Skybox01_Right-X.png using Guid(1531db7620eb24dbfa45481c43b6dcc5) Importer(815301076,1909f56bfc062723c751e8b465ee728b)  -> (artifact id: '97103d39f56c66e16f169d592592787c') in 0.155861 seconds 
========================================================================
Received Import Request.
  Time since last request: 0.000038 seconds.
  path: Assets/Oculus/SampleFramework/Usage/SharedAssets/Skyboxes/Sky_02/Skybox02_Right-X.png
  artifactKey: Guid(2225d3954773c41dfb5cbe8356988e16) Importer(815301076,1909f56bfc062723c751e8b465ee728b)
Start importing Assets/Oculus/SampleFramework/Usage/SharedAssets/Skyboxes/Sky_02/Skybox02_Right-X.png using Guid(2225d3954773c41dfb5cbe8356988e16) Importer(815301076,1909f56bfc062723c751e8b465ee728b)  -> (artifact id: 'ee489efd6a02bbcab25a902afc33dee3') in 0.136482 seconds 
========================================================================
Received Import Request.
  Time since last request: 0.000046 seconds.
  path: Assets/Oculus/SampleFramework/Usage/SharedAssets/Skyboxes/Sky_01/Skybox01_Up+Y.png
  artifactKey: Guid(d1f469760a1324aee8f2fa34ed718d6a) Importer(815301076,1909f56bfc062723c751e8b465ee728b)
Start importing Assets/Oculus/SampleFramework/Usage/SharedAssets/Skyboxes/Sky_01/Skybox01_Up+Y.png using Guid(d1f469760a1324aee8f2fa34ed718d6a) Importer(815301076,1909f56bfc062723c751e8b465ee728b)  -> (artifact id: 'cc1e012b0a38235ccba0af6ffceceaac') in 0.128287 seconds 
========================================================================
Received Import Request.
  Time since last request: 0.000025 seconds.
  path: Assets/Oculus/SampleFramework/Usage/SharedAssets/Skyboxes/Sky_02/Skybox02_Front+Z.png
  artifactKey: Guid(f1a0112e68cc949c6aa890a47c46a035) Importer(815301076,1909f56bfc062723c751e8b465ee728b)
Start importing Assets/Oculus/SampleFramework/Usage/SharedAssets/Skyboxes/Sky_02/Skybox02_Front+Z.png using Guid(f1a0112e68cc949c6aa890a47c46a035) Importer(815301076,1909f56bfc062723c751e8b465ee728b)  -> (artifact id: 'c0e28663e54dcc061fa0097ed22a3be2') in 0.308174 seconds 
========================================================================
Received Import Request.
  Time since last request: 0.000031 seconds.
  path: Assets/Oculus/SampleFramework/Usage/SharedAssets/Skyboxes/Sky_02/Skybox02_Down-Y.png
  artifactKey: Guid(af3f54a0947374fd597b7af530d495e3) Importer(815301076,1909f56bfc062723c751e8b465ee728b)
Start importing Assets/Oculus/SampleFramework/Usage/SharedAssets/Skyboxes/Sky_02/Skybox02_Down-Y.png using Guid(af3f54a0947374fd597b7af530d495e3) Importer(815301076,1909f56bfc062723c751e8b465ee728b)  -> (artifact id: 'c3794267fa413cc86f03f70a2db4f6c2') in 0.105746 seconds 
========================================================================
Received Import Request.
  Time since last request: 0.000025 seconds.
  path: Assets/Oculus/SampleFramework/Core/DebugUI/Textures/slider_bar.png
  artifactKey: Guid(71df6d228f4ab4245b9791d80663baa4) Importer(815301076,1909f56bfc062723c751e8b465ee728b)
Start importing Assets/Oculus/SampleFramework/Core/DebugUI/Textures/slider_bar.png using Guid(71df6d228f4ab4245b9791d80663baa4) Importer(815301076,1909f56bfc062723c751e8b465ee728b)  -> (artifact id: 'cec2a23e2b0b2abc91ad6f9c22b58918') in 0.059456 seconds 
========================================================================
Received Import Request.
  Time since last request: 21.911860 seconds.
  path: Assets/Oculus/Avatar/Resources/FallbackTextures/fallback_diffuse_roughness_256.png
  artifactKey: Guid(7d8da3d06466cc04da8c020819170a59) Importer(815301076,1909f56bfc062723c751e8b465ee728b)
Start importing Assets/Oculus/Avatar/Resources/FallbackTextures/fallback_diffuse_roughness_256.png using Guid(7d8da3d06466cc04da8c020819170a59) Importer(815301076,1909f56bfc062723c751e8b465ee728b)  -> (artifact id: '275c38d4c441970d8ba76a00e053e192') in 0.052390 seconds 
========================================================================
Received Import Request.
  Time since last request: 0.000068 seconds.
  path: Assets/Oculus/LipSync/Models/RobotHead_TextureFlip/FF.png
  artifactKey: Guid(5563aa34057c347499c480ea33c5d593) Importer(815301076,1909f56bfc062723c751e8b465ee728b)
Start importing Assets/Oculus/LipSync/Models/RobotHead_TextureFlip/FF.png using Guid(5563aa34057c347499c480ea33c5d593) Importer(815301076,1909f56bfc062723c751e8b465ee728b)  -> (artifact id: '137f075c095592c470306bbd8b5608c8') in 0.057600 seconds 
========================================================================
Received Import Request.
  Time since last request: 0.000029 seconds.
  path: Assets/Oculus/Avatar/Resources/FallbackTextures/fallback_normal_256.png
  artifactKey: Guid(93a54b3b63bcc6d49b16f6bdb655b940) Importer(815301076,1909f56bfc062723c751e8b465ee728b)
Start importing Assets/Oculus/Avatar/Resources/FallbackTextures/fallback_normal_256.png using Guid(93a54b3b63bcc6d49b16f6bdb655b940) Importer(815301076,1909f56bfc062723c751e8b465ee728b)  -> (artifact id: 'e050d8128782f36d880ae08bc0b402cf') in 0.055475 seconds 
========================================================================
Received Import Request.
  Time since last request: 0.000035 seconds.
  path: Assets/Oculus/Avatar/Resources/FallbackTextures/fallback_diffuse_roughness_2048.png
  artifactKey: Guid(b3e87b1024f5fa8408d004b398e7b0c0) Importer(815301076,1909f56bfc062723c751e8b465ee728b)
Start importing Assets/Oculus/Avatar/Resources/FallbackTextures/fallback_diffuse_roughness_2048.png using Guid(b3e87b1024f5fa8408d004b398e7b0c0) Importer(815301076,1909f56bfc062723c751e8b465ee728b)  -> (artifact id: 'df1febcd5892e071815bad6d9bd57f1f') in 0.177978 seconds 
========================================================================
Received Import Request.
  Time since last request: 11.358627 seconds.
  path: Assets/Oculus/SampleFramework/Usage/HandsTrainExample/TrainScene/Lightmap-2_comp_dir.png
  artifactKey: Guid(f46e7852c315af74fb314eb5ee922ca1) Importer(815301076,1909f56bfc062723c751e8b465ee728b)
Start importing Assets/Oculus/SampleFramework/Usage/HandsTrainExample/TrainScene/Lightmap-2_comp_dir.png using Guid(f46e7852c315af74fb314eb5ee922ca1) Importer(815301076,1909f56bfc062723c751e8b465ee728b)  -> (artifact id: '5b3e9fa9a31995d1a4bc8b6079769c70') in 0.310850 seconds 
========================================================================
Received Import Request.
  Time since last request: 0.000023 seconds.
  path: Assets/Oculus/SampleFramework/Usage/HandsTrainExample/TrainScene/Lightmap-7_comp_dir.png
  artifactKey: Guid(a7945d9d9fd1a054dbbef692365c30be) Importer(815301076,1909f56bfc062723c751e8b465ee728b)
Start importing Assets/Oculus/SampleFramework/Usage/HandsTrainExample/TrainScene/Lightmap-7_comp_dir.png using Guid(a7945d9d9fd1a054dbbef692365c30be) Importer(815301076,1909f56bfc062723c751e8b465ee728b)  -> (artifact id: '8b15f4b442de8c387e881cc8749e584e') in 0.183910 seconds 
========================================================================
Received Import Request.
  Time since last request: 0.000027 seconds.
  path: Assets/Oculus/SampleFramework/Usage/HandsTrainExample/TrainScene/Lightmap-8_comp_dir.png
  artifactKey: Guid(5c1031c6067a4db45a7bdf1e31c07670) Importer(815301076,1909f56bfc062723c751e8b465ee728b)
Start importing Assets/Oculus/SampleFramework/Usage/HandsTrainExample/TrainScene/Lightmap-8_comp_dir.png using Guid(5c1031c6067a4db45a7bdf1e31c07670) Importer(815301076,1909f56bfc062723c751e8b465ee728b)  -> (artifact id: '9406a18dfb7d2da12997803f92e9e9cb') in 0.036922 seconds 
========================================================================
Received Import Request.
  Time since last request: 0.000018 seconds.
  path: Assets/House/_Creepy_Cat/_Modern_Interior_Kit_Vol_1/Scenes/SampleScene_01/Lightmap-2_comp_dir.png
  artifactKey: Guid(803f163e9d7d8ae4a844b99f65d0e1b8) Importer(815301076,1909f56bfc062723c751e8b465ee728b)
Start importing Assets/House/_Creepy_Cat/_Modern_Interior_Kit_Vol_1/Scenes/SampleScene_01/Lightmap-2_comp_dir.png using Guid(803f163e9d7d8ae4a844b99f65d0e1b8) Importer(815301076,1909f56bfc062723c751e8b465ee728b)  -> (artifact id: 'ec7e7ebed8593fdf8f1c5ca78d7605d1') in 0.235329 seconds 
========================================================================
Received Import Request.
  Time since last request: 0.000022 seconds.
  path: Assets/Oculus/SampleFramework/Usage/HandsTrainExample/TrainScene/Lightmap-2_comp_light.exr
  artifactKey: Guid(9274d0f48df8fe24d8a9511be3e92966) Importer(815301076,1909f56bfc062723c751e8b465ee728b)
Start importing Assets/Oculus/SampleFramework/Usage/HandsTrainExample/TrainScene/Lightmap-2_comp_light.exr using Guid(9274d0f48df8fe24d8a9511be3e92966) Importer(815301076,1909f56bfc062723c751e8b465ee728b)  -> (artifact id: 'eb5b5b4dd113129aec64167f02a398f7') in 0.250276 seconds 
========================================================================
Received Import Request.
  Time since last request: 0.000027 seconds.
  path: Assets/House/_Creepy_Cat/_Modern_Interior_Kit_Vol_1/Scenes/SampleScene_01/Lightmap-3_comp_dir.png
  artifactKey: Guid(6b1034f8d8747bf43b0144369ed95a60) Importer(815301076,1909f56bfc062723c751e8b465ee728b)
Start importing Assets/House/_Creepy_Cat/_Modern_Interior_Kit_Vol_1/Scenes/SampleScene_01/Lightmap-3_comp_dir.png using Guid(6b1034f8d8747bf43b0144369ed95a60) Importer(815301076,1909f56bfc062723c751e8b465ee728b)  -> (artifact id: '9876510865426ea25c972e217e8f4c3d') in 0.185495 seconds 
========================================================================
Received Import Request.
  Time since last request: 187.077565 seconds.
  path: Assets/House/neusa-frois/textures/Line001Corona_Diffuse.jpeg
  artifactKey: Guid(a97cd0f8e910846a7872ff23e2de01a6) Importer(815301076,1909f56bfc062723c751e8b465ee728b)
Start importing Assets/House/neusa-frois/textures/Line001Corona_Diffuse.jpeg using Guid(a97cd0f8e910846a7872ff23e2de01a6) Importer(815301076,1909f56bfc062723c751e8b465ee728b)  -> (artifact id: '5e3be03e52dbd7759bee6d5fc7baddb6') in 0.574249 seconds 
========================================================================
Received Import Request.
  Time since last request: 0.000024 seconds.
  path: Assets/House/neusa-frois/textures/Object285Corona_Diffuse.jpeg
  artifactKey: Guid(c7f5bce4864744e7c98ddd23798e2144) Importer(815301076,1909f56bfc062723c751e8b465ee728b)
Start importing Assets/House/neusa-frois/textures/Object285Corona_Diffuse.jpeg using Guid(c7f5bce4864744e7c98ddd23798e2144) Importer(815301076,1909f56bfc062723c751e8b465ee728b)  -> (artifact id: '5197d0346f14396f950e2d52ca1ec69a') in 0.016614 seconds 
========================================================================
Received Import Request.
  Time since last request: 0.000031 seconds.
  path: Assets/House/neusa-frois/textures/Object286Corona_Diffuse.jpeg
  artifactKey: Guid(fd5b44f69b4bb44e1a384589043ea9e1) Importer(815301076,1909f56bfc062723c751e8b465ee728b)
Start importing Assets/House/neusa-frois/textures/Object286Corona_Diffuse.jpeg using Guid(fd5b44f69b4bb44e1a384589043ea9e1) Importer(815301076,1909f56bfc062723c751e8b465ee728b)  -> (artifact id: '18faf935a65e6da46cd45f9ba44dcd9d') in 0.014795 seconds 
Editor requested this worker to shutdown with reason: Scaling down because of idle timeout
AssetImportWorker is now disconnected from the server
Process exiting
Exiting without the bug reporter. Application will terminate with return code 0